{
"contracts/agToken/AgToken.sol":{"l":{"34":83,"35":83,"36":83,"37":81,"48":148,"49":142,"65":5,"66":5,"78":7,"79":5,"90":31,"105":6,"113":105,"126":13,"127":13,"128":7,"129":7},"path":"/Users/pabloveyrat/Documents/Angle/Dev/angle-solidity/contracts/agToken/AgToken.sol","s":{"1":83,"2":83,"3":83,"4":81,"5":148,"6":5,"7":5,"8":7,"9":5,"10":31,"11":6,"12":105,"13":13,"14":13,"15":7,"16":7},"b":{"1":[81,2],"2":[142,6],"3":[7,6]},"f":{"1":83,"2":148,"3":5,"4":7,"5":31,"6":6,"7":105,"8":13},"fnMap":{"1":{"name":"initialize","line":33,"loc":{"start":{"line":29,"column":4},"end":{"line":38,"column":4}}},"2":{"name":"onlyStableMaster","line":47,"loc":{"start":{"line":47,"column":4},"end":{"line":50,"column":4}}},"3":{"name":"burnNoRedeem","line":64,"loc":{"start":{"line":64,"column":4},"end":{"line":67,"column":4}}},"4":{"name":"burnFromNoRedeem","line":73,"loc":{"start":{"line":73,"column":4},"end":{"line":80,"column":4}}},"5":{"name":"burnSelf","line":89,"loc":{"start":{"line":89,"column":4},"end":{"line":91,"column":4}}},"6":{"name":"burnFrom","line":104,"loc":{"start":{"line":100,"column":4},"end":{"line":106,"column":4}}},"7":{"name":"mint","line":112,"loc":{"start":{"line":112,"column":4},"end":{"line":114,"column":4}}},"8":{"name":"_burnFromNoRedeem","line":121,"loc":{"start":{"line":121,"column":4},"end":{"line":130,"column":4}}}},"statementMap":{"1":{"start":{"line":34,"column":8},"end":{"line":34,"column":32}},"2":{"start":{"line":35,"column":8},"end":{"line":35,"column":35}},"3":{"start":{"line":36,"column":8},"end":{"line":36,"column":48}},"4":{"start":{"line":37,"column":8},"end":{"line":37,"column":35}},"5":{"start":{"line":48,"column":8},"end":{"line":48,"column":47}},"6":{"start":{"line":65,"column":8},"end":{"line":65,"column":32}},"7":{"start":{"line":66,"column":8},"end":{"line":66,"column":73}},"8":{"start":{"line":78,"column":8},"end":{"line":78,"column":53}},"9":{"start":{"line":79,"column":8},"end":{"line":79,"column":73}},"10":{"start":{"line":90,"column":8},"end":{"line":90,"column":28}},"11":{"start":{"line":105,"column":8},"end":{"line":105,"column":48}},"12":{"start":{"line":113,"column":8},"end":{"line":113,"column":29}},"13":{"start":{"line":126,"column":8},"end":{"line":126,"column":60}},"14":{"start":{"line":127,"column":8},"end":{"line":127,"column":48}},"15":{"start":{"line":128,"column":8},"end":{"line":128,"column":58}},"16":{"start":{"line":129,"column":8},"end":{"line":129,"column":28}}},"branchMap":{"1":{"line":36,"type":"if","locations":[{"start":{"line":36,"column":8},"end":{"line":36,"column":8}},{"start":{"line":36,"column":8},"end":{"line":36,"column":8}}]},"2":{"line":48,"type":"if","locations":[{"start":{"line":48,"column":8},"end":{"line":48,"column":8}},{"start":{"line":48,"column":8},"end":{"line":48,"column":8}}]},"3":{"line":127,"type":"if","locations":[{"start":{"line":127,"column":8},"end":{"line":127,"column":8}},{"start":{"line":127,"column":8},"end":{"line":127,"column":8}}]}}},
"contracts/bondingCurve/BondingCurve.sol":{"l":{"60":17,"65":15,"82":7,"84":3,"85":3,"86":1,"87":1,"89":1,"90":1,"91":1,"93":1,"94":1,"96":1,"112":12,"115":10,"117":8,"119":8,"120":5,"124":3,"125":3,"128":3,"130":8,"133":4,"135":2,"137":2,"140":2,"151":2,"152":1,"154":1,"159":1,"166":5,"184":7,"186":4,"188":2,"190":3,"192":3,"206":3,"207":1,"208":1,"225":12,"226":10,"230":8,"231":6,"233":4,"234":2,"237":4,"239":4,"248":4,"249":2,"251":2,"258":7,"271":4,"272":2,"273":2,"275":4,"277":4,"282":1,"287":3,"297":9,"298":7,"299":5,"301":5,"306":18,"316":15,"317":15,"325":12,"326":12,"327":12},"path":"/Users/pabloveyrat/Documents/Angle/Dev/angle-solidity/contracts/bondingCurve/BondingCurve.sol","s":{"1":17,"2":7,"3":3,"4":3,"5":1,"6":1,"7":1,"8":1,"9":1,"10":1,"11":1,"12":1,"13":12,"14":10,"15":8,"16":8,"17":5,"18":3,"19":3,"20":3,"21":8,"22":4,"23":2,"24":2,"25":2,"26":2,"27":1,"28":1,"29":1,"30":5,"31":7,"32":4,"33":2,"34":3,"35":3,"36":3,"37":1,"38":1,"39":12,"40":10,"41":8,"42":6,"43":4,"44":2,"45":4,"46":4,"47":4,"48":2,"49":2,"50":7,"51":4,"52":2,"53":2,"54":4,"55":1,"56":3,"57":9,"58":7,"59":5,"60":5,"61":18,"62":15,"63":15,"64":12,"65":12,"66":12},"b":{"1":[15,2],"2":[3,4],"3":[1,2],"4":[10,2],"5":[5,3],"6":[4,4],"7":[1,1],"8":[4,3],"9":[1,2],"10":[10,2],"11":[8,2],"12":[6,2],"13":[4,2],"14":[2,2],"15":[2,2],"16":[2,2],"17":[7,2],"18":[5,2],"19":[12,3]},"f":{"1":17,"2":7,"3":12,"4":2,"5":1,"6":5,"7":7,"8":3,"9":12,"10":4,"11":7,"12":4,"13":1,"14":3,"15":9,"16":18,"17":15},"fnMap":{"1":{"name":"isValid","line":59,"loc":{"start":{"line":59,"column":4},"end":{"line":66,"column":4}}},"2":{"name":"constructor","line":76,"loc":{"start":{"line":76,"column":4},"end":{"line":97,"column":4}}},"3":{"name":"buySoldToken","line":111,"loc":{"start":{"line":107,"column":4},"end":{"line":141,"column":4}}},"4":{"name":"getCurrentPrice","line":150,"loc":{"start":{"line":150,"column":4},"end":{"line":155,"column":4}}},"5":{"name":"getQuantityLeftToSell","line":158,"loc":{"start":{"line":158,"column":4},"end":{"line":160,"column":4}}},"6":{"name":"computePriceFromQuantity","line":165,"loc":{"start":{"line":165,"column":4},"end":{"line":167,"column":4}}},"7":{"name":"recoverERC20","line":183,"loc":{"start":{"line":179,"column":4},"end":{"line":193,"column":4}}},"8":{"name":"changeOracle","line":204,"loc":{"start":{"line":200,"column":4},"end":{"line":209,"column":4}}},"9":{"name":"allowNewStablecoin","line":224,"loc":{"start":{"line":220,"column":4},"end":{"line":240,"column":4}}},"10":{"name":"changeStartPrice","line":247,"loc":{"start":{"line":247,"column":4},"end":{"line":252,"column":4}}},"11":{"name":"changeTokensToSell","line":257,"loc":{"start":{"line":257,"column":4},"end":{"line":259,"column":4}}},"12":{"name":"revokeStablecoin","line":270,"loc":{"start":{"line":270,"column":4},"end":{"line":278,"column":4}}},"13":{"name":"pause","line":281,"loc":{"start":{"line":281,"column":4},"end":{"line":283,"column":4}}},"14":{"name":"unpause","line":286,"loc":{"start":{"line":286,"column":4},"end":{"line":288,"column":4}}},"15":{"name":"_changeTokensToSell","line":296,"loc":{"start":{"line":296,"column":4},"end":{"line":302,"column":4}}},"16":{"name":"_getQuantityLeftToSell","line":305,"loc":{"start":{"line":305,"column":4},"end":{"line":307,"column":4}}},"17":{"name":"_computePriceFromQuantity","line":315,"loc":{"start":{"line":315,"column":4},"end":{"line":328,"column":4}}}},"statementMap":{"1":{"start":{"line":60,"column":8},"end":{"line":60,"column":2847}},"2":{"start":{"line":82,"column":8},"end":{"line":82,"column":80}},"3":{"start":{"line":84,"column":8},"end":{"line":84,"column":3829}},"4":{"start":{"line":85,"column":12},"end":{"line":85,"column":54}},"5":{"start":{"line":86,"column":12},"end":{"line":86,"column":53}},"6":{"start":{"line":87,"column":12},"end":{"line":87,"column":53}},"7":{"start":{"line":89,"column":8},"end":{"line":89,"column":42}},"8":{"start":{"line":90,"column":8},"end":{"line":90,"column":50}},"9":{"start":{"line":91,"column":8},"end":{"line":91,"column":50}},"10":{"start":{"line":93,"column":8},"end":{"line":93,"column":31}},"11":{"start":{"line":94,"column":8},"end":{"line":94,"column":29}},"12":{"start":{"line":96,"column":8},"end":{"line":96,"column":62}},"13":{"start":{"line":112,"column":8},"end":{"line":112,"column":48}},"14":{"start":{"line":115,"column":8},"end":{"line":115,"column":91}},"15":{"start":{"line":117,"column":8},"end":{"line":117,"column":36}},"16":{"start":{"line":119,"column":8},"end":{"line":119,"column":5504}},"17":{"start":{"line":120,"column":12},"end":{"line":120,"column":56}},"18":{"start":{"line":124,"column":12},"end":{"line":124,"column":57}},"19":{"start":{"line":125,"column":12},"end":{"line":125,"column":52}},"20":{"start":{"line":128,"column":12},"end":{"line":128,"column":86}},"21":{"start":{"line":130,"column":8},"end":{"line":130,"column":97}},"22":{"start":{"line":133,"column":8},"end":{"line":133,"column":77}},"23":{"start":{"line":135,"column":8},"end":{"line":135,"column":88}},"24":{"start":{"line":137,"column":8},"end":{"line":137,"column":44}},"25":{"start":{"line":140,"column":8},"end":{"line":140,"column":66}},"26":{"start":{"line":151,"column":8},"end":{"line":151,"column":7235}},"27":{"start":{"line":152,"column":12},"end":{"line":152,"column":20}},"28":{"start":{"line":154,"column":8},"end":{"line":154,"column":90}},"29":{"start":{"line":159,"column":8},"end":{"line":159,"column":39}},"30":{"start":{"line":166,"column":8},"end":{"line":166,"column":56}},"31":{"start":{"line":184,"column":8},"end":{"line":184,"column":8741}},"32":{"start":{"line":186,"column":12},"end":{"line":186,"column":67}},"33":{"start":{"line":188,"column":12},"end":{"line":188,"column":54}},"34":{"start":{"line":190,"column":12},"end":{"line":190,"column":65}},"35":{"start":{"line":192,"column":8},"end":{"line":192,"column":57}},"36":{"start":{"line":206,"column":8},"end":{"line":206,"column":54}},"37":{"start":{"line":207,"column":8},"end":{"line":207,"column":45}},"38":{"start":{"line":208,"column":8},"end":{"line":208,"column":104}},"39":{"start":{"line":225,"column":8},"end":{"line":225,"column":63}},"40":{"start":{"line":226,"column":8},"end":{"line":226,"column":53}},"41":{"start":{"line":230,"column":8},"end":{"line":230,"column":74}},"42":{"start":{"line":231,"column":8},"end":{"line":231,"column":77}},"43":{"start":{"line":233,"column":8},"end":{"line":233,"column":11396}},"44":{"start":{"line":234,"column":12},"end":{"line":234,"column":44}},"45":{"start":{"line":237,"column":8},"end":{"line":237,"column":45}},"46":{"start":{"line":239,"column":8},"end":{"line":239,"column":89}},"47":{"start":{"line":248,"column":8},"end":{"line":248,"column":37}},"48":{"start":{"line":249,"column":8},"end":{"line":249,"column":31}},"49":{"start":{"line":251,"column":8},"end":{"line":251,"column":43}},"50":{"start":{"line":258,"column":8},"end":{"line":258,"column":46}},"51":{"start":{"line":271,"column":8},"end":{"line":271,"column":13429}},"52":{"start":{"line":272,"column":12},"end":{"line":272,"column":37}},"53":{"start":{"line":273,"column":12},"end":{"line":273,"column":19}},"54":{"start":{"line":277,"column":8},"end":{"line":277,"column":49}},"55":{"start":{"line":282,"column":8},"end":{"line":282,"column":15}},"56":{"start":{"line":287,"column":8},"end":{"line":287,"column":17}},"57":{"start":{"line":297,"column":8},"end":{"line":297,"column":53}},"58":{"start":{"line":298,"column":8},"end":{"line":298,"column":91}},"59":{"start":{"line":299,"column":8},"end":{"line":299,"column":45}},"60":{"start":{"line":301,"column":8},"end":{"line":301,"column":52}},"61":{"start":{"line":306,"column":8},"end":{"line":306,"column":45}},"62":{"start":{"line":316,"column":8},"end":{"line":316,"column":53}},"63":{"start":{"line":317,"column":8},"end":{"line":317,"column":49}},"64":{"start":{"line":325,"column":8},"end":{"line":325,"column":50}},"65":{"start":{"line":326,"column":8},"end":{"line":326,"column":49}},"66":{"start":{"line":327,"column":8},"end":{"line":327,"column":71}}},"branchMap":{"1":{"line":60,"type":"if","locations":[{"start":{"line":60,"column":8},"end":{"line":60,"column":8}},{"start":{"line":60,"column":8},"end":{"line":60,"column":8}}]},"2":{"line":82,"type":"if","locations":[{"start":{"line":82,"column":8},"end":{"line":82,"column":8}},{"start":{"line":82,"column":8},"end":{"line":82,"column":8}}]},"3":{"line":85,"type":"if","locations":[{"start":{"line":85,"column":12},"end":{"line":85,"column":12}},{"start":{"line":85,"column":12},"end":{"line":85,"column":12}}]},"4":{"line":112,"type":"if","locations":[{"start":{"line":112,"column":8},"end":{"line":112,"column":8}},{"start":{"line":112,"column":8},"end":{"line":112,"column":8}}]},"5":{"line":119,"type":"if","locations":[{"start":{"line":119,"column":8},"end":{"line":119,"column":8}},{"start":{"line":119,"column":8},"end":{"line":119,"column":8}}]},"6":{"line":130,"type":"if","locations":[{"start":{"line":130,"column":8},"end":{"line":130,"column":8}},{"start":{"line":130,"column":8},"end":{"line":130,"column":8}}]},"7":{"line":151,"type":"if","locations":[{"start":{"line":151,"column":8},"end":{"line":151,"column":8}},{"start":{"line":151,"column":8},"end":{"line":151,"column":8}}]},"8":{"line":184,"type":"if","locations":[{"start":{"line":184,"column":8},"end":{"line":184,"column":8}},{"start":{"line":184,"column":8},"end":{"line":184,"column":8}}]},"9":{"line":206,"type":"if","locations":[{"start":{"line":206,"column":8},"end":{"line":206,"column":8}},{"start":{"line":206,"column":8},"end":{"line":206,"column":8}}]},"10":{"line":225,"type":"if","locations":[{"start":{"line":225,"column":8},"end":{"line":225,"column":8}},{"start":{"line":225,"column":8},"end":{"line":225,"column":8}}]},"11":{"line":226,"type":"if","locations":[{"start":{"line":226,"column":8},"end":{"line":226,"column":8}},{"start":{"line":226,"column":8},"end":{"line":226,"column":8}}]},"12":{"line":230,"type":"if","locations":[{"start":{"line":230,"column":8},"end":{"line":230,"column":8}},{"start":{"line":230,"column":8},"end":{"line":230,"column":8}}]},"13":{"line":231,"type":"if","locations":[{"start":{"line":231,"column":8},"end":{"line":231,"column":8}},{"start":{"line":231,"column":8},"end":{"line":231,"column":8}}]},"14":{"line":233,"type":"if","locations":[{"start":{"line":233,"column":8},"end":{"line":233,"column":8}},{"start":{"line":233,"column":8},"end":{"line":233,"column":8}}]},"15":{"line":248,"type":"if","locations":[{"start":{"line":248,"column":8},"end":{"line":248,"column":8}},{"start":{"line":248,"column":8},"end":{"line":248,"column":8}}]},"16":{"line":271,"type":"if","locations":[{"start":{"line":271,"column":8},"end":{"line":271,"column":8}},{"start":{"line":271,"column":8},"end":{"line":271,"column":8}}]},"17":{"line":297,"type":"if","locations":[{"start":{"line":297,"column":8},"end":{"line":297,"column":8}},{"start":{"line":297,"column":8},"end":{"line":297,"column":8}}]},"18":{"line":298,"type":"if","locations":[{"start":{"line":298,"column":8},"end":{"line":298,"column":8}},{"start":{"line":298,"column":8},"end":{"line":298,"column":8}}]},"19":{"line":317,"type":"if","locations":[{"start":{"line":317,"column":8},"end":{"line":317,"column":8}},{"start":{"line":317,"column":8},"end":{"line":317,"column":8}}]}}},
"contracts/collateralSettler/CollateralSettlerVeANGLE.sol":{"l":{"161":56,"165":44,"173":20,"174":12,"190":18,"192":16,"193":16,"194":16,"195":16,"197":16,"198":16,"199":16,"200":16,"201":16,"202":16,"203":16,"206":16,"207":30,"208":28,"210":28,"212":14,"213":14,"214":14,"216":14,"240":18,"241":16,"242":14,"243":14,"244":14,"245":14,"246":14,"247":14,"258":13,"259":11,"262":9,"263":9,"264":9,"267":5,"268":5,"269":5,"270":5,"271":5,"272":5,"276":9,"277":9,"278":9,"290":13,"293":11,"294":11,"296":7,"298":7,"303":7,"305":6,"316":8,"317":6,"319":6,"321":6,"332":12,"334":8,"335":6,"337":6,"341":6,"342":6,"343":6,"344":5,"345":5,"347":1,"348":1,"351":6,"352":4,"353":4,"355":2,"356":2,"360":6,"361":3,"362":3,"364":3,"365":3,"368":6,"369":2,"370":2,"372":4,"373":4,"376":6,"391":2,"400":2,"401":2,"402":2,"403":2,"404":2,"405":1,"416":4,"417":2,"419":2,"434":8,"435":5,"436":1,"437":1,"439":3,"441":2,"454":16,"455":14,"456":14,"457":14,"462":2,"467":2,"481":12,"482":12,"483":6,"484":6,"485":6,"486":6,"487":6,"488":6,"490":12,"491":12,"492":12},"path":"/Users/pabloveyrat/Documents/Angle/Dev/angle-solidity/contracts/collateralSettler/CollateralSettlerVeANGLE.sol","s":{"1":56,"2":20,"3":18,"4":16,"5":16,"6":16,"7":16,"8":16,"9":16,"10":16,"11":16,"12":16,"13":16,"14":16,"15":16,"16":30,"17":28,"18":28,"19":14,"20":14,"21":14,"22":14,"23":18,"24":16,"25":14,"26":14,"27":14,"28":14,"29":14,"30":14,"31":13,"32":11,"33":9,"34":9,"35":9,"36":5,"37":5,"38":5,"39":5,"40":5,"41":5,"42":9,"43":9,"44":9,"45":13,"46":11,"47":11,"48":7,"49":7,"50":7,"51":6,"52":8,"53":6,"54":6,"55":6,"56":12,"57":8,"58":6,"59":6,"60":6,"61":6,"62":6,"63":5,"64":5,"65":1,"66":1,"67":6,"68":4,"69":4,"70":2,"71":2,"72":6,"73":3,"74":3,"75":3,"76":3,"77":6,"78":2,"79":2,"80":4,"81":4,"82":6,"83":2,"84":2,"85":1,"86":4,"87":2,"88":2,"89":8,"90":5,"91":1,"92":1,"93":3,"94":2,"95":16,"96":14,"97":14,"98":14,"99":2,"100":2,"101":12,"102":12,"103":6,"104":6,"105":6,"106":6,"107":6,"108":6,"109":12,"110":12,"111":12},"b":{"1":[44,12],"2":[12,8],"3":[16,2],"4":[28,2],"5":[16,2],"6":[14,2],"7":[11,2],"8":[9,2],"9":[5,4],"10":[11,2],"11":[7,4],"12":[6,1],"13":[6,2],"14":[8,4],"15":[6,2],"16":[5,1],"17":[4,2],"18":[3,3],"19":[2,4],"20":[1,1],"21":[2,2],"22":[5,3],"23":[1,4],"24":[14,2],"25":[6,6]},"f":{"1":56,"2":20,"3":18,"4":18,"5":13,"6":13,"7":8,"8":12,"9":2,"10":4,"11":8,"12":16,"13":2,"14":2,"15":12},"fnMap":{"1":{"name":"onlyClaimPeriod","line":160,"loc":{"start":{"line":160,"column":4},"end":{"line":166,"column":4}}},"2":{"name":"onlyBaseAmountsComputed","line":172,"loc":{"start":{"line":172,"column":4},"end":{"line":175,"column":4}}},"3":{"name":"constructor","line":184,"loc":{"start":{"line":184,"column":4},"end":{"line":217,"column":4}}},"4":{"name":"triggerSettlement","line":239,"loc":{"start":{"line":235,"column":4},"end":{"line":248,"column":4}}},"5":{"name":"claimUser","line":257,"loc":{"start":{"line":257,"column":4},"end":{"line":279,"column":4}}},"6":{"name":"claimHA","line":289,"loc":{"start":{"line":289,"column":4},"end":{"line":307,"column":4}}},"7":{"name":"claimSLP","line":315,"loc":{"start":{"line":315,"column":4},"end":{"line":322,"column":4}}},"8":{"name":"setAmountToRedistributeEach","line":330,"loc":{"start":{"line":330,"column":4},"end":{"line":383,"column":4}}},"9":{"name":"redeemCollateral","line":389,"loc":{"start":{"line":389,"column":4},"end":{"line":407,"column":4}}},"10":{"name":"setAmountToRedistribute","line":415,"loc":{"start":{"line":415,"column":4},"end":{"line":420,"column":4}}},"11":{"name":"recoverERC20","line":433,"loc":{"start":{"line":429,"column":4},"end":{"line":442,"column":4}}},"12":{"name":"setProportionalRatioGov","line":452,"loc":{"start":{"line":450,"column":4},"end":{"line":458,"column":4}}},"13":{"name":"pause","line":461,"loc":{"start":{"line":461,"column":4},"end":{"line":463,"column":4}}},"14":{"name":"unpause","line":466,"loc":{"start":{"line":466,"column":4},"end":{"line":468,"column":4}}},"15":{"name":"_treatLPClaim","line":480,"loc":{"start":{"line":480,"column":4},"end":{"line":493,"column":4}}}},"statementMap":{"1":{"start":{"line":161,"column":8},"end":{"line":161,"column":7889}},"2":{"start":{"line":173,"column":8},"end":{"line":173,"column":51}},"3":{"start":{"line":190,"column":8},"end":{"line":190,"column":52}},"4":{"start":{"line":192,"column":8},"end":{"line":192,"column":33}},"5":{"start":{"line":193,"column":8},"end":{"line":193,"column":81}},"6":{"start":{"line":194,"column":8},"end":{"line":194,"column":58}},"7":{"start":{"line":195,"column":8},"end":{"line":195,"column":9514}},"8":{"start":{"line":197,"column":8},"end":{"line":197,"column":27}},"9":{"start":{"line":198,"column":8},"end":{"line":198,"column":31}},"10":{"start":{"line":199,"column":8},"end":{"line":199,"column":23}},"11":{"start":{"line":200,"column":8},"end":{"line":200,"column":64}},"12":{"start":{"line":201,"column":8},"end":{"line":201,"column":53}},"13":{"start":{"line":202,"column":8},"end":{"line":202,"column":25}},"14":{"start":{"line":203,"column":8},"end":{"line":203,"column":29}},"15":{"start":{"line":206,"column":8},"end":{"line":206,"column":9934}},"16":{"start":{"line":207,"column":12},"end":{"line":207,"column":54}},"17":{"start":{"line":208,"column":12},"end":{"line":208,"column":53}},"18":{"start":{"line":210,"column":12},"end":{"line":210,"column":57}},"19":{"start":{"line":212,"column":8},"end":{"line":212,"column":50}},"20":{"start":{"line":213,"column":8},"end":{"line":213,"column":50}},"21":{"start":{"line":214,"column":8},"end":{"line":214,"column":54}},"22":{"start":{"line":216,"column":8},"end":{"line":216,"column":87}},"23":{"start":{"line":240,"column":8},"end":{"line":240,"column":41}},"24":{"start":{"line":241,"column":8},"end":{"line":241,"column":82}},"25":{"start":{"line":242,"column":8},"end":{"line":242,"column":35}},"26":{"start":{"line":243,"column":8},"end":{"line":243,"column":25}},"27":{"start":{"line":244,"column":8},"end":{"line":244,"column":45}},"28":{"start":{"line":245,"column":8},"end":{"line":245,"column":39}},"29":{"start":{"line":246,"column":8},"end":{"line":246,"column":70}},"30":{"start":{"line":247,"column":8},"end":{"line":247,"column":54}},"31":{"start":{"line":258,"column":8},"end":{"line":258,"column":39}},"32":{"start":{"line":259,"column":8},"end":{"line":259,"column":117}},"33":{"start":{"line":262,"column":8},"end":{"line":262,"column":69}},"34":{"start":{"line":263,"column":8},"end":{"line":263,"column":62}},"35":{"start":{"line":264,"column":8},"end":{"line":264,"column":13610}},"36":{"start":{"line":267,"column":12},"end":{"line":267,"column":96}},"37":{"start":{"line":268,"column":12},"end":{"line":268,"column":97}},"38":{"start":{"line":269,"column":12},"end":{"line":269,"column":44}},"39":{"start":{"line":270,"column":12},"end":{"line":270,"column":59}},"40":{"start":{"line":271,"column":12},"end":{"line":271,"column":63}},"41":{"start":{"line":272,"column":12},"end":{"line":272,"column":70}},"42":{"start":{"line":276,"column":8},"end":{"line":276,"column":45}},"43":{"start":{"line":277,"column":8},"end":{"line":277,"column":49}},"44":{"start":{"line":278,"column":8},"end":{"line":278,"column":56}},"45":{"start":{"line":290,"column":8},"end":{"line":290,"column":81}},"46":{"start":{"line":293,"column":8},"end":{"line":293,"column":60}},"47":{"start":{"line":294,"column":8},"end":{"line":294,"column":52}},"48":{"start":{"line":296,"column":8},"end":{"line":296,"column":36}},"49":{"start":{"line":298,"column":8},"end":{"line":298,"column":15655}},"50":{"start":{"line":303,"column":8},"end":{"line":303,"column":15907}},"51":{"start":{"line":305,"column":12},"end":{"line":305,"column":41}},"52":{"start":{"line":316,"column":8},"end":{"line":316,"column":39}},"53":{"start":{"line":317,"column":8},"end":{"line":317,"column":71}},"54":{"start":{"line":319,"column":8},"end":{"line":319,"column":68}},"55":{"start":{"line":321,"column":8},"end":{"line":321,"column":37}},"56":{"start":{"line":332,"column":8},"end":{"line":332,"column":89}},"57":{"start":{"line":334,"column":8},"end":{"line":334,"column":51}},"58":{"start":{"line":335,"column":8},"end":{"line":335,"column":35}},"59":{"start":{"line":337,"column":8},"end":{"line":337,"column":44}},"60":{"start":{"line":341,"column":8},"end":{"line":341,"column":112}},"61":{"start":{"line":342,"column":8},"end":{"line":342,"column":98}},"62":{"start":{"line":343,"column":8},"end":{"line":343,"column":18416}},"63":{"start":{"line":344,"column":12},"end":{"line":344,"column":52}},"64":{"start":{"line":345,"column":12},"end":{"line":345,"column":66}},"65":{"start":{"line":347,"column":12},"end":{"line":347,"column":111}},"66":{"start":{"line":348,"column":12},"end":{"line":348,"column":35}},"67":{"start":{"line":351,"column":8},"end":{"line":351,"column":18902}},"68":{"start":{"line":352,"column":12},"end":{"line":352,"column":49}},"69":{"start":{"line":353,"column":12},"end":{"line":353,"column":59}},"70":{"start":{"line":355,"column":12},"end":{"line":355,"column":101}},"71":{"start":{"line":356,"column":12},"end":{"line":356,"column":35}},"72":{"start":{"line":360,"column":8},"end":{"line":360,"column":19417}},"73":{"start":{"line":361,"column":12},"end":{"line":361,"column":50}},"74":{"start":{"line":362,"column":12},"end":{"line":362,"column":61}},"75":{"start":{"line":364,"column":12},"end":{"line":364,"column":104}},"76":{"start":{"line":365,"column":12},"end":{"line":365,"column":35}},"77":{"start":{"line":368,"column":8},"end":{"line":368,"column":19831}},"78":{"start":{"line":369,"column":12},"end":{"line":369,"column":47}},"79":{"start":{"line":370,"column":12},"end":{"line":370,"column":54}},"80":{"start":{"line":372,"column":12},"end":{"line":372,"column":94}},"81":{"start":{"line":373,"column":12},"end":{"line":373,"column":35}},"82":{"start":{"line":376,"column":8},"end":{"line":376,"column":20160}},"83":{"start":{"line":391,"column":8},"end":{"line":391,"column":20910}},"84":{"start":{"line":404,"column":8},"end":{"line":404,"column":21545}},"85":{"start":{"line":405,"column":12},"end":{"line":405,"column":59}},"86":{"start":{"line":416,"column":8},"end":{"line":416,"column":89}},"87":{"start":{"line":417,"column":8},"end":{"line":417,"column":53}},"88":{"start":{"line":419,"column":8},"end":{"line":419,"column":60}},"89":{"start":{"line":434,"column":8},"end":{"line":434,"column":23098}},"90":{"start":{"line":435,"column":12},"end":{"line":435,"column":65}},"91":{"start":{"line":436,"column":12},"end":{"line":436,"column":50}},"92":{"start":{"line":437,"column":12},"end":{"line":437,"column":60}},"93":{"start":{"line":439,"column":12},"end":{"line":439,"column":65}},"94":{"start":{"line":441,"column":8},"end":{"line":441,"column":57}},"95":{"start":{"line":454,"column":8},"end":{"line":454,"column":41}},"96":{"start":{"line":455,"column":8},"end":{"line":455,"column":59}},"97":{"start":{"line":456,"column":8},"end":{"line":456,"column":55}},"98":{"start":{"line":457,"column":8},"end":{"line":457,"column":90}},"99":{"start":{"line":462,"column":8},"end":{"line":462,"column":15}},"100":{"start":{"line":467,"column":8},"end":{"line":467,"column":17}},"101":{"start":{"line":481,"column":8},"end":{"line":481,"column":62}},"102":{"start":{"line":482,"column":8},"end":{"line":482,"column":25494}},"103":{"start":{"line":483,"column":12},"end":{"line":483,"column":90}},"104":{"start":{"line":484,"column":12},"end":{"line":484,"column":77}},"105":{"start":{"line":485,"column":12},"end":{"line":485,"column":36}},"106":{"start":{"line":486,"column":12},"end":{"line":486,"column":53}},"107":{"start":{"line":487,"column":12},"end":{"line":487,"column":57}},"108":{"start":{"line":488,"column":12},"end":{"line":488,"column":58}},"109":{"start":{"line":490,"column":8},"end":{"line":490,"column":39}},"110":{"start":{"line":491,"column":8},"end":{"line":491,"column":43}},"111":{"start":{"line":492,"column":8},"end":{"line":492,"column":44}}},"branchMap":{"1":{"line":161,"type":"if","locations":[{"start":{"line":161,"column":8},"end":{"line":161,"column":8}},{"start":{"line":161,"column":8},"end":{"line":161,"column":8}}]},"2":{"line":173,"type":"if","locations":[{"start":{"line":173,"column":8},"end":{"line":173,"column":8}},{"start":{"line":173,"column":8},"end":{"line":173,"column":8}}]},"3":{"line":190,"type":"if","locations":[{"start":{"line":190,"column":8},"end":{"line":190,"column":8}},{"start":{"line":190,"column":8},"end":{"line":190,"column":8}}]},"4":{"line":207,"type":"if","locations":[{"start":{"line":207,"column":12},"end":{"line":207,"column":12}},{"start":{"line":207,"column":12},"end":{"line":207,"column":12}}]},"5":{"line":240,"type":"if","locations":[{"start":{"line":240,"column":8},"end":{"line":240,"column":8}},{"start":{"line":240,"column":8},"end":{"line":240,"column":8}}]},"6":{"line":241,"type":"if","locations":[{"start":{"line":241,"column":8},"end":{"line":241,"column":8}},{"start":{"line":241,"column":8},"end":{"line":241,"column":8}}]},"7":{"line":258,"type":"if","locations":[{"start":{"line":258,"column":8},"end":{"line":258,"column":8}},{"start":{"line":258,"column":8},"end":{"line":258,"column":8}}]},"8":{"line":259,"type":"if","locations":[{"start":{"line":259,"column":8},"end":{"line":259,"column":8}},{"start":{"line":259,"column":8},"end":{"line":259,"column":8}}]},"9":{"line":264,"type":"if","locations":[{"start":{"line":264,"column":8},"end":{"line":264,"column":8}},{"start":{"line":264,"column":8},"end":{"line":264,"column":8}}]},"10":{"line":290,"type":"if","locations":[{"start":{"line":290,"column":8},"end":{"line":290,"column":8}},{"start":{"line":290,"column":8},"end":{"line":290,"column":8}}]},"11":{"line":294,"type":"if","locations":[{"start":{"line":294,"column":8},"end":{"line":294,"column":8}},{"start":{"line":294,"column":8},"end":{"line":294,"column":8}}]},"12":{"line":303,"type":"if","locations":[{"start":{"line":303,"column":8},"end":{"line":303,"column":8}},{"start":{"line":303,"column":8},"end":{"line":303,"column":8}}]},"13":{"line":316,"type":"if","locations":[{"start":{"line":316,"column":8},"end":{"line":316,"column":8}},{"start":{"line":316,"column":8},"end":{"line":316,"column":8}}]},"14":{"line":332,"type":"if","locations":[{"start":{"line":332,"column":8},"end":{"line":332,"column":8}},{"start":{"line":332,"column":8},"end":{"line":332,"column":8}}]},"15":{"line":334,"type":"if","locations":[{"start":{"line":334,"column":8},"end":{"line":334,"column":8}},{"start":{"line":334,"column":8},"end":{"line":334,"column":8}}]},"16":{"line":343,"type":"if","locations":[{"start":{"line":343,"column":8},"end":{"line":343,"column":8}},{"start":{"line":343,"column":8},"end":{"line":343,"column":8}}]},"17":{"line":351,"type":"if","locations":[{"start":{"line":351,"column":8},"end":{"line":351,"column":8}},{"start":{"line":351,"column":8},"end":{"line":351,"column":8}}]},"18":{"line":360,"type":"if","locations":[{"start":{"line":360,"column":8},"end":{"line":360,"column":8}},{"start":{"line":360,"column":8},"end":{"line":360,"column":8}}]},"19":{"line":368,"type":"if","locations":[{"start":{"line":368,"column":8},"end":{"line":368,"column":8}},{"start":{"line":368,"column":8},"end":{"line":368,"column":8}}]},"20":{"line":404,"type":"if","locations":[{"start":{"line":404,"column":8},"end":{"line":404,"column":8}},{"start":{"line":404,"column":8},"end":{"line":404,"column":8}}]},"21":{"line":416,"type":"if","locations":[{"start":{"line":416,"column":8},"end":{"line":416,"column":8}},{"start":{"line":416,"column":8},"end":{"line":416,"column":8}}]},"22":{"line":434,"type":"if","locations":[{"start":{"line":434,"column":8},"end":{"line":434,"column":8}},{"start":{"line":434,"column":8},"end":{"line":434,"column":8}}]},"23":{"line":435,"type":"if","locations":[{"start":{"line":435,"column":12},"end":{"line":435,"column":12}},{"start":{"line":435,"column":12},"end":{"line":435,"column":12}}]},"24":{"line":454,"type":"if","locations":[{"start":{"line":454,"column":8},"end":{"line":454,"column":8}},{"start":{"line":454,"column":8},"end":{"line":454,"column":8}}]},"25":{"line":482,"type":"if","locations":[{"start":{"line":482,"column":8},"end":{"line":482,"column":8}},{"start":{"line":482,"column":8},"end":{"line":482,"column":8}}]}}},
"contracts/core/Core.sol":{"l":{"36":141,"37":131,"44":19,"45":15,"51":126,"52":120,"62":102,"63":98,"64":96,"65":96,"66":96,"68":96,"69":96,"82":15,"83":13,"86":11,"87":11,"88":11,"89":11,"90":11,"94":7,"95":7,"96":9,"97":2,"98":2,"101":7,"103":7,"104":4,"105":4,"109":7,"111":1,"112":1,"114":1,"126":83,"128":83,"131":81,"134":81,"136":81,"138":81,"148":11,"150":11,"151":9,"152":9,"153":2,"154":1,"155":1,"156":1,"159":9,"160":5,"162":5,"176":10,"177":8,"178":8,"181":8,"184":8,"187":8,"195":8,"196":8,"199":6,"200":6,"201":6,"202":2,"203":2,"204":2,"207":6,"208":4,"210":4,"212":4,"215":4,"218":4,"229":12,"230":10,"231":8,"232":8,"233":8,"234":7,"236":8,"243":1,"244":1,"245":1,"246":1,"248":1,"258":118,"265":2},"path":"/Users/pabloveyrat/Documents/Angle/Dev/angle-solidity/contracts/core/Core.sol","s":{"1":141,"2":19,"3":126,"4":102,"5":98,"6":96,"7":96,"8":96,"9":96,"10":96,"11":15,"12":13,"13":11,"14":11,"15":11,"16":11,"17":11,"18":7,"19":7,"20":9,"21":2,"22":7,"23":7,"24":4,"25":7,"26":1,"27":1,"28":1,"29":83,"30":83,"31":81,"32":81,"33":81,"34":81,"35":11,"36":11,"37":9,"38":9,"39":2,"40":1,"41":1,"42":9,"43":5,"44":5,"45":10,"46":8,"47":8,"48":8,"49":8,"50":8,"51":8,"52":8,"53":6,"54":6,"55":6,"56":2,"57":2,"58":6,"59":4,"60":4,"61":4,"62":4,"63":12,"64":10,"65":8,"66":8,"67":8,"68":7,"69":8,"70":1,"71":1,"72":1,"73":1,"74":1,"75":118,"76":2},"b":{"1":[131,10],"2":[15,4],"3":[120,6],"4":[98,4],"5":[96,2],"6":[13,2],"7":[11,2],"8":[7,4],"9":[2,7],"10":[4,3],"11":[1,6],"12":[81,2],"13":[9,2],"14":[1,1],"15":[5,4],"16":[8,2],"17":[6,2],"18":[2,4],"19":[4,2],"20":[10,2],"21":[8,2]},"f":{"1":141,"2":19,"3":126,"4":102,"5":15,"6":83,"7":11,"8":10,"9":8,"10":12,"11":1,"12":118,"13":2},"fnMap":{"1":{"name":"onlyGovernor","line":35,"loc":{"start":{"line":35,"column":4},"end":{"line":38,"column":4}}},"2":{"name":"onlyGuardian","line":43,"loc":{"start":{"line":43,"column":4},"end":{"line":46,"column":4}}},"3":{"name":"zeroCheck","line":50,"loc":{"start":{"line":50,"column":4},"end":{"line":53,"column":4}}},"4":{"name":"constructor","line":60,"loc":{"start":{"line":60,"column":4},"end":{"line":70,"column":4}}},"5":{"name":"setCore","line":81,"loc":{"start":{"line":81,"column":4},"end":{"line":115,"column":4}}},"6":{"name":"deployStableMaster","line":125,"loc":{"start":{"line":125,"column":4},"end":{"line":139,"column":4}}},"7":{"name":"revokeStableMaster","line":147,"loc":{"start":{"line":147,"column":4},"end":{"line":163,"column":4}}},"8":{"name":"addGovernor","line":175,"loc":{"start":{"line":175,"column":4},"end":{"line":188,"column":4}}},"9":{"name":"removeGovernor","line":193,"loc":{"start":{"line":193,"column":4},"end":{"line":219,"column":4}}},"10":{"name":"setGuardian","line":228,"loc":{"start":{"line":228,"column":4},"end":{"line":237,"column":4}}},"11":{"name":"revokeGuardian","line":242,"loc":{"start":{"line":242,"column":4},"end":{"line":249,"column":4}}},"12":{"name":"governorList","line":257,"loc":{"start":{"line":257,"column":4},"end":{"line":259,"column":4}}},"13":{"name":"stablecoinList","line":264,"loc":{"start":{"line":264,"column":4},"end":{"line":266,"column":4}}}},"statementMap":{"1":{"start":{"line":36,"column":8},"end":{"line":36,"column":44}},"2":{"start":{"line":44,"column":8},"end":{"line":44,"column":70}},"3":{"start":{"line":51,"column":8},"end":{"line":51,"column":45}},"4":{"start":{"line":62,"column":8},"end":{"line":62,"column":71}},"5":{"start":{"line":63,"column":8},"end":{"line":63,"column":44}},"6":{"start":{"line":64,"column":8},"end":{"line":64,"column":36}},"7":{"start":{"line":65,"column":8},"end":{"line":65,"column":27}},"8":{"start":{"line":66,"column":8},"end":{"line":66,"column":36}},"9":{"start":{"line":68,"column":8},"end":{"line":68,"column":43}},"10":{"start":{"line":69,"column":8},"end":{"line":69,"column":55}},"11":{"start":{"line":82,"column":8},"end":{"line":82,"column":55}},"12":{"start":{"line":83,"column":8},"end":{"line":83,"column":52}},"13":{"start":{"line":86,"column":8},"end":{"line":86,"column":57}},"14":{"start":{"line":87,"column":8},"end":{"line":87,"column":70}},"15":{"start":{"line":88,"column":8},"end":{"line":88,"column":61}},"16":{"start":{"line":89,"column":8},"end":{"line":89,"column":70}},"17":{"start":{"line":90,"column":8},"end":{"line":90,"column":4254}},"18":{"start":{"line":94,"column":8},"end":{"line":94,"column":24}},"19":{"start":{"line":95,"column":8},"end":{"line":95,"column":4441}},"20":{"start":{"line":96,"column":12},"end":{"line":96,"column":4508}},"21":{"start":{"line":97,"column":16},"end":{"line":97,"column":27}},"22":{"start":{"line":101,"column":8},"end":{"line":101,"column":4634}},"23":{"start":{"line":103,"column":12},"end":{"line":103,"column":4790}},"24":{"start":{"line":104,"column":16},"end":{"line":104,"column":27}},"25":{"start":{"line":109,"column":8},"end":{"line":109,"column":35}},"26":{"start":{"line":111,"column":8},"end":{"line":111,"column":5104}},"27":{"start":{"line":112,"column":12},"end":{"line":112,"column":70}},"28":{"start":{"line":114,"column":8},"end":{"line":114,"column":42}},"29":{"start":{"line":126,"column":8},"end":{"line":126,"column":63}},"30":{"start":{"line":128,"column":8},"end":{"line":128,"column":60}},"31":{"start":{"line":131,"column":8},"end":{"line":131,"column":41}},"32":{"start":{"line":134,"column":8},"end":{"line":134,"column":51}},"33":{"start":{"line":136,"column":8},"end":{"line":136,"column":75}},"34":{"start":{"line":138,"column":8},"end":{"line":138,"column":65}},"35":{"start":{"line":148,"column":8},"end":{"line":148,"column":61}},"36":{"start":{"line":150,"column":8},"end":{"line":150,"column":47}},"37":{"start":{"line":151,"column":8},"end":{"line":151,"column":24}},"38":{"start":{"line":152,"column":8},"end":{"line":152,"column":7493}},"39":{"start":{"line":153,"column":12},"end":{"line":153,"column":7566}},"40":{"start":{"line":154,"column":16},"end":{"line":154,"column":27}},"41":{"start":{"line":155,"column":16},"end":{"line":155,"column":77}},"42":{"start":{"line":159,"column":8},"end":{"line":159,"column":96}},"43":{"start":{"line":160,"column":8},"end":{"line":160,"column":28}},"44":{"start":{"line":162,"column":8},"end":{"line":162,"column":46}},"45":{"start":{"line":176,"column":8},"end":{"line":176,"column":45}},"46":{"start":{"line":177,"column":8},"end":{"line":177,"column":36}},"47":{"start":{"line":178,"column":8},"end":{"line":178,"column":36}},"48":{"start":{"line":181,"column":8},"end":{"line":181,"column":9120}},"49":{"start":{"line":184,"column":12},"end":{"line":184,"column":67}},"50":{"start":{"line":187,"column":8},"end":{"line":187,"column":43}},"51":{"start":{"line":195,"column":8},"end":{"line":195,"column":57}},"52":{"start":{"line":196,"column":8},"end":{"line":196,"column":44}},"53":{"start":{"line":199,"column":8},"end":{"line":199,"column":24}},"54":{"start":{"line":200,"column":8},"end":{"line":200,"column":10082}},"55":{"start":{"line":201,"column":12},"end":{"line":201,"column":10153}},"56":{"start":{"line":202,"column":16},"end":{"line":202,"column":27}},"57":{"start":{"line":203,"column":16},"end":{"line":203,"column":71}},"58":{"start":{"line":207,"column":8},"end":{"line":207,"column":89}},"59":{"start":{"line":208,"column":8},"end":{"line":208,"column":26}},"60":{"start":{"line":212,"column":8},"end":{"line":212,"column":10675}},"61":{"start":{"line":215,"column":12},"end":{"line":215,"column":70}},"62":{"start":{"line":218,"column":8},"end":{"line":218,"column":43}},"63":{"start":{"line":229,"column":8},"end":{"line":229,"column":48}},"64":{"start":{"line":230,"column":8},"end":{"line":230,"column":46}},"65":{"start":{"line":231,"column":8},"end":{"line":231,"column":38}},"66":{"start":{"line":232,"column":8},"end":{"line":232,"column":30}},"67":{"start":{"line":233,"column":8},"end":{"line":233,"column":11763}},"68":{"start":{"line":234,"column":12},"end":{"line":234,"column":83}},"69":{"start":{"line":236,"column":8},"end":{"line":236,"column":59}},"70":{"start":{"line":243,"column":8},"end":{"line":243,"column":38}},"71":{"start":{"line":244,"column":8},"end":{"line":244,"column":28}},"72":{"start":{"line":245,"column":8},"end":{"line":245,"column":12291}},"73":{"start":{"line":246,"column":12},"end":{"line":246,"column":72}},"74":{"start":{"line":248,"column":8},"end":{"line":248,"column":57}},"75":{"start":{"line":258,"column":8},"end":{"line":258,"column":28}},"76":{"start":{"line":265,"column":8},"end":{"line":265,"column":30}}},"branchMap":{"1":{"line":36,"type":"if","locations":[{"start":{"line":36,"column":8},"end":{"line":36,"column":8}},{"start":{"line":36,"column":8},"end":{"line":36,"column":8}}]},"2":{"line":44,"type":"if","locations":[{"start":{"line":44,"column":8},"end":{"line":44,"column":8}},{"start":{"line":44,"column":8},"end":{"line":44,"column":8}}]},"3":{"line":51,"type":"if","locations":[{"start":{"line":51,"column":8},"end":{"line":51,"column":8}},{"start":{"line":51,"column":8},"end":{"line":51,"column":8}}]},"4":{"line":62,"type":"if","locations":[{"start":{"line":62,"column":8},"end":{"line":62,"column":8}},{"start":{"line":62,"column":8},"end":{"line":62,"column":8}}]},"5":{"line":63,"type":"if","locations":[{"start":{"line":63,"column":8},"end":{"line":63,"column":8}},{"start":{"line":63,"column":8},"end":{"line":63,"column":8}}]},"6":{"line":82,"type":"if","locations":[{"start":{"line":82,"column":8},"end":{"line":82,"column":8}},{"start":{"line":82,"column":8},"end":{"line":82,"column":8}}]},"7":{"line":83,"type":"if","locations":[{"start":{"line":83,"column":8},"end":{"line":83,"column":8}},{"start":{"line":83,"column":8},"end":{"line":83,"column":8}}]},"8":{"line":90,"type":"if","locations":[{"start":{"line":90,"column":8},"end":{"line":90,"column":8}},{"start":{"line":90,"column":8},"end":{"line":90,"column":8}}]},"9":{"line":96,"type":"if","locations":[{"start":{"line":96,"column":12},"end":{"line":96,"column":12}},{"start":{"line":96,"column":12},"end":{"line":96,"column":12}}]},"10":{"line":103,"type":"if","locations":[{"start":{"line":103,"column":12},"end":{"line":103,"column":12}},{"start":{"line":103,"column":12},"end":{"line":103,"column":12}}]},"11":{"line":109,"type":"if","locations":[{"start":{"line":109,"column":8},"end":{"line":109,"column":8}},{"start":{"line":109,"column":8},"end":{"line":109,"column":8}}]},"12":{"line":128,"type":"if","locations":[{"start":{"line":128,"column":8},"end":{"line":128,"column":8}},{"start":{"line":128,"column":8},"end":{"line":128,"column":8}}]},"13":{"line":150,"type":"if","locations":[{"start":{"line":150,"column":8},"end":{"line":150,"column":8}},{"start":{"line":150,"column":8},"end":{"line":150,"column":8}}]},"14":{"line":153,"type":"if","locations":[{"start":{"line":153,"column":12},"end":{"line":153,"column":12}},{"start":{"line":153,"column":12},"end":{"line":153,"column":12}}]},"15":{"line":159,"type":"if","locations":[{"start":{"line":159,"column":8},"end":{"line":159,"column":8}},{"start":{"line":159,"column":8},"end":{"line":159,"column":8}}]},"16":{"line":176,"type":"if","locations":[{"start":{"line":176,"column":8},"end":{"line":176,"column":8}},{"start":{"line":176,"column":8},"end":{"line":176,"column":8}}]},"17":{"line":196,"type":"if","locations":[{"start":{"line":196,"column":8},"end":{"line":196,"column":8}},{"start":{"line":196,"column":8},"end":{"line":196,"column":8}}]},"18":{"line":201,"type":"if","locations":[{"start":{"line":201,"column":12},"end":{"line":201,"column":12}},{"start":{"line":201,"column":12},"end":{"line":201,"column":12}}]},"19":{"line":207,"type":"if","locations":[{"start":{"line":207,"column":8},"end":{"line":207,"column":8}},{"start":{"line":207,"column":8},"end":{"line":207,"column":8}}]},"20":{"line":229,"type":"if","locations":[{"start":{"line":229,"column":8},"end":{"line":229,"column":8}},{"start":{"line":229,"column":8},"end":{"line":229,"column":8}}]},"21":{"line":230,"type":"if","locations":[{"start":{"line":230,"column":8},"end":{"line":230,"column":8}},{"start":{"line":230,"column":8},"end":{"line":230,"column":8}}]}}},
"contracts/core/CoreEvents.sol":{"l":{},"path":"/Users/pabloveyrat/Documents/Angle/Dev/angle-solidity/contracts/core/CoreEvents.sol","s":{},"b":{},"f":{},"fnMap":{},"statementMap":{},"branchMap":{}},
"contracts/Create2Deployer/Create2Deployer.sol":{"l":{"13":0,"16":0,"23":0,"27":0,"30":0},"path":"/Users/pabloveyrat/Documents/Angle/Dev/angle-solidity/contracts/Create2Deployer/Create2Deployer.sol","s":{"1":0,"2":0,"3":0,"4":0},"b":{},"f":{"1":0,"2":0},"fnMap":{"1":{"name":"deploy","line":12,"loc":{"start":{"line":12,"column":4},"end":{"line":24,"column":4}}},"2":{"name":"deploy2","line":26,"loc":{"start":{"line":26,"column":4},"end":{"line":31,"column":4}}}},"statementMap":{"1":{"start":{"line":13,"column":8},"end":{"line":13,"column":20}},"2":{"start":{"line":23,"column":8},"end":{"line":23,"column":19}},"3":{"start":{"line":27,"column":8},"end":{"line":27,"column":86}},"4":{"start":{"line":30,"column":8},"end":{"line":30,"column":38}}},"branchMap":{}},
"contracts/dao/ANGLE.sol":{"l":{"31":6,"32":2,"33":2,"34":2,"35":2,"41":6,"42":4,"43":2,"44":2,"51":7,"52":5,"53":3,"55":1,"58":1},"path":"/Users/pabloveyrat/Documents/Angle/Dev/angle-solidity/contracts/dao/ANGLE.sol","s":{"1":6,"2":2,"3":2,"4":2,"5":2,"6":6,"7":4,"8":2,"9":2,"10":7,"11":5,"12":3,"13":1,"14":1},"b":{"1":[2,4],"2":[4,2],"3":[2,2],"4":[5,2],"5":[3,2],"6":[1,2]},"f":{"1":6,"2":6,"3":7},"fnMap":{"1":{"name":"constructor","line":30,"loc":{"start":{"line":30,"column":4},"end":{"line":36,"column":4}}},"2":{"name":"setMinter","line":40,"loc":{"start":{"line":40,"column":4},"end":{"line":45,"column":4}}},"3":{"name":"mint","line":50,"loc":{"start":{"line":50,"column":4},"end":{"line":59,"column":4}}}},"statementMap":{"1":{"start":{"line":31,"column":8},"end":{"line":31,"column":67}},"2":{"start":{"line":32,"column":8},"end":{"line":32,"column":39}},"3":{"start":{"line":33,"column":8},"end":{"line":33,"column":23}},"4":{"start":{"line":34,"column":8},"end":{"line":34,"column":46}},"5":{"start":{"line":35,"column":8},"end":{"line":35,"column":44}},"6":{"start":{"line":41,"column":8},"end":{"line":41,"column":42}},"7":{"start":{"line":42,"column":8},"end":{"line":42,"column":42}},"8":{"start":{"line":43,"column":8},"end":{"line":43,"column":43}},"9":{"start":{"line":44,"column":8},"end":{"line":44,"column":23}},"10":{"start":{"line":51,"column":8},"end":{"line":51,"column":42}},"11":{"start":{"line":52,"column":8},"end":{"line":52,"column":60}},"12":{"start":{"line":53,"column":8},"end":{"line":53,"column":64}},"13":{"start":{"line":55,"column":8},"end":{"line":55,"column":68}},"14":{"start":{"line":58,"column":8},"end":{"line":58,"column":25}}},"branchMap":{"1":{"line":31,"type":"if","locations":[{"start":{"line":31,"column":8},"end":{"line":31,"column":8}},{"start":{"line":31,"column":8},"end":{"line":31,"column":8}}]},"2":{"line":41,"type":"if","locations":[{"start":{"line":41,"column":8},"end":{"line":41,"column":8}},{"start":{"line":41,"column":8},"end":{"line":41,"column":8}}]},"3":{"line":42,"type":"if","locations":[{"start":{"line":42,"column":8},"end":{"line":42,"column":8}},{"start":{"line":42,"column":8},"end":{"line":42,"column":8}}]},"4":{"line":51,"type":"if","locations":[{"start":{"line":51,"column":8},"end":{"line":51,"column":8}},{"start":{"line":51,"column":8},"end":{"line":51,"column":8}}]},"5":{"line":52,"type":"if","locations":[{"start":{"line":52,"column":8},"end":{"line":52,"column":8}},{"start":{"line":52,"column":8},"end":{"line":52,"column":8}}]},"6":{"line":53,"type":"if","locations":[{"start":{"line":53,"column":8},"end":{"line":53,"column":8}},{"start":{"line":53,"column":8},"end":{"line":53,"column":8}}]}}},
"contracts/dao/Timelock.sol":{"l":{},"path":"/Users/pabloveyrat/Documents/Angle/Dev/angle-solidity/contracts/dao/Timelock.sol","s":{},"b":{},"f":{"1":1},"fnMap":{"1":{"name":"constructor","line":12,"loc":{"start":{"line":8,"column":4},"end":{"line":12,"column":58}}}},"statementMap":{},"branchMap":{}},
"contracts/feeManager/FeeManager.sol":{"l":{"28":143,"31":141,"33":141,"34":141,"49":110,"50":110,"52":110,"53":110,"72":138,"74":138,"75":138,"76":138,"77":138,"79":138,"80":138,"97":115,"98":115,"118":472,"119":470,"120":1262,"121":792,"124":468,"125":117,"126":117,"127":117,"129":117,"130":117,"131":117,"133":117,"134":117,"135":117,"136":115,"138":117,"139":117,"140":117,"141":115,"150":115,"151":115,"167":234,"168":124,"169":240,"170":129,"171":127,"192":679,"193":456,"195":128,"197":95,"198":95,"199":95,"200":95,"201":98,"202":98,"203":51,"205":47,"208":95,"209":95,"210":6,"215":89,"222":95},"path":"/Users/pabloveyrat/Documents/Angle/Dev/angle-solidity/contracts/feeManager/FeeManager.sol","s":{"1":143,"2":141,"3":141,"4":141,"5":110,"6":110,"7":110,"8":110,"9":138,"10":138,"11":138,"12":138,"13":138,"14":138,"15":138,"16":115,"17":115,"18":472,"19":470,"20":1262,"21":792,"22":468,"23":117,"24":117,"25":117,"26":351,"27":117,"28":117,"29":117,"30":234,"31":117,"32":117,"33":117,"34":115,"35":117,"36":117,"37":117,"38":115,"39":115,"40":115,"41":234,"42":124,"43":240,"44":129,"45":127,"46":679,"47":456,"48":223,"49":128,"50":95,"51":95,"52":95,"53":95,"54":98,"55":98,"56":51,"57":47,"58":95,"59":95,"60":6,"61":89,"62":95},"b":{"1":[470,2],"2":[792,470],"3":[790,2],"4":[117,351],"5":[117,234],"6":[117,117],"7":[124,110],"8":[129,111],"9":[127,2],"10":[125,2],"11":[456,223],"12":[128,95],"13":[51,47],"14":[6,89]},"f":{"1":143,"2":110,"3":138,"4":115,"5":472,"6":115,"7":234,"8":679},"fnMap":{"1":{"name":"constructor","line":27,"loc":{"start":{"line":27,"column":4},"end":{"line":35,"column":4}}},"2":{"name":"deployCollateral","line":48,"loc":{"start":{"line":44,"column":4},"end":{"line":54,"column":4}}},"3":{"name":"updateUsersSLP","line":70,"loc":{"start":{"line":70,"column":4},"end":{"line":81,"column":4}}},"4":{"name":"updateHA","line":96,"loc":{"start":{"line":96,"column":4},"end":{"line":99,"column":4}}},"5":{"name":"setFees","line":117,"loc":{"start":{"line":113,"column":4},"end":{"line":143,"column":4}}},"6":{"name":"setHAFees","line":149,"loc":{"start":{"line":149,"column":4},"end":{"line":152,"column":4}}},"7":{"name":"_checkSlippageCompatibility","line":164,"loc":{"start":{"line":164,"column":4},"end":{"line":175,"column":4}}},"8":{"name":"_piecewiseLinearCollatRatio","line":187,"loc":{"start":{"line":187,"column":4},"end":{"line":224,"column":4}}}},"statementMap":{"1":{"start":{"line":28,"column":8},"end":{"line":28,"column":64}},"2":{"start":{"line":31,"column":8},"end":{"line":31,"column":58}},"3":{"start":{"line":33,"column":8},"end":{"line":33,"column":56}},"4":{"start":{"line":34,"column":8},"end":{"line":34,"column":53}},"5":{"start":{"line":49,"column":8},"end":{"line":49,"column":2639}},"6":{"start":{"line":50,"column":12},"end":{"line":50,"column":53}},"7":{"start":{"line":52,"column":8},"end":{"line":52,"column":42}},"8":{"start":{"line":53,"column":8},"end":{"line":53,"column":62}},"9":{"start":{"line":72,"column":8},"end":{"line":72,"column":63}},"10":{"start":{"line":74,"column":8},"end":{"line":74,"column":106}},"11":{"start":{"line":75,"column":8},"end":{"line":75,"column":106}},"12":{"start":{"line":76,"column":8},"end":{"line":76,"column":88}},"13":{"start":{"line":77,"column":8},"end":{"line":77,"column":97}},"14":{"start":{"line":79,"column":8},"end":{"line":79,"column":102}},"15":{"start":{"line":80,"column":8},"end":{"line":80,"column":87}},"16":{"start":{"line":97,"column":8},"end":{"line":97,"column":55}},"17":{"start":{"line":98,"column":8},"end":{"line":98,"column":65}},"18":{"start":{"line":118,"column":8},"end":{"line":118,"column":72}},"19":{"start":{"line":119,"column":8},"end":{"line":119,"column":7213}},"20":{"start":{"line":120,"column":12},"end":{"line":120,"column":7280}},"21":{"start":{"line":121,"column":16},"end":{"line":121,"column":54}},"22":{"start":{"line":124,"column":8},"end":{"line":124,"column":7378}},"23":{"start":{"line":125,"column":12},"end":{"line":125,"column":35}},"24":{"start":{"line":126,"column":12},"end":{"line":126,"column":35}},"25":{"start":{"line":127,"column":12},"end":{"line":127,"column":65}},"26":{"start":{"line":128,"column":15},"end":{"line":128,"column":7559}},"27":{"start":{"line":129,"column":12},"end":{"line":129,"column":35}},"28":{"start":{"line":130,"column":12},"end":{"line":130,"column":35}},"29":{"start":{"line":131,"column":12},"end":{"line":131,"column":65}},"30":{"start":{"line":132,"column":15},"end":{"line":132,"column":7740}},"31":{"start":{"line":133,"column":12},"end":{"line":133,"column":29}},"32":{"start":{"line":134,"column":12},"end":{"line":134,"column":29}},"33":{"start":{"line":135,"column":12},"end":{"line":135,"column":40}},"34":{"start":{"line":136,"column":12},"end":{"line":136,"column":54}},"35":{"start":{"line":138,"column":12},"end":{"line":138,"column":32}},"36":{"start":{"line":139,"column":12},"end":{"line":139,"column":32}},"37":{"start":{"line":140,"column":12},"end":{"line":140,"column":40}},"38":{"start":{"line":141,"column":12},"end":{"line":141,"column":63}},"39":{"start":{"line":150,"column":8},"end":{"line":150,"column":35}},"40":{"start":{"line":151,"column":8},"end":{"line":151,"column":37}},"41":{"start":{"line":167,"column":8},"end":{"line":167,"column":9708}},"42":{"start":{"line":168,"column":12},"end":{"line":168,"column":9781}},"43":{"start":{"line":169,"column":16},"end":{"line":169,"column":9858}},"44":{"start":{"line":170,"column":20},"end":{"line":170,"column":71}},"45":{"start":{"line":171,"column":20},"end":{"line":171,"column":104}},"46":{"start":{"line":192,"column":8},"end":{"line":192,"column":11185}},"47":{"start":{"line":193,"column":12},"end":{"line":193,"column":44}},"48":{"start":{"line":194,"column":15},"end":{"line":194,"column":11284}},"49":{"start":{"line":195,"column":12},"end":{"line":195,"column":28}},"50":{"start":{"line":197,"column":12},"end":{"line":197,"column":25}},"51":{"start":{"line":198,"column":12},"end":{"line":198,"column":45}},"52":{"start":{"line":199,"column":12},"end":{"line":199,"column":23}},"53":{"start":{"line":200,"column":12},"end":{"line":200,"column":11468}},"54":{"start":{"line":201,"column":16},"end":{"line":201,"column":48}},"55":{"start":{"line":202,"column":16},"end":{"line":202,"column":11567}},"56":{"start":{"line":203,"column":20},"end":{"line":203,"column":30}},"57":{"start":{"line":205,"column":20},"end":{"line":205,"column":30}},"58":{"start":{"line":208,"column":12},"end":{"line":208,"column":27}},"59":{"start":{"line":209,"column":12},"end":{"line":209,"column":11751}},"60":{"start":{"line":210,"column":16},"end":{"line":210,"column":11842}},"61":{"start":{"line":215,"column":16},"end":{"line":215,"column":12056}},"62":{"start":{"line":222,"column":12},"end":{"line":222,"column":30}}},"branchMap":{"1":{"line":118,"type":"if","locations":[{"start":{"line":118,"column":8},"end":{"line":118,"column":8}},{"start":{"line":118,"column":8},"end":{"line":118,"column":8}}]},"2":{"line":120,"type":"if","locations":[{"start":{"line":120,"column":12},"end":{"line":120,"column":12}},{"start":{"line":120,"column":12},"end":{"line":120,"column":12}}]},"3":{"line":121,"type":"if","locations":[{"start":{"line":121,"column":16},"end":{"line":121,"column":16}},{"start":{"line":121,"column":16},"end":{"line":121,"column":16}}]},"4":{"line":124,"type":"if","locations":[{"start":{"line":124,"column":8},"end":{"line":124,"column":8}},{"start":{"line":124,"column":8},"end":{"line":124,"column":8}}]},"5":{"line":128,"type":"if","locations":[{"start":{"line":128,"column":15},"end":{"line":128,"column":15}},{"start":{"line":128,"column":15},"end":{"line":128,"column":15}}]},"6":{"line":132,"type":"if","locations":[{"start":{"line":132,"column":15},"end":{"line":132,"column":15}},{"start":{"line":132,"column":15},"end":{"line":132,"column":15}}]},"7":{"line":167,"type":"if","locations":[{"start":{"line":167,"column":8},"end":{"line":167,"column":8}},{"start":{"line":167,"column":8},"end":{"line":167,"column":8}}]},"8":{"line":169,"type":"if","locations":[{"start":{"line":169,"column":16},"end":{"line":169,"column":16}},{"start":{"line":169,"column":16},"end":{"line":169,"column":16}}]},"9":{"line":170,"type":"if","locations":[{"start":{"line":170,"column":20},"end":{"line":170,"column":20}},{"start":{"line":170,"column":20},"end":{"line":170,"column":20}}]},"10":{"line":171,"type":"if","locations":[{"start":{"line":171,"column":20},"end":{"line":171,"column":20}},{"start":{"line":171,"column":20},"end":{"line":171,"column":20}}]},"11":{"line":192,"type":"if","locations":[{"start":{"line":192,"column":8},"end":{"line":192,"column":8}},{"start":{"line":192,"column":8},"end":{"line":192,"column":8}}]},"12":{"line":194,"type":"if","locations":[{"start":{"line":194,"column":15},"end":{"line":194,"column":15}},{"start":{"line":194,"column":15},"end":{"line":194,"column":15}}]},"13":{"line":202,"type":"if","locations":[{"start":{"line":202,"column":16},"end":{"line":202,"column":16}},{"start":{"line":202,"column":16},"end":{"line":202,"column":16}}]},"14":{"line":209,"type":"if","locations":[{"start":{"line":209,"column":12},"end":{"line":209,"column":12}},{"start":{"line":209,"column":12},"end":{"line":209,"column":12}}]}}},
"contracts/genericLender/GenericAave.sol":{"l":{"65":9,"71":3,"75":3,"76":3,"77":3,"78":3,"79":3,"80":3,"81":3,"82":3,"83":3,"87":3,"91":1,"93":1,"100":4,"101":4,"108":4,"115":1,"117":1,"122":1,"123":1,"124":1,"129":1,"136":5,"138":3,"139":3,"140":2,"144":3,"145":3,"148":3,"149":3,"150":2,"154":3,"155":3,"156":3,"157":3,"158":2,"162":3,"163":2,"171":1,"176":5,"181":5,"186":1,"187":1,"194":2,"196":2,"209":2,"211":2,"213":2,"222":2,"224":2,"229":2,"234":4,"241":6,"242":6,"254":6,"255":6,"260":3,"265":5,"266":5,"267":5,"269":5,"271":1,"274":5,"275":2,"276":2,"280":3,"282":3,"283":3,"285":3,"287":3,"290":0,"293":3,"294":3,"295":3,"300":6,"305":6,"306":0,"307":0,"310":6,"311":6,"312":6,"313":5,"315":1,"318":6,"323":18,"328":9,"329":3,"332":6,"333":6,"334":6,"335":6,"336":5,"340":1,"351":8,"352":8,"353":3,"354":3,"355":3,"356":2,"358":2,"360":2,"363":6,"374":2,"376":2,"377":0,"378":0,"379":0,"381":2,"382":2,"383":2,"384":2,"387":2,"388":2,"394":3,"395":1,"398":2,"399":0,"400":0,"403":2,"408":16,"409":15,"411":1,"417":3,"418":3,"419":3,"420":3,"430":1,"434":1,"435":1,"441":3,"442":1,"443":1,"449":1,"450":1},"path":"/Users/pabloveyrat/Documents/Angle/Dev/angle-solidity/contracts/genericLender/GenericAave.sol","s":{"1":9,"2":3,"3":3,"4":3,"5":3,"6":3,"7":3,"8":3,"9":3,"10":3,"11":3,"12":3,"13":1,"14":1,"15":4,"16":4,"17":4,"18":1,"19":1,"20":1,"21":1,"22":1,"23":1,"24":5,"25":3,"26":3,"27":2,"28":3,"29":3,"30":3,"31":3,"32":2,"33":3,"34":3,"35":3,"36":3,"37":2,"38":3,"39":2,"40":1,"41":5,"42":5,"43":1,"44":1,"45":2,"46":2,"47":2,"48":2,"49":2,"50":2,"51":2,"52":2,"53":4,"54":6,"55":6,"56":6,"57":6,"58":3,"59":5,"60":5,"61":5,"62":5,"63":1,"64":5,"65":2,"66":2,"67":3,"68":3,"69":3,"70":3,"71":3,"72":0,"73":3,"74":3,"75":3,"76":6,"77":6,"78":0,"79":0,"80":6,"81":6,"82":6,"83":5,"84":1,"85":6,"86":18,"87":9,"88":3,"89":6,"90":6,"91":6,"92":6,"93":5,"94":1,"95":8,"96":8,"97":3,"98":3,"99":3,"100":2,"101":2,"102":2,"103":6,"104":2,"105":2,"106":0,"107":0,"108":0,"109":2,"110":2,"111":2,"112":2,"113":2,"114":2,"115":3,"116":1,"117":2,"118":0,"119":0,"120":2,"121":16,"122":15,"123":1,"124":3,"125":3,"126":3,"127":3,"128":1,"129":1,"130":1,"131":3,"132":1,"133":1,"134":1,"135":1},"b":{"1":[3,6],"2":[3,0],"3":[1,2],"4":[3,2],"5":[2,1],"6":[2,1],"7":[2,1],"8":[2,1],"9":[1,4],"10":[2,3],"11":[3,0],"12":[3,0],"13":[0,6],"14":[5,1],"15":[3,6],"16":[5,1],"17":[3,5],"18":[2,1],"19":[0,2],"20":[1,2],"21":[0,2],"22":[15,1],"23":[1,0],"24":[1,2]},"f":{"1":9,"2":4,"3":4,"4":1,"5":1,"6":1,"7":5,"8":1,"9":5,"10":5,"11":1,"12":2,"13":2,"14":4,"15":6,"16":3,"17":5,"18":6,"19":18,"20":9,"21":8,"22":2,"23":3,"24":16,"25":3,"26":1,"27":3,"28":1},"fnMap":{"1":{"name":"constructor","line":62,"loc":{"start":{"line":52,"column":4},"end":{"line":94,"column":4}}},"2":{"name":"deposit","line":99,"loc":{"start":{"line":99,"column":4},"end":{"line":102,"column":4}}},"3":{"name":"withdraw","line":107,"loc":{"start":{"line":107,"column":4},"end":{"line":109,"column":4}}},"4":{"name":"emergencyWithdraw","line":114,"loc":{"start":{"line":114,"column":4},"end":{"line":118,"column":4}}},"5":{"name":"withdrawAll","line":121,"loc":{"start":{"line":121,"column":4},"end":{"line":125,"column":4}}},"6":{"name":"startCooldown","line":127,"loc":{"start":{"line":127,"column":4},"end":{"line":130,"column":4}}},"7":{"name":"harvest","line":135,"loc":{"start":{"line":135,"column":4},"end":{"line":165,"column":4}}},"8":{"name":"nav","line":170,"loc":{"start":{"line":170,"column":4},"end":{"line":172,"column":4}}},"9":{"name":"underlyingBalanceStored","line":175,"loc":{"start":{"line":175,"column":4},"end":{"line":177,"column":4}}},"10":{"name":"apr","line":180,"loc":{"start":{"line":180,"column":4},"end":{"line":182,"column":4}}},"11":{"name":"weightedApr","line":185,"loc":{"start":{"line":185,"column":4},"end":{"line":188,"column":4}}},"12":{"name":"aprAfterDeposit","line":192,"loc":{"start":{"line":192,"column":4},"end":{"line":225,"column":4}}},"13":{"name":"hasAssets","line":228,"loc":{"start":{"line":228,"column":4},"end":{"line":230,"column":4}}},"14":{"name":"harvestTrigger","line":233,"loc":{"start":{"line":233,"column":4},"end":{"line":235,"column":4}}},"15":{"name":"_apr","line":240,"loc":{"start":{"line":240,"column":4},"end":{"line":256,"column":4}}},"16":{"name":"_nav","line":259,"loc":{"start":{"line":259,"column":4},"end":{"line":261,"column":4}}},"17":{"name":"_withdraw","line":264,"loc":{"start":{"line":264,"column":4},"end":{"line":296,"column":4}}},"18":{"name":"_deposit","line":299,"loc":{"start":{"line":299,"column":4},"end":{"line":319,"column":4}}},"19":{"name":"_lendingPool","line":322,"loc":{"start":{"line":322,"column":4},"end":{"line":324,"column":4}}},"20":{"name":"_checkCooldown","line":327,"loc":{"start":{"line":327,"column":4},"end":{"line":342,"column":4}}},"21":{"name":"_incentivesRate","line":348,"loc":{"start":{"line":348,"column":4},"end":{"line":364,"column":4}}},"22":{"name":"_AAVEtoWant","line":372,"loc":{"start":{"line":372,"column":4},"end":{"line":389,"column":4}}},"23":{"name":"_sellAAVEForWant","line":393,"loc":{"start":{"line":393,"column":4},"end":{"line":404,"column":4}}},"24":{"name":"_incentivesController","line":407,"loc":{"start":{"line":407,"column":4},"end":{"line":413,"column":4}}},"25":{"name":"_protectedTokens","line":416,"loc":{"start":{"line":416,"column":4},"end":{"line":421,"column":4}}},"26":{"name":"setIsIncentivised","line":427,"loc":{"start":{"line":427,"column":4},"end":{"line":436,"column":4}}},"27":{"name":"setReferralCode","line":440,"loc":{"start":{"line":440,"column":4},"end":{"line":444,"column":4}}},"28":{"name":"setPath","line":448,"loc":{"start":{"line":448,"column":4},"end":{"line":451,"column":4}}}},"statementMap":{"1":{"start":{"line":65,"column":8},"end":{"line":65,"column":2512}},"2":{"start":{"line":71,"column":8},"end":{"line":71,"column":2733}},"3":{"start":{"line":75,"column":8},"end":{"line":75,"column":41}},"4":{"start":{"line":76,"column":8},"end":{"line":76,"column":41}},"5":{"start":{"line":77,"column":8},"end":{"line":77,"column":37}},"6":{"start":{"line":78,"column":8},"end":{"line":78,"column":65}},"7":{"start":{"line":79,"column":8},"end":{"line":79,"column":39}},"8":{"start":{"line":80,"column":8},"end":{"line":80,"column":33}},"9":{"start":{"line":81,"column":8},"end":{"line":81,"column":39}},"10":{"start":{"line":82,"column":8},"end":{"line":82,"column":19}},"11":{"start":{"line":83,"column":8},"end":{"line":83,"column":3268}},"12":{"start":{"line":87,"column":8},"end":{"line":87,"column":3518}},"13":{"start":{"line":91,"column":8},"end":{"line":91,"column":81}},"14":{"start":{"line":93,"column":8},"end":{"line":93,"column":92}},"15":{"start":{"line":100,"column":8},"end":{"line":100,"column":55}},"16":{"start":{"line":101,"column":8},"end":{"line":101,"column":24}},"17":{"start":{"line":108,"column":8},"end":{"line":108,"column":32}},"18":{"start":{"line":115,"column":8},"end":{"line":115,"column":68}},"19":{"start":{"line":117,"column":8},"end":{"line":117,"column":77}},"20":{"start":{"line":122,"column":8},"end":{"line":122,"column":33}},"21":{"start":{"line":123,"column":8},"end":{"line":123,"column":46}},"22":{"start":{"line":124,"column":8},"end":{"line":124,"column":35}},"23":{"start":{"line":129,"column":8},"end":{"line":129,"column":38}},"24":{"start":{"line":136,"column":8},"end":{"line":136,"column":58}},"25":{"start":{"line":138,"column":8},"end":{"line":138,"column":82}},"26":{"start":{"line":139,"column":8},"end":{"line":139,"column":5857}},"27":{"start":{"line":140,"column":12},"end":{"line":140,"column":56}},"28":{"start":{"line":144,"column":8},"end":{"line":144,"column":67}},"29":{"start":{"line":145,"column":8},"end":{"line":145,"column":36}},"30":{"start":{"line":148,"column":8},"end":{"line":148,"column":55}},"31":{"start":{"line":149,"column":8},"end":{"line":149,"column":6201}},"32":{"start":{"line":150,"column":12},"end":{"line":150,"column":28}},"33":{"start":{"line":154,"column":8},"end":{"line":154,"column":50}},"34":{"start":{"line":155,"column":8},"end":{"line":155,"column":34}},"35":{"start":{"line":156,"column":8},"end":{"line":156,"column":97}},"36":{"start":{"line":157,"column":8},"end":{"line":157,"column":6483}},"37":{"start":{"line":158,"column":12},"end":{"line":158,"column":86}},"38":{"start":{"line":162,"column":8},"end":{"line":162,"column":6661}},"39":{"start":{"line":163,"column":12},"end":{"line":163,"column":29}},"40":{"start":{"line":171,"column":8},"end":{"line":171,"column":21}},"41":{"start":{"line":176,"column":8},"end":{"line":176,"column":48}},"42":{"start":{"line":181,"column":8},"end":{"line":181,"column":21}},"43":{"start":{"line":186,"column":8},"end":{"line":186,"column":26}},"44":{"start":{"line":187,"column":8},"end":{"line":187,"column":25}},"45":{"start":{"line":194,"column":8},"end":{"line":194,"column":95}},"46":{"start":{"line":196,"column":8},"end":{"line":196,"column":8119}},"47":{"start":{"line":209,"column":8},"end":{"line":209,"column":63}},"48":{"start":{"line":211,"column":8},"end":{"line":211,"column":115}},"49":{"start":{"line":213,"column":8},"end":{"line":213,"column":8561}},"50":{"start":{"line":222,"column":8},"end":{"line":222,"column":100}},"51":{"start":{"line":224,"column":8},"end":{"line":224,"column":54}},"52":{"start":{"line":229,"column":8},"end":{"line":229,"column":50}},"53":{"start":{"line":234,"column":8},"end":{"line":234,"column":31}},"54":{"start":{"line":241,"column":8},"end":{"line":241,"column":112}},"55":{"start":{"line":242,"column":8},"end":{"line":242,"column":9885}},"56":{"start":{"line":254,"column":8},"end":{"line":254,"column":106}},"57":{"start":{"line":255,"column":8},"end":{"line":255,"column":45}},"58":{"start":{"line":260,"column":8},"end":{"line":260,"column":72}},"59":{"start":{"line":265,"column":8},"end":{"line":265,"column":67}},"60":{"start":{"line":266,"column":8},"end":{"line":266,"column":60}},"61":{"start":{"line":267,"column":8},"end":{"line":267,"column":56}},"62":{"start":{"line":269,"column":8},"end":{"line":269,"column":10757}},"63":{"start":{"line":271,"column":12},"end":{"line":271,"column":25}},"64":{"start":{"line":274,"column":8},"end":{"line":274,"column":10871}},"65":{"start":{"line":275,"column":12},"end":{"line":275,"column":55}},"66":{"start":{"line":276,"column":12},"end":{"line":276,"column":25}},"67":{"start":{"line":280,"column":8},"end":{"line":280,"column":59}},"68":{"start":{"line":282,"column":8},"end":{"line":282,"column":11128}},"69":{"start":{"line":283,"column":12},"end":{"line":283,"column":54}},"70":{"start":{"line":285,"column":12},"end":{"line":285,"column":11222}},"71":{"start":{"line":287,"column":16},"end":{"line":287,"column":80}},"72":{"start":{"line":290,"column":16},"end":{"line":290,"column":79}},"73":{"start":{"line":293,"column":8},"end":{"line":293,"column":51}},"74":{"start":{"line":294,"column":8},"end":{"line":294,"column":57}},"75":{"start":{"line":295,"column":8},"end":{"line":295,"column":27}},"76":{"start":{"line":300,"column":8},"end":{"line":300,"column":40}},"77":{"start":{"line":305,"column":8},"end":{"line":305,"column":12084}},"78":{"start":{"line":306,"column":12},"end":{"line":306,"column":60}},"79":{"start":{"line":307,"column":12},"end":{"line":307,"column":76}},"80":{"start":{"line":310,"column":8},"end":{"line":310,"column":23}},"81":{"start":{"line":311,"column":8},"end":{"line":311,"column":49}},"82":{"start":{"line":312,"column":8},"end":{"line":312,"column":12380}},"83":{"start":{"line":313,"column":12},"end":{"line":313,"column":38}},"84":{"start":{"line":315,"column":12},"end":{"line":315,"column":39}},"85":{"start":{"line":318,"column":8},"end":{"line":318,"column":65}},"86":{"start":{"line":323,"column":8},"end":{"line":323,"column":93}},"87":{"start":{"line":328,"column":8},"end":{"line":328,"column":12985}},"88":{"start":{"line":329,"column":12},"end":{"line":329,"column":24}},"89":{"start":{"line":332,"column":8},"end":{"line":332,"column":93}},"90":{"start":{"line":333,"column":8},"end":{"line":333,"column":73}},"91":{"start":{"line":334,"column":8},"end":{"line":334,"column":69}},"92":{"start":{"line":335,"column":8},"end":{"line":335,"column":13294}},"93":{"start":{"line":336,"column":12},"end":{"line":336,"column":13408}},"94":{"start":{"line":340,"column":12},"end":{"line":340,"column":24}},"95":{"start":{"line":351,"column":8},"end":{"line":351,"column":80}},"96":{"start":{"line":352,"column":8},"end":{"line":352,"column":14206}},"97":{"start":{"line":353,"column":12},"end":{"line":353,"column":39}},"98":{"start":{"line":354,"column":12},"end":{"line":354,"column":92}},"99":{"start":{"line":355,"column":12},"end":{"line":355,"column":14465}},"100":{"start":{"line":356,"column":16},"end":{"line":356,"column":74}},"101":{"start":{"line":358,"column":16},"end":{"line":358,"column":101}},"102":{"start":{"line":360,"column":16},"end":{"line":360,"column":54}},"103":{"start":{"line":363,"column":8},"end":{"line":363,"column":16}},"104":{"start":{"line":374,"column":8},"end":{"line":374,"column":34}},"105":{"start":{"line":376,"column":8},"end":{"line":376,"column":15495}},"106":{"start":{"line":377,"column":12},"end":{"line":377,"column":39}},"107":{"start":{"line":378,"column":12},"end":{"line":378,"column":39}},"108":{"start":{"line":379,"column":12},"end":{"line":379,"column":39}},"109":{"start":{"line":381,"column":12},"end":{"line":381,"column":39}},"110":{"start":{"line":382,"column":12},"end":{"line":382,"column":39}},"111":{"start":{"line":383,"column":12},"end":{"line":383,"column":39}},"112":{"start":{"line":384,"column":12},"end":{"line":384,"column":39}},"113":{"start":{"line":387,"column":8},"end":{"line":387,"column":84}},"114":{"start":{"line":388,"column":8},"end":{"line":388,"column":42}},"115":{"start":{"line":394,"column":8},"end":{"line":394,"column":16155}},"116":{"start":{"line":395,"column":12},"end":{"line":395,"column":18}},"117":{"start":{"line":398,"column":8},"end":{"line":398,"column":16214}},"118":{"start":{"line":399,"column":12},"end":{"line":399,"column":64}},"119":{"start":{"line":400,"column":12},"end":{"line":400,"column":80}},"120":{"start":{"line":403,"column":8},"end":{"line":403,"column":110}},"121":{"start":{"line":408,"column":8},"end":{"line":408,"column":16722}},"122":{"start":{"line":409,"column":12},"end":{"line":409,"column":51}},"123":{"start":{"line":411,"column":12},"end":{"line":411,"column":56}},"124":{"start":{"line":417,"column":8},"end":{"line":417,"column":53}},"125":{"start":{"line":418,"column":8},"end":{"line":418,"column":35}},"126":{"start":{"line":419,"column":8},"end":{"line":419,"column":37}},"127":{"start":{"line":420,"column":8},"end":{"line":420,"column":24}},"128":{"start":{"line":430,"column":8},"end":{"line":430,"column":17725}},"129":{"start":{"line":434,"column":8},"end":{"line":434,"column":39}},"130":{"start":{"line":435,"column":8},"end":{"line":435,"column":49}},"131":{"start":{"line":441,"column":8},"end":{"line":441,"column":62}},"132":{"start":{"line":442,"column":8},"end":{"line":442,"column":41}},"133":{"start":{"line":443,"column":8},"end":{"line":443,"column":51}},"134":{"start":{"line":449,"column":8},"end":{"line":449,"column":19}},"135":{"start":{"line":450,"column":8},"end":{"line":450,"column":31}}},"branchMap":{"1":{"line":65,"type":"if","locations":[{"start":{"line":65,"column":8},"end":{"line":65,"column":8}},{"start":{"line":65,"column":8},"end":{"line":65,"column":8}}]},"2":{"line":71,"type":"if","locations":[{"start":{"line":71,"column":8},"end":{"line":71,"column":8}},{"start":{"line":71,"column":8},"end":{"line":71,"column":8}}]},"3":{"line":87,"type":"if","locations":[{"start":{"line":87,"column":8},"end":{"line":87,"column":8}},{"start":{"line":87,"column":8},"end":{"line":87,"column":8}}]},"4":{"line":136,"type":"if","locations":[{"start":{"line":136,"column":8},"end":{"line":136,"column":8}},{"start":{"line":136,"column":8},"end":{"line":136,"column":8}}]},"5":{"line":139,"type":"if","locations":[{"start":{"line":139,"column":8},"end":{"line":139,"column":8}},{"start":{"line":139,"column":8},"end":{"line":139,"column":8}}]},"6":{"line":149,"type":"if","locations":[{"start":{"line":149,"column":8},"end":{"line":149,"column":8}},{"start":{"line":149,"column":8},"end":{"line":149,"column":8}}]},"7":{"line":157,"type":"if","locations":[{"start":{"line":157,"column":8},"end":{"line":157,"column":8}},{"start":{"line":157,"column":8},"end":{"line":157,"column":8}}]},"8":{"line":162,"type":"if","locations":[{"start":{"line":162,"column":8},"end":{"line":162,"column":8}},{"start":{"line":162,"column":8},"end":{"line":162,"column":8}}]},"9":{"line":269,"type":"if","locations":[{"start":{"line":269,"column":8},"end":{"line":269,"column":8}},{"start":{"line":269,"column":8},"end":{"line":269,"column":8}}]},"10":{"line":274,"type":"if","locations":[{"start":{"line":274,"column":8},"end":{"line":274,"column":8}},{"start":{"line":274,"column":8},"end":{"line":274,"column":8}}]},"11":{"line":282,"type":"if","locations":[{"start":{"line":282,"column":8},"end":{"line":282,"column":8}},{"start":{"line":282,"column":8},"end":{"line":282,"column":8}}]},"12":{"line":285,"type":"if","locations":[{"start":{"line":285,"column":12},"end":{"line":285,"column":12}},{"start":{"line":285,"column":12},"end":{"line":285,"column":12}}]},"13":{"line":305,"type":"if","locations":[{"start":{"line":305,"column":8},"end":{"line":305,"column":8}},{"start":{"line":305,"column":8},"end":{"line":305,"column":8}}]},"14":{"line":312,"type":"if","locations":[{"start":{"line":312,"column":8},"end":{"line":312,"column":8}},{"start":{"line":312,"column":8},"end":{"line":312,"column":8}}]},"15":{"line":328,"type":"if","locations":[{"start":{"line":328,"column":8},"end":{"line":328,"column":8}},{"start":{"line":328,"column":8},"end":{"line":328,"column":8}}]},"16":{"line":335,"type":"if","locations":[{"start":{"line":335,"column":8},"end":{"line":335,"column":8}},{"start":{"line":335,"column":8},"end":{"line":335,"column":8}}]},"17":{"line":352,"type":"if","locations":[{"start":{"line":352,"column":8},"end":{"line":352,"column":8}},{"start":{"line":352,"column":8},"end":{"line":352,"column":8}}]},"18":{"line":355,"type":"if","locations":[{"start":{"line":355,"column":12},"end":{"line":355,"column":12}},{"start":{"line":355,"column":12},"end":{"line":355,"column":12}}]},"19":{"line":376,"type":"if","locations":[{"start":{"line":376,"column":8},"end":{"line":376,"column":8}},{"start":{"line":376,"column":8},"end":{"line":376,"column":8}}]},"20":{"line":394,"type":"if","locations":[{"start":{"line":394,"column":8},"end":{"line":394,"column":8}},{"start":{"line":394,"column":8},"end":{"line":394,"column":8}}]},"21":{"line":398,"type":"if","locations":[{"start":{"line":398,"column":8},"end":{"line":398,"column":8}},{"start":{"line":398,"column":8},"end":{"line":398,"column":8}}]},"22":{"line":408,"type":"if","locations":[{"start":{"line":408,"column":8},"end":{"line":408,"column":8}},{"start":{"line":408,"column":8},"end":{"line":408,"column":8}}]},"23":{"line":430,"type":"if","locations":[{"start":{"line":430,"column":8},"end":{"line":430,"column":8}},{"start":{"line":430,"column":8},"end":{"line":430,"column":8}}]},"24":{"line":441,"type":"if","locations":[{"start":{"line":441,"column":8},"end":{"line":441,"column":8}},{"start":{"line":441,"column":8},"end":{"line":441,"column":8}}]}}},
"contracts/genericLender/GenericCompound.sol":{"l":{"60":26,"66":20,"67":20,"68":20,"69":20,"70":20,"71":20,"72":20,"73":16,"74":16,"81":26,"82":26,"89":27,"95":13,"96":13,"97":13,"104":74,"109":92,"110":92,"111":15,"114":77,"120":33,"125":3,"126":3,"134":42,"136":42,"138":42,"140":42,"142":42,"145":42,"147":42,"152":66,"160":1,"161":1,"169":1,"171":1,"178":36,"183":90,"188":40,"189":40,"190":40,"192":40,"194":13,"197":40,"198":14,"199":14,"203":26,"205":26,"206":26,"208":26,"210":26,"213":0,"216":26,"217":26,"218":26,"219":26,"224":26,"226":26,"227":1,"234":78,"235":78,"237":78,"238":78,"240":78,"241":14,"244":64,"246":78,"254":78,"255":1,"258":77,"260":77,"261":0,"262":0,"263":0,"265":77,"266":77,"267":77,"268":77,"271":77,"272":77,"277":3,"278":3,"279":3,"280":3,"281":3},"path":"/Users/pabloveyrat/Documents/Angle/Dev/angle-solidity/contracts/genericLender/GenericCompound.sol","s":{"1":26,"2":20,"3":20,"4":20,"5":20,"6":20,"7":20,"8":20,"9":16,"10":16,"11":26,"12":26,"13":27,"14":13,"15":13,"16":13,"17":74,"18":92,"19":92,"20":15,"21":77,"22":33,"23":3,"24":3,"25":42,"26":42,"27":42,"28":42,"29":42,"30":42,"31":42,"32":66,"33":1,"34":1,"35":1,"36":1,"37":36,"38":90,"39":40,"40":40,"41":40,"42":40,"43":13,"44":40,"45":14,"46":14,"47":26,"48":26,"49":26,"50":26,"51":26,"52":0,"53":26,"54":26,"55":26,"56":26,"57":26,"58":26,"59":1,"60":78,"61":78,"62":78,"63":78,"64":78,"65":14,"66":64,"67":78,"68":78,"69":1,"70":77,"71":77,"72":0,"73":0,"74":0,"75":77,"76":77,"77":77,"78":77,"79":77,"80":77,"81":3,"82":3,"83":3,"84":3,"85":3},"b":{"1":[20,6],"2":[16,4],"3":[24,2],"4":[15,77],"5":[13,27],"6":[14,26],"7":[26,0],"8":[26,0],"9":[26,0],"10":[0,0],"11":[1,25],"12":[14,64],"13":[1,77],"14":[0,77]},"f":{"1":26,"2":26,"3":27,"4":13,"5":74,"6":92,"7":33,"8":3,"9":42,"10":66,"11":1,"12":1,"13":36,"14":90,"15":40,"16":26,"17":78,"18":78,"19":3},"fnMap":{"1":{"name":"constructor","line":58,"loc":{"start":{"line":47,"column":4},"end":{"line":75,"column":4}}},"2":{"name":"deposit","line":80,"loc":{"start":{"line":80,"column":4},"end":{"line":83,"column":4}}},"3":{"name":"withdraw","line":88,"loc":{"start":{"line":88,"column":4},"end":{"line":90,"column":4}}},"4":{"name":"withdrawAll","line":94,"loc":{"start":{"line":94,"column":4},"end":{"line":98,"column":4}}},"5":{"name":"nav","line":103,"loc":{"start":{"line":103,"column":4},"end":{"line":105,"column":4}}},"6":{"name":"underlyingBalanceStored","line":108,"loc":{"start":{"line":108,"column":4},"end":{"line":116,"column":4}}},"7":{"name":"apr","line":119,"loc":{"start":{"line":119,"column":4},"end":{"line":121,"column":4}}},"8":{"name":"weightedApr","line":124,"loc":{"start":{"line":124,"column":4},"end":{"line":127,"column":4}}},"9":{"name":"aprAfterDeposit","line":133,"loc":{"start":{"line":133,"column":4},"end":{"line":148,"column":4}}},"10":{"name":"hasAssets","line":151,"loc":{"start":{"line":151,"column":4},"end":{"line":153,"column":4}}},"11":{"name":"setPath","line":159,"loc":{"start":{"line":159,"column":4},"end":{"line":162,"column":4}}},"12":{"name":"emergencyWithdraw","line":167,"loc":{"start":{"line":167,"column":4},"end":{"line":172,"column":4}}},"13":{"name":"_apr","line":177,"loc":{"start":{"line":177,"column":4},"end":{"line":179,"column":4}}},"14":{"name":"_nav","line":182,"loc":{"start":{"line":182,"column":4},"end":{"line":184,"column":4}}},"15":{"name":"_withdraw","line":187,"loc":{"start":{"line":187,"column":4},"end":{"line":220,"column":4}}},"16":{"name":"_disposeOfComp","line":223,"loc":{"start":{"line":223,"column":4},"end":{"line":229,"column":4}}},"17":{"name":"_incentivesRate","line":233,"loc":{"start":{"line":233,"column":4},"end":{"line":247,"column":4}}},"18":{"name":"_comptoWant","line":253,"loc":{"start":{"line":253,"column":4},"end":{"line":273,"column":4}}},"19":{"name":"_protectedTokens","line":276,"loc":{"start":{"line":276,"column":4},"end":{"line":282,"column":4}}}},"statementMap":{"1":{"start":{"line":60,"column":8},"end":{"line":60,"column":2327}},"2":{"start":{"line":66,"column":8},"end":{"line":66,"column":19}},"3":{"start":{"line":67,"column":8},"end":{"line":67,"column":41}},"4":{"start":{"line":68,"column":8},"end":{"line":68,"column":41}},"5":{"start":{"line":69,"column":8},"end":{"line":69,"column":33}},"6":{"start":{"line":70,"column":8},"end":{"line":70,"column":19}},"7":{"start":{"line":71,"column":8},"end":{"line":71,"column":32}},"8":{"start":{"line":72,"column":8},"end":{"line":72,"column":78}},"9":{"start":{"line":73,"column":8},"end":{"line":73,"column":51}},"10":{"start":{"line":74,"column":8},"end":{"line":74,"column":78}},"11":{"start":{"line":81,"column":8},"end":{"line":81,"column":55}},"12":{"start":{"line":82,"column":8},"end":{"line":82,"column":54}
[...]
"contracts/surplus/SurplusConverterSanTokens.sol":{"l":{"48":5,"49":3,"51":3,"52":1,"53":1,"54":1,"55":1,"74":4,"75":2,"76":2,"78":1},"path":"/Users/pabloveyrat/Documents/Angle/Dev/angle-solidity/contracts/surplus/SurplusConverterSanTokens.sol","s":{"1":5,"2":3,"3":3,"4":1,"5":1,"6":1,"7":1,"8":4,"9":2,"10":2,"11":1},"b":{"1":[3,2],"2":[2,2],"3":[1,1]},"f":{"1":5,"2":4},"fnMap":{"1":{"name":"constructor","line":47,"loc":{"start":{"line":40,"column":4},"end":{"line":56,"column":4}}},"2":{"name":"buyback","line":73,"loc":{"start":{"line":68,"column":4},"end":{"line":80,"column":4}}}},"statementMap":{"1":{"start":{"line":48,"column":8},"end":{"line":48,"column":48}},"2":{"start":{"line":49,"column":8},"end":{"line":49,"column":55}},"3":{"start":{"line":51,"column":8},"end":{"line":51,"column":70}},"4":{"start":{"line":52,"column":8},"end":{"line":52,"column":35}},"5":{"start":{"line":53,"column":8},"end":{"line":53,"column":72}},"6":{"start":{"line":54,"column":8},"end":{"line":54,"column":41}},"7":{"start":{"line":55,"column":8},"end":{"line":55,"column":78}},"8":{"start":{"line":74,"column":8},"end":{"line":74,"column":45}},"9":{"start":{"line":75,"column":8},"end":{"line":75,"column":63}},"10":{"start":{"line":76,"column":8},"end":{"line":76,"column":3404}},"11":{"start":{"line":78,"column":12},"end":{"line":78,"column":52}}},"branchMap":{"1":{"line":48,"type":"if","locations":[{"start":{"line":48,"column":8},"end":{"line":48,"column":8}},{"start":{"line":48,"column":8},"end":{"line":48,"column":8}}]},"2":{"line":74,"type":"if","locations":[{"start":{"line":74,"column":8},"end":{"line":74,"column":8}},{"start":{"line":74,"column":8},"end":{"line":74,"column":8}}]},"3":{"line":76,"type":"if","locations":[{"start":{"line":76,"column":8},"end":{"line":76,"column":8}},{"start":{"line":76,"column":8},"end":{"line":76,"column":8}}]}}},
"contracts/surplus/SurplusConverterUniV2Sushi.sol":{"l":{"49":5,"50":1,"51":1,"67":18,"68":16,"69":16,"70":10,"71":5,"73":4,"75":5,"77":5,"79":4,"81":5,"83":10,"90":14,"91":7,"93":7,"104":6,"105":3,"106":3,"108":2,"109":2,"111":1,"112":1,"113":1,"114":1,"116":6,"135":9,"136":9,"137":9,"138":7,"141":4,"142":4,"143":4,"144":4,"145":4,"146":1,"154":3,"163":1,"165":2,"167":5,"169":1},"path":"/Users/pabloveyrat/Documents/Angle/Dev/angle-solidity/contracts/surplus/SurplusConverterUniV2Sushi.sol","s":{"1":5,"2":1,"3":1,"4":18,"5":16,"6":16,"7":10,"8":5,"9":4,"10":5,"11":5,"12":4,"13":5,"14":10,"15":14,"16":7,"17":7,"18":6,"19":3,"20":3,"21":2,"22":1,"23":1,"24":6,"25":9,"26":9,"27":9,"28":7,"29":4,"30":4,"31":4,"32":4,"33":4,"34":1,"35":3,"36":3,"37":1,"38":2,"39":5,"40":1},"b":{"1":[1,4],"2":[16,2],"3":[10,6],"4":[5,5],"5":[4,1],"6":[4,1],"7":[7,7],"8":[3,3],"9":[2,1],"10":[7,2],"11":[4,3],"12":[1,3],"13":[1,2],"14":[1,4]},"f":{"1":5,"2":18,"3":14,"4":6,"5":9},"fnMap":{"1":{"name":"constructor","line":48,"loc":{"start":{"line":40,"column":4},"end":{"line":52,"column":4}}},"2":{"name":"addToken","line":66,"loc":{"start":{"line":62,"column":4},"end":{"line":84,"column":4}}},"3":{"name":"getPath","line":89,"loc":{"start":{"line":89,"column":4},"end":{"line":95,"column":4}}},"4":{"name":"revokeToken","line":103,"loc":{"start":{"line":103,"column":4},"end":{"line":117,"column":4}}},"5":{"name":"buyback","line":133,"loc":{"start":{"line":128,"column":4},"end":{"line":171,"column":4}}}},"statementMap":{"1":{"start":{"line":49,"column":8},"end":{"line":49,"column":85}},"2":{"start":{"line":50,"column":8},"end":{"line":50,"column":59}},"3":{"start":{"line":51,"column":8},"end":{"line":51,"column":59}},"4":{"start":{"line":67,"column":8},"end":{"line":67,"column":40}},"5":{"start":{"line":68,"column":8},"end":{"line":68,"column":40}},"6":{"start":{"line":69,"column":8},"end":{"line":69,"column":106}},"7":{"start":{"line":70,"column":8},"end":{"line":70,"column":3241}},"8":{"start":{"line":71,"column":12},"end":{"line":71,"column":3278}},"9":{"start":{"line":73,"column":16},"end":{"line":73,"column":85}},"10":{"start":{"line":75,"column":12},"end":{"line":75,"column":39}},"11":{"start":{"line":77,"column":12},"end":{"line":77,"column":3604}},"12":{"start":{"line":79,"column":16},"end":{"line":79,"column":85}},"13":{"start":{"line":81,"column":12},"end":{"line":81,"column":37}},"14":{"start":{"line":83,"column":8},"end":{"line":83,"column":45}},"15":{"start":{"line":90,"column":8},"end":{"line":90,"column":4273}},"16":{"start":{"line":91,"column":12},"end":{"line":91,"column":40}},"17":{"start":{"line":93,"column":12},"end":{"line":93,"column":38}},"18":{"start":{"line":104,"column":8},"end":{"line":104,"column":4952}},"19":{"start":{"line":106,"column":12},"end":{"line":106,"column":65}},"20":{"start":{"line":107,"column":15},"end":{"line":107,"column":5095}},"21":{"start":{"line":109,"column":12},"end":{"line":109,"column":65}},"22":{"start":{"line":113,"column":12},"end":{"line":113,"column":65}},"23":{"start":{"line":114,"column":12},"end":{"line":114,"column":65}},"24":{"start":{"line":116,"column":8},"end":{"line":116,"column":38}},"25":{"start":{"line":135,"column":8},"end":{"line":135,"column":62}},"26":{"start":{"line":136,"column":8},"end":{"line":136,"column":58}},"27":{"start":{"line":137,"column":8},"end":{"line":137,"column":72}},"28":{"start":{"line":138,"column":8},"end":{"line":138,"column":6760}},"29":{"start":{"line":141,"column":12},"end":{"line":141,"column":65}},"30":{"start":{"line":142,"column":12},"end":{"line":142,"column":65}},"31":{"start":{"line":143,"column":12},"end":{"line":143,"column":95}},"32":{"start":{"line":144,"column":12},"end":{"line":144,"column":99}},"33":{"start":{"line":145,"column":12},"end":{"line":145,"column":7297}},"34":{"start":{"line":146,"column":16},"end":{"line":146,"column":7399}},"35":{"start":{"line":154,"column":16},"end":{"line":154,"column":7663}},"36":{"start":{"line":162,"column":15},"end":{"line":162,"column":7913}},"37":{"start":{"line":163,"column":12},"end":{"line":163,"column":117}},"38":{"start":{"line":165,"column":12},"end":{"line":165,"column":115}},"39":{"start":{"line":167,"column":8},"end":{"line":167,"column":8218}},"40":{"start":{"line":169,"column":12},"end":{"line":169,"column":52}}},"branchMap":{"1":{"line":49,"type":"if","locations":[{"start":{"line":49,"column":8},"end":{"line":49,"column":8}},{"start":{"line":49,"column":8},"end":{"line":49,"column":8}}]},"2":{"line":67,"type":"if","locations":[{"start":{"line":67,"column":8},"end":{"line":67,"column":8}},{"start":{"line":67,"column":8},"end":{"line":67,"column":8}}]},"3":{"line":69,"type":"if","locations":[{"start":{"line":69,"column":8},"end":{"line":69,"column":8}},{"start":{"line":69,"column":8},"end":{"line":69,"column":8}}]},"4":{"line":70,"type":"if","locations":[{"start":{"line":70,"column":8},"end":{"line":70,"column":8}},{"start":{"line":70,"column":8},"end":{"line":70,"column":8}}]},"5":{"line":71,"type":"if","locations":[{"start":{"line":71,"column":12},"end":{"line":71,"column":12}},{"start":{"line":71,"column":12},"end":{"line":71,"column":12}}]},"6":{"line":77,"type":"if","locations":[{"start":{"line":77,"column":12},"end":{"line":77,"column":12}},{"start":{"line":77,"column":12},"end":{"line":77,"column":12}}]},"7":{"line":90,"type":"if","locations":[{"start":{"line":90,"column":8},"end":{"line":90,"column":8}},{"start":{"line":90,"column":8},"end":{"line":90,"column":8}}]},"8":{"line":104,"type":"if","locations":[{"start":{"line":104,"column":8},"end":{"line":104,"column":8}},{"start":{"line":104,"column":8},"end":{"line":104,"column":8}}]},"9":{"line":107,"type":"if","locations":[{"start":{"line":107,"column":15},"end":{"line":107,"column":15}},{"start":{"line":107,"column":15},"end":{"line":107,"column":15}}]},"10":{"line":137,"type":"if","locations":[{"start":{"line":137,"column":8},"end":{"line":137,"column":8}},{"start":{"line":137,"column":8},"end":{"line":137,"column":8}}]},"11":{"line":138,"type":"if","locations":[{"start":{"line":138,"column":8},"end":{"line":138,"column":8}},{"start":{"line":138,"column":8},"end":{"line":138,"column":8}}]},"12":{"line":145,"type":"if","locations":[{"start":{"line":145,"column":12},"end":{"line":145,"column":12}},{"start":{"line":145,"column":12},"end":{"line":145,"column":12}}]},"13":{"line":162,"type":"if","locations":[{"start":{"line":162,"column":15},"end":{"line":162,"column":15}},{"start":{"line":162,"column":15},"end":{"line":162,"column":15}}]},"14":{"line":167,"type":"if","locations":[{"start":{"line":167,"column":8},"end":{"line":167,"column":8}},{"start":{"line":167,"column":8},"end":{"line":167,"column":8}}]}}},
"contracts/surplus/SurplusConverterUniV3.sol":{"l":{"40":3,"41":1,"55":15,"56":13,"57":11,"58":9,"60":5,"61":5,"62":6,"63":4,"65":3,"70":3,"71":3,"72":2,"74":3,"75":3,"81":1,"82":1,"83":1,"100":4,"101":4,"102":2,"103":2,"105":1},"path":"/Users/pabloveyrat/Documents/Angle/Dev/angle-solidity/contracts/surplus/SurplusConverterUniV3.sol","s":{"1":3,"2":1,"3":15,"4":13,"5":11,"6":9,"7":5,"8":5,"9":6,"10":4,"11":3,"12":3,"13":3,"14":2,"15":3,"16":3,"17":1,"18":1,"19":4,"20":4,"21":2,"22":2,"23":1},"b":{"1":[1,2],"2":[13,2],"3":[11,2],"4":[9,2],"5":[5,4],"6":[4,2],"7":[2,1],"8":[2,2],"9":[1,1]},"f":{"1":3,"2":15,"3":1,"4":4},"fnMap":{"1":{"name":"constructor","line":39,"loc":{"start":{"line":32,"column":4},"end":{"line":42,"column":4}}},"2":{"name":"addToken","line":54,"loc":{"start":{"line":50,"column":4},"end":{"line":76,"column":4}}},"3":{"name":"revokeToken","line":80,"loc":{"start":{"line":80,"column":4},"end":{"line":84,"column":4}}},"4":{"name":"buyback","line":99,"loc":{"start":{"line":94,"column":4},"end":{"line":107,"column":4}}}},"statementMap":{"1":{"start":{"line":40,"column":8},"end":{"line":40,"column":51}},"2":{"start":{"line":41,"column":8},"end":{"line":41,"column":59}},"3":{"start":{"line":55,"column":8},"end":{"line":55,"column":40}},"4":{"start":{"line":56,"column":8},"end":{"line":56,"column":46}},"5":{"start":{"line":57,"column":8},"end":{"line":57,"column":68}},"6":{"start":{"line":58,"column":8},"end":{"line":58,"column":115}},"7":{"start":{"line":60,"column":8},"end":{"line":60,"column":25}},"8":{"start":{"line":61,"column":8},"end":{"line":61,"column":2659}},"9":{"start":{"line":62,"column":12},"end":{"line":62,"column":93}},"10":{"start":{"line":63,"column":12},"end":{"line":63,"column":71}},"11":{"start":{"line":65,"column":8},"end":{"line":65,"column":68}},"12":{"start":{"line":70,"column":8},"end":{"line":70,"column":50}},"13":{"start":{"line":71,"column":8},"end":{"line":71,"column":3204}},"14":{"start":{"line":72,"column":12},"end":{"line":72,"column":81}},"15":{"start":{"line":74,"column":8},"end":{"line":74,"column":33}},"16":{"start":{"line":75,"column":8},"end":{"line":75,"column":46}},"17":{"start":{"line":82,"column":8},"end":{"line":82,"column":61}},"18":{"start":{"line":83,"column":8},"end":{"line":83,"column":32}},"19":{"start":{"line":100,"column":8},"end":{"line":100,"column":47}},"20":{"start":{"line":101,"column":8},"end":{"line":101,"column":39}},"21":{"start":{"line":102,"column":8},"end":{"line":102,"column":108}},"22":{"start":{"line":103,"column":8},"end":{"line":103,"column":4804}},"23":{"start":{"line":105,"column":12},"end":{"line":105,"column":52}}},"branchMap":{"1":{"line":40,"type":"if","locations":[{"start":{"line":40,"column":8},"end":{"line":40,"column":8}},{"start":{"line":40,"column":8},"end":{"line":40,"column":8}}]},"2":{"line":55,"type":"if","locations":[{"start":{"line":55,"column":8},"end":{"line":55,"column":8}},{"start":{"line":55,"column":8},"end":{"line":55,"column":8}}]},"3":{"line":56,"type":"if","locations":[{"start":{"line":56,"column":8},"end":{"line":56,"column":8}},{"start":{"line":56,"column":8},"end":{"line":56,"column":8}}]},"4":{"line":57,"type":"if","locations":[{"start":{"line":57,"column":8},"end":{"line":57,"column":8}},{"start":{"line":57,"column":8},"end":{"line":57,"column":8}}]},"5":{"line":58,"type":"if","locations":[{"start":{"line":58,"column":8},"end":{"line":58,"column":8}},{"start":{"line":58,"column":8},"end":{"line":58,"column":8}}]},"6":{"line":62,"type":"if","locations":[{"start":{"line":62,"column":12},"end":{"line":62,"column":12}},{"start":{"line":62,"column":12},"end":{"line":62,"column":12}}]},"7":{"line":71,"type":"if","locations":[{"start":{"line":71,"column":8},"end":{"line":71,"column":8}},{"start":{"line":71,"column":8},"end":{"line":71,"column":8}}]},"8":{"line":101,"type":"if","locations":[{"start":{"line":101,"column":8},"end":{"line":101,"column":8}},{"start":{"line":101,"column":8},"end":{"line":101,"column":8}}]},"9":{"line":103,"type":"if","locations":[{"start":{"line":103,"column":8},"end":{"line":103,"column":8}},{"start":{"line":103,"column":8},"end":{"line":103,"column":8}}]}}},
"contracts/utils/FunctionUtils.sol":{"l":{"31":276,"32":39,"34":179,"36":58,"37":58,"38":58,"39":58,"40":56,"41":56,"42":6,"44":50,"47":58,"51":6,"56":52,"72":608,"73":598,"74":1485,"75":1473,"76":883,"79":580,"86":726,"87":712,"94":644,"95":626},"path":"/Users/pabloveyrat/Documents/Angle/Dev/angle-solidity/contracts/utils/FunctionUtils.sol","s":{"1":276,"2":39,"3":237,"4":179,"5":58,"6":58,"7":58,"8":58,"9":56,"10":56,"11":6,"12":50,"13":58,"14":6,"15":52,"16":608,"17":598,"18":1485,"19":1473,"20":883,"21":726,"22":644},"b":{"1":[39,237],"2":[179,58],"3":[6,50],"4":[6,52],"5":[598,10],"6":[1473,12],"7":[883,590],"8":[877,6],"9":[712,14],"10":[626,18]},"f":{"1":276,"2":608,"3":726,"4":644},"fnMap":{"1":{"name":"_piecewiseLinear","line":26,"loc":{"start":{"line":26,"column":4},"end":{"line":62,"column":4}}},"2":{"name":"onlyCompatibleInputArrays","line":71,"loc":{"start":{"line":71,"column":4},"end":{"line":80,"column":4}}},"3":{"name":"onlyCompatibleFees","line":85,"loc":{"start":{"line":85,"column":4},"end":{"line":88,"column":4}}},"4":{"name":"zeroCheck","line":93,"loc":{"start":{"line":93,"column":4},"end":{"line":96,"column":4}}}},"statementMap":{"1":{"start":{"line":31,"column":8},"end":{"line":31,"column":1707}},"2":{"start":{"line":32,"column":12},"end":{"line":32,"column":44}},"3":{"start":{"line":33,"column":15},"end":{"line":33,"column":1806}},"4":{"start":{"line":34,"column":12},"end":{"line":34,"column":28}},"5":{"start":{"line":36,"column":12},"end":{"line":36,"column":25}},"6":{"start":{"line":37,"column":12},"end":{"line":37,"column":45}},"7":{"start":{"line":38,"column":12},"end":{"line":38,"column":23}},"8":{"start":{"line":39,"column":12},"end":{"line":39,"column":1990}},"9":{"start":{"line":40,"column":16},"end":{"line":40,"column":48}},"10":{"start":{"line":41,"column":16},"end":{"line":41,"column":2089}},"11":{"start":{"line":42,"column":20},"end":{"line":42,"column":30}},"12":{"start":{"line":44,"column":20},"end":{"line":44,"column":30}},"13":{"start":{"line":47,"column":12},"end":{"line":47,"column":2244}},"14":{"start":{"line":51,"column":16},"end":{"line":51,"column":2579}},"15":{"start":{"line":56,"column":16},"end":{"line":56,"column":2790}},"16":{"start":{"line":72,"column":8},"end":{"line":72,"column":72}},"17":{"start":{"line":73,"column":8},"end":{"line":73,"column":3760}},"18":{"start":{"line":74,"column":12},"end":{"line":74,"column":93}},"19":{"start":{"line":75,"column":12},"end":{"line":75,"column":3923}},"20":{"start":{"line":76,"column":16},"end":{"line":76,"column":54}},"21":{"start":{"line":86,"column":8},"end":{"line":86,"column":40}},"22":{"start":{"line":94,"column":8},"end":{"line":94,"column":45}}},"branchMap":{"1":{"line":31,"type":"if","locations":[{"start":{"line":31,"column":8},"end":{"line":31,"column":8}},{"start":{"line":31,"column":8},"end":{"line":31,"column":8}}]},"2":{"line":33,"type":"if","locations":[{"start":{"line":33,"column":15},"end":{"line":33,"column":15}},{"start":{"line":33,"column":15},"end":{"line":33,"column":15}}]},"3":{"line":41,"type":"if","locations":[{"start":{"line":41,"column":16},"end":{"line":41,"column":16}},{"start":{"line":41,"column":16},"end":{"line":41,"column":16}}]},"4":{"line":47,"type":"if","locations":[{"start":{"line":47,"column":12},"end":{"line":47,"column":12}},{"start":{"line":47,"column":12},"end":{"line":47,"column":12}}]},"5":{"line":72,"type":"if","locations":[{"start":{"line":72,"column":8},"end":{"line":72,"column":8}},{"start":{"line":72,"column":8},"end":{"line":72,"column":8}}]},"6":{"line":74,"type":"if","locations":[{"start":{"line":74,"column":12},"end":{"line":74,"column":12}},{"start":{"line":74,"column":12},"end":{"line":74,"column":12}}]},"7":{"line":75,"type":"if","locations":[{"start":{"line":75,"column":12},"end":{"line":75,"column":12}},{"start":{"line":75,"column":12},"end":{"line":75,"column":12}}]},"8":{"line":76,"type":"if","locations":[{"start":{"line":76,"column":16},"end":{"line":76,"column":16}},{"start":{"line":76,"column":16},"end":{"line":76,"column":16}}]},"9":{"line":86,"type":"if","locations":[{"start":{"line":86,"column":8},"end":{"line":86,"column":8}},{"start":{"line":86,"column":8},"end":{"line":86,"column":8}}]},"10":{"line":94,"type":"if","locations":[{"start":{"line":94,"column":8},"end":{"line":94,"column":8}},{"start":{"line":94,"column":8},"end":{"line":94,"column":8}}]}}},
"contracts/utils/PausableMapUpgradeable.sol":{"l":{"31":240,"32":236,"33":236,"40":235,"41":229,"42":229},"path":"/Users/pabloveyrat/Documents/Angle/Dev/angle-solidity/contracts/utils/PausableMapUpgradeable.sol","s":{"1":240,"2":236,"3":236,"4":235,"5":229,"6":229},"b":{"1":[236,4],"2":[229,6]},"f":{"1":240,"2":235},"fnMap":{"1":{"name":"_pause","line":30,"loc":{"start":{"line":30,"column":4},"end":{"line":34,"column":4}}},"2":{"name":"_unpause","line":39,"loc":{"start":{"line":39,"column":4},"end":{"line":43,"column":4}}}},"statementMap":{"1":{"start":{"line":31,"column":8},"end":{"line":31,"column":35}},"2":{"start":{"line":32,"column":8},"end":{"line":32,"column":26}},"3":{"start":{"line":33,"column":8},"end":{"line":33,"column":25}},"4":{"start":{"line":40,"column":8},"end":{"line":40,"column":34}},"5":{"start":{"line":41,"column":8},"end":{"line":41,"column":27}},"6":{"start":{"line":42,"column":8},"end":{"line":42,"column":27}}},"branchMap":{"1":{"line":31,"type":"if","locations":[{"start":{"line":31,"column":8},"end":{"line":31,"column":8}},{"start":{"line":31,"column":8},"end":{"line":31,"column":8}}]},"2":{"line":40,"type":"if","locations":[{"start":{"line":40,"column":8},"end":{"line":40,"column":8}},{"start":{"line":40,"column":8},"end":{"line":40,"column":8}}]}}}}
