TN:
SF:/Users/pabloveyrat/Documents/Angle/Dev/angle-solidity/contracts/agToken/AgToken.sol
FN:33,initialize
FN:47,onlyStableMaster
FN:64,burnNoRedeem
FN:73,burnFromNoRedeem
FN:89,burnSelf
FN:104,burnFrom
FN:112,mint
FN:121,_burnFromNoRedeem
FNF:8
FNH:8
FNDA:83,initialize
FNDA:148,onlyStableMaster
FNDA:5,burnNoRedeem
FNDA:7,burnFromNoRedeem
FNDA:31,burnSelf
FNDA:6,burnFrom
FNDA:105,mint
FNDA:13,_burnFromNoRedeem
DA:34,83
DA:35,83
DA:36,83
DA:37,81
DA:48,148
DA:49,142
DA:65,5
DA:66,5
DA:78,7
DA:79,5
DA:90,31
DA:105,6
DA:113,105
DA:126,13
DA:127,13
DA:128,7
DA:129,7
LF:17
LH:17
BRDA:36,1,0,81
BRDA:36,1,1,2
BRDA:48,2,0,142
BRDA:48,2,1,6
BRDA:127,3,0,7
BRDA:127,3,1,6
BRF:6
BRH:6
end_of_record
TN:
SF:/Users/pabloveyrat/Documents/Angle/Dev/angle-solidity/contracts/bondingCurve/BondingCurve.sol
FN:59,isValid
FN:76,constructor
FN:111,buySoldToken
FN:150,getCurrentPrice
FN:158,getQuantityLeftToSell
FN:165,computePriceFromQuantity
FN:183,recoverERC20
FN:204,changeOracle
FN:224,allowNewStablecoin
FN:247,changeStartPrice
FN:257,changeTokensToSell
FN:270,revokeStablecoin
FN:281,pause
FN:286,unpause
FN:296,_changeTokensToSell
FN:305,_getQuantityLeftToSell
FN:315,_computePriceFromQuantity
FNF:17
FNH:17
FNDA:17,isValid
FNDA:7,constructor
FNDA:12,buySoldToken
FNDA:2,getCurrentPrice
FNDA:1,getQuantityLeftToSell
FNDA:5,computePriceFromQuantity
FNDA:7,recoverERC20
FNDA:3,changeOracle
FNDA:12,allowNewStablecoin
FNDA:4,changeStartPrice
FNDA:7,changeTokensToSell
FNDA:4,revokeStablecoin
FNDA:1,pause
FNDA:3,unpause
FNDA:9,_changeTokensToSell
FNDA:18,_getQuantityLeftToSell
FNDA:15,_computePriceFromQuantity
DA:60,17
DA:65,15
DA:82,7
DA:84,3
DA:85,3
DA:86,1
DA:87,1
DA:89,1
DA:90,1
DA:91,1
DA:93,1
DA:94,1
DA:96,1
DA:112,12
DA:115,10
DA:117,8
DA:119,8
DA:120,5
DA:124,3
DA:125,3
DA:128,3
DA:130,8
DA:133,4
DA:135,2
DA:137,2
DA:140,2
DA:151,2
DA:152,1
DA:154,1
DA:159,1
DA:166,5
DA:184,7
DA:186,4
DA:188,2
DA:190,3
DA:192,3
DA:206,3
DA:207,1
DA:208,1
DA:225,12
DA:226,10
DA:230,8
DA:231,6
DA:233,4
DA:234,2
DA:237,4
DA:239,4
DA:248,4
DA:249,2
DA:251,2
DA:258,7
DA:271,4
DA:272,2
DA:273,2
DA:275,4
DA:277,4
DA:282,1
DA:287,3
DA:297,9
DA:298,7
DA:299,5
DA:301,5
DA:306,18
DA:316,15
DA:317,15
DA:325,12
DA:326,12
DA:327,12
LF:68
LH:68
BRDA:60,1,0,15
BRDA:60,1,1,2
BRDA:82,2,0,3
BRDA:82,2,1,4
BRDA:85,3,0,1
BRDA:85,3,1,2
BRDA:112,4,0,10
BRDA:112,4,1,2
BRDA:119,5,0,5
BRDA:119,5,1,3
BRDA:130,6,0,4
BRDA:130,6,1,4
BRDA:151,7,0,1
BRDA:151,7,1,1
BRDA:184,8,0,4
BRDA:184,8,1,3
BRDA:206,9,0,1
BRDA:206,9,1,2
BRDA:225,10,0,10
BRDA:225,10,1,2
BRDA:226,11,0,8
BRDA:226,11,1,2
BRDA:230,12,0,6
BRDA:230,12,1,2
BRDA:231,13,0,4
BRDA:231,13,1,2
BRDA:233,14,0,2
BRDA:233,14,1,2
BRDA:248,15,0,2
BRDA:248,15,1,2
BRDA:271,16,0,2
BRDA:271,16,1,2
BRDA:297,17,0,7
BRDA:297,17,1,2
BRDA:298,18,0,5
BRDA:298,18,1,2
BRDA:317,19,0,12
BRDA:317,19,1,3
BRF:38
BRH:38
end_of_record
TN:
SF:/Users/pabloveyrat/Documents/Angle/Dev/angle-solidity/contracts/collateralSettler/CollateralSettlerVeANGLE.sol
FN:160,onlyClaimPeriod
FN:172,onlyBaseAmountsComputed
FN:184,constructor
FN:239,triggerSettlement
FN:257,claimUser
FN:289,claimHA
FN:315,claimSLP
FN:330,setAmountToRedistributeEach
FN:389,redeemCollateral
FN:415,setAmountToRedistribute
FN:433,recoverERC20
FN:452,setProportionalRatioGov
FN:461,pause
FN:466,unpause
FN:480,_treatLPClaim
FNF:15
FNH:15
FNDA:56,onlyClaimPeriod
FNDA:20,onlyBaseAmountsComputed
FNDA:18,constructor
FNDA:18,triggerSettlement
FNDA:13,claimUser
FNDA:13,claimHA
FNDA:8,claimSLP
FNDA:12,setAmountToRedistributeEach
FNDA:2,redeemCollateral
FNDA:4,setAmountToRedistribute
FNDA:8,recoverERC20
FNDA:16,setProportionalRatioGov
FNDA:2,pause
FNDA:2,unpause
FNDA:12,_treatLPClaim
DA:161,56
DA:165,44
DA:173,20
DA:174,12
DA:190,18
DA:192,16
DA:193,16
DA:194,16
DA:195,16
DA:197,16
DA:198,16
DA:199,16
DA:200,16
DA:201,16
DA:202,16
DA:203,16
DA:206,16
DA:207,30
DA:208,28
DA:210,28
DA:212,14
DA:213,14
DA:214,14
DA:216,14
DA:240,18
DA:241,16
DA:242,14
DA:243,14
DA:244,14
DA:245,14
DA:246,14
DA:247,14
DA:258,13
DA:259,11
DA:262,9
DA:263,9
DA:264,9
DA:267,5
DA:268,5
DA:269,5
DA:270,5
DA:271,5
DA:272,5
DA:276,9
DA:277,9
DA:278,9
DA:290,13
DA:293,11
DA:294,11
DA:296,7
DA:298,7
DA:303,7
DA:305,6
DA:316,8
DA:317,6
DA:319,6
DA:321,6
DA:332,12
DA:334,8
DA:335,6
DA:337,6
DA:341,6
DA:342,6
DA:343,6
DA:344,5
DA:345,5
DA:347,1
DA:348,1
DA:351,6
DA:352,4
DA:353,4
DA:355,2
DA:356,2
DA:360,6
DA:361,3
DA:362,3
DA:364,3
DA:365,3
DA:368,6
DA:369,2
DA:370,2
DA:372,4
DA:373,4
DA:376,6
DA:391,2
DA:400,2
DA:401,2
DA:402,2
DA:403,2
DA:404,2
DA:405,1
DA:416,4
DA:417,2
DA:419,2
DA:434,8
DA:435,5
DA:436,1
DA:437,1
DA:439,3
DA:441,2
DA:454,16
DA:455,14
DA:456,14
DA:457,14
DA:462,2
DA:467,2
DA:481,12
DA:482,12
DA:483,6
DA:484,6
DA:485,6
DA:486,6
DA:487,6
DA:488,6
DA:490,12
DA:491,12
DA:492,12
LF:117
LH:117
BRDA:161,1,0,44
BRDA:161,1,1,12
BRDA:173,2,0,12
BRDA:173,2,1,8
BRDA:190,3,0,16
BRDA:190,3,1,2
BRDA:207,4,0,28
BRDA:207,4,1,2
BRDA:240,5,0,16
BRDA:240,5,1,2
BRDA:241,6,0,14
BRDA:241,6,1,2
BRDA:258,7,0,11
BRDA:258,7,1,2
BRDA:259,8,0,9
BRDA:259,8,1,2
BRDA:264,9,0,5
BRDA:264,9,1,4
BRDA:290,10,0,11
BRDA:290,10,1,2
BRDA:294,11,0,7
BRDA:294,11,1,4
BRDA:303,12,0,6
BRDA:303,12,1,1
BRDA:316,13,0,6
BRDA:316,13,1,2
BRDA:332,14,0,8
BRDA:332,14,1,4
BRDA:334,15,0,6
BRDA:334,15,1,2
BRDA:343,16,0,5
BRDA:343,16,1,1
BRDA:351,17,0,4
BRDA:351,17,1,2
BRDA:360,18,0,3
BRDA:360,18,1,3
BRDA:368,19,0,2
BRDA:368,19,1,4
BRDA:404,20,0,1
BRDA:404,20,1,1
BRDA:416,21,0,2
BRDA:416,21,1,2
BRDA:434,22,0,5
BRDA:434,22,1,3
BRDA:435,23,0,1
BRDA:435,23,1,4
BRDA:454,24,0,14
BRDA:454,24,1,2
BRDA:482,25,0,6
BRDA:482,25,1,6
BRF:50
BRH:50
end_of_record
TN:
SF:/Users/pabloveyrat/Documents/Angle/Dev/angle-solidity/contracts/core/Core.sol
FN:35,onlyGovernor
FN:43,onlyGuardian
FN:50,zeroCheck
FN:60,constructor
FN:81,setCore
FN:125,deployStableMaster
FN:147,revokeStableMaster
FN:175,addGovernor
FN:193,removeGovernor
FN:228,setGuardian
FN:242,revokeGuardian
FN:257,governorList
FN:264,stablecoinList
FNF:13
FNH:13
FNDA:141,onlyGovernor
FNDA:19,onlyGuardian
FNDA:126,zeroCheck
FNDA:102,constructor
FNDA:15,setCore
FNDA:83,deployStableMaster
FNDA:11,revokeStableMaster
FNDA:10,addGovernor
FNDA:8,removeGovernor
FNDA:12,setGuardian
FNDA:1,revokeGuardian
FNDA:118,governorList
FNDA:2,stablecoinList
DA:36,141
DA:37,131
DA:44,19
DA:45,15
DA:51,126
DA:52,120
DA:62,102
DA:63,98
DA:64,96
DA:65,96
DA:66,96
DA:68,96
DA:69,96
DA:82,15
DA:83,13
DA:86,11
DA:87,11
DA:88,11
DA:89,11
DA:90,11
DA:94,7
DA:95,7
DA:96,9
DA:97,2
DA:98,2
DA:101,7
DA:103,7
DA:104,4
DA:105,4
DA:109,7
DA:111,1
DA:112,1
DA:114,1
DA:126,83
DA:128,83
DA:131,81
DA:134,81
DA:136,81
DA:138,81
DA:148,11
DA:150,11
DA:151,9
DA:152,9
DA:153,2
DA:154,1
DA:155,1
DA:156,1
DA:159,9
DA:160,5
DA:162,5
DA:176,10
DA:177,8
DA:178,8
DA:181,8
DA:184,8
DA:187,8
DA:195,8
DA:196,8
DA:199,6
DA:200,6
DA:201,6
DA:202,2
DA:203,2
DA:204,2
DA:207,6
DA:208,4
DA:210,4
DA:212,4
DA:215,4
DA:218,4
DA:229,12
DA:230,10
DA:231,8
DA:232,8
DA:233,8
DA:234,7
DA:236,8
DA:243,1
DA:244,1
DA:245,1
DA:246,1
DA:248,1
DA:258,118
DA:265,2
LF:84
LH:84
BRDA:36,1,0,131
BRDA:36,1,1,10
BRDA:44,2,0,15
BRDA:44,2,1,4
BRDA:51,3,0,120
BRDA:51,3,1,6
BRDA:62,4,0,98
BRDA:62,4,1,4
BRDA:63,5,0,96
BRDA:63,5,1,2
BRDA:82,6,0,13
BRDA:82,6,1,2
BRDA:83,7,0,11
BRDA:83,7,1,2
BRDA:90,8,0,7
BRDA:90,8,1,4
BRDA:96,9,0,2
BRDA:96,9,1,7
BRDA:103,10,0,4
BRDA:103,10,1,3
BRDA:109,11,0,1
BRDA:109,11,1,6
BRDA:128,12,0,81
BRDA:128,12,1,2
BRDA:150,13,0,9
BRDA:150,13,1,2
BRDA:153,14,0,1
BRDA:153,14,1,1
BRDA:159,15,0,5
BRDA:159,15,1,4
BRDA:176,16,0,8
BRDA:176,16,1,2
BRDA:196,17,0,6
BRDA:196,17,1,2
BRDA:201,18,0,2
BRDA:201,18,1,4
BRDA:207,19,0,4
BRDA:207,19,1,2
BRDA:229,20,0,10
BRDA:229,20,1,2
BRDA:230,21,0,8
BRDA:230,21,1,2
BRF:42
BRH:42
end_of_record
TN:
SF:/Users/pabloveyrat/Documents/Angle/Dev/angle-solidity/contracts/core/CoreEvents.sol
FNF:0
FNH:0
LF:0
LH:0
BRF:0
BRH:0
end_of_record
TN:
SF:/Users/pabloveyrat/Documents/Angle/Dev/angle-solidity/contracts/Create2Deployer/Create2Deployer.sol
FN:12,deploy
FN:26,deploy2
FNF:2
FNH:0
FNDA:0,deploy
FNDA:0,deploy2
DA:13,0
DA:16,0
DA:23,0
DA:27,0
DA:30,0
LF:5
LH:0
BRF:0
BRH:0
end_of_record
TN:
SF:/Users/pabloveyrat/Documents/Angle/Dev/angle-solidity/contracts/dao/ANGLE.sol
FN:30,constructor
FN:40,setMinter
FN:50,mint
FNF:3
FNH:3
FNDA:6,constructor
FNDA:6,setMinter
FNDA:7,mint
DA:31,6
DA:32,2
DA:33,2
DA:34,2
DA:35,2
DA:41,6
DA:42,4
DA:43,2
DA:44,2
DA:51,7
DA:52,5
DA:53,3
DA:55,1
DA:58,1
LF:14
LH:14
BRDA:31,1,0,2
BRDA:31,1,1,4
BRDA:41,2,0,4
BRDA:41,2,1,2
BRDA:42,3,0,2
BRDA:42,3,1,2
BRDA:51,4,0,5
BRDA:51,4,1,2
BRDA:52,5,0,3
BRDA:52,5,1,2
BRDA:53,6,0,1
BRDA:53,6,1,2
BRF:12
BRH:12
end_of_record
TN:
SF:/Users/pabloveyrat/Documents/Angle/Dev/angle-solidity/contracts/dao/Timelock.sol
FN:12,constructor
FNF:1
FNH:1
FNDA:1,constructor
LF:0
LH:0
BRF:0
BRH:0
end_of_record
TN:
SF:/Users/pabloveyrat/Documents/Angle/Dev/angle-solidity/contracts/feeManager/FeeManager.sol
FN:27,constructor
FN:48,deployCollateral
FN:70,updateUsersSLP
FN:96,updateHA
FN:117,setFees
FN:149,setHAFees
FN:164,_checkSlippageCompatibility
FN:187,_piecewiseLinearCollatRatio
FNF:8
FNH:8
FNDA:143,constructor
FNDA:110,deployCollateral
FNDA:138,updateUsersSLP
FNDA:115,updateHA
FNDA:472,setFees
FNDA:115,setHAFees
FNDA:234,_checkSlippageCompatibility
FNDA:679,_piecewiseLinearCollatRatio
DA:28,143
DA:31,141
DA:33,141
DA:34,141
DA:49,110
DA:50,110
DA:52,110
DA:53,110
DA:72,138
DA:74,138
DA:75,138
DA:76,138
DA:77,138
DA:79,138
DA:80,138
DA:97,115
DA:98,115
DA:118,472
DA:119,470
DA:120,1262
DA:121,792
DA:124,468
DA:125,117
DA:126,117
DA:127,117
DA:129,117
DA:130,117
DA:131,117
DA:133,117
DA:134,117
DA:135,117
DA:136,115
DA:138,117
DA:139,117
DA:140,117
DA:141,115
DA:150,115
DA:151,115
DA:167,234
DA:168,124
DA:169,240
DA:170,129
DA:171,127
DA:192,679
DA:193,456
DA:195,128
DA:197,95
DA:198,95
DA:199,95
DA:200,95
DA:201,98
DA:202,98
DA:203,51
DA:205,47
DA:208,95
DA:209,95
DA:210,6
DA:215,89
DA:222,95
LF:59
LH:59
BRDA:118,1,0,470
BRDA:118,1,1,2
BRDA:120,2,0,792
BRDA:120,2,1,470
BRDA:121,3,0,790
BRDA:121,3,1,2
BRDA:124,4,0,117
BRDA:124,4,1,351
BRDA:128,5,0,117
BRDA:128,5,1,234
BRDA:132,6,0,117
BRDA:132,6,1,117
BRDA:167,7,0,124
BRDA:167,7,1,110
BRDA:169,8,0,129
BRDA:169,8,1,111
BRDA:170,9,0,127
BRDA:170,9,1,2
BRDA:171,10,0,125
BRDA:171,10,1,2
BRDA:192,11,0,456
BRDA:192,11,1,223
BRDA:194,12,0,128
BRDA:194,12,1,95
BRDA:202,13,0,51
BRDA:202,13,1,47
BRDA:209,14,0,6
BRDA:209,14,1,89
BRF:28
BRH:28
end_of_record
TN:
SF:/Users/pabloveyrat/Documents/Angle/Dev/angle-solidity/contracts/genericLender/GenericAave.sol
FN:62,constructor
FN:99,deposit
FN:107,withdraw
FN:114,emergencyWithdraw
FN:121,withdrawAll
FN:127,startCooldown
FN:135,harvest
FN:170,nav
FN:175,underlyingBalanceStored
FN:180,apr
FN:185,weightedApr
FN:192,aprAfterDeposit
FN:228,hasAssets
FN:233,harvestTrigger
FN:240,_apr
FN:259,_nav
FN:264,_withdraw
FN:299,_deposit
FN:322,_lendingPool
FN:327,_checkCooldown
FN:348,_incentivesRate
FN:372,_AAVEtoWant
FN:393,_sellAAVEForWant
FN:407,_incentivesController
FN:416,_protectedTokens
FN:427,setIsIncentivised
FN:440,setReferralCode
FN:448,setPath
FNF:28
FNH:28
FNDA:9,constructor
FNDA:4,deposit
FNDA:4,withdraw
FNDA:1,emergencyWithdraw
FNDA:1,withdrawAll
FNDA:1,startCooldown
FNDA:5,harvest
FNDA:1,nav
FNDA:5,underlyingBalanceStored
FNDA:5,apr
FNDA:1,weightedApr
FNDA:2,aprAfterDeposit
FNDA:2,hasAssets
FNDA:4,harvestTrigger
FNDA:6,_apr
FNDA:3,_nav
FNDA:5,_withdraw
FNDA:6,_deposit
FNDA:18,_lendingPool
FNDA:9,_checkCooldown
FNDA:8,_incentivesRate
FNDA:2,_AAVEtoWant
FNDA:3,_sellAAVEForWant
FNDA:16,_incentivesController
FNDA:3,_protectedTokens
FNDA:1,setIsIncentivised
FNDA:3,setReferralCode
FNDA:1,setPath
DA:65,9
DA:71,3
DA:75,3
DA:76,3
DA:77,3
DA:78,3
DA:79,3
DA:80,3
DA:81,3
DA:82,3
DA:83,3
DA:87,3
DA:91,1
DA:93,1
DA:100,4
DA:101,4
DA:108,4
DA:115,1
DA:117,1
DA:122,1
DA:123,1
DA:124,1
DA:129,1
DA:136,5
DA:138,3
DA:139,3
DA:140,2
DA:144,3
DA:145,3
DA:148,3
DA:149,3
DA:150,2
DA:154,3
DA:155,3
DA:156,3
DA:157,3
DA:158,2
DA:162,3
DA:163,2
DA:171,1
DA:176,5
DA:181,5
DA:186,1
DA:187,1
DA:194,2
DA:196,2
DA:209,2
DA:211,2
DA:213,2
DA:222,2
DA:224,2
DA:229,2
DA:234,4
DA:241,6
DA:242,6
DA:254,6
DA:255,6
DA:260,3
DA:265,5
DA:266,5
DA:267,5
DA:269,5
DA:271,1
DA:274,5
DA:275,2
DA:276,2
DA:280,3
DA:282,3
DA:283,3
DA:285,3
DA:287,3
DA:290,0
DA:293,3
DA:294,3
DA:295,3
DA:300,6
DA:305,6
DA:306,0
DA:307,0
DA:310,6
DA:311,6
DA:312,6
DA:313,5
DA:315,1
DA:318,6
DA:323,18
DA:328,9
DA:329,3
DA:332,6
DA:333,6
DA:334,6
DA:335,6
DA:336,5
DA:340,1
DA:351,8
DA:352,8
DA:353,3
DA:354,3
DA:355,3
DA:356,2
DA:358,2
DA:360,2
DA:363,6
DA:374,2
DA:376,2
DA:377,0
DA:378,0
DA:379,0
DA:381,2
DA:382,2
DA:383,2
DA:384,2
DA:387,2
DA:388,2
DA:394,3
DA:395,1
DA:398,2
DA:399,0
DA:400,0
DA:403,2
DA:408,16
DA:409,15
DA:411,1
DA:417,3
DA:418,3
DA:419,3
DA:420,3
DA:430,1
DA:434,1
DA:435,1
DA:441,3
DA:442,1
DA:443,1
DA:449,1
DA:450,1
LF:135
LH:127
BRDA:65,1,0,3
BRDA:65,1,1,6
BRDA:71,2,0,3
BRDA:71,2,1,0
BRDA:87,3,0,1
BRDA:87,3,1,2
BRDA:136,4,0,3
BRDA:136,4,1,2
BRDA:139,5,0,2
BRDA:139,5,1,1
BRDA:149,6,0,2
BRDA:149,6,1,1
BRDA:157,7,0,2
BRDA:157,7,1,1
BRDA:162,8,0,2
BRDA:162,8,1,1
BRDA:269,9,0,1
BRDA:269,9,1,4
BRDA:274,10,0,2
BRDA:274,10,1,3
BRDA:282,11,0,3
BRDA:282,11,1,0
BRDA:285,12,0,3
BRDA:285,12,1,0
BRDA:305,13,0,0
BRDA:305,13,1,6
BRDA:312,14,0,5
BRDA:312,14,1,1
BRDA:328,15,0,3
BRDA:328,15,1,6
BRDA:335,16,0,5
BRDA:335,16,1,1
BRDA:352,17,0,3
BRDA:352,17,1,5
BRDA:355,18,0,2
BRDA:355,18,1,1
BRDA:376,19,0,0
BRDA:376,19,1,2
BRDA:394,20,0,1
BRDA:394,20,1,2
BRDA:398,21,0,0
BRDA:398,21,1,2
BRDA:408,22,0,15
BRDA:408,22,1,1
BRDA:430,23,0,1
BRDA:430,23,1,0
BRDA:441,24,0,1
BRDA:441,24,1,2
BRF:48
BRH:41
end_of_record
TN:
SF:/Users/pabloveyrat/Documents/Angle/Dev/angle-solidity/contracts/genericLender/GenericCompound.sol
FN:58,constructor
FN:80,deposit
FN:88,withdraw
FN:94,withdrawAll
FN:103,nav
FN:108,underlyingBalanceStored
FN:119,apr
FN:124,weightedApr
FN:133,aprAfterDeposit
FN:151,hasAssets
FN:159,setPath
FN:167,emergencyWithdraw
FN:177,_apr
FN:182,_nav
FN:187,_withdraw
FN:223,_disposeOfComp
FN:233,_incentivesRate
FN:253,_comptoWant
FN:276,_protectedTokens
FNF:19
FNH:19
FNDA:26,constructor
FNDA:26,deposit
FNDA:27,withdraw
FNDA:13,withdrawAll
FNDA:74,nav
FNDA:92,underlyingBalanceStored
FNDA:33,apr
FNDA:3,weightedApr
FNDA:42,aprAfterDeposit
FNDA:66,hasAssets
FNDA:1,setPath
FNDA:1,emergencyWithdraw
FNDA:36,_apr
FNDA:90,_nav
FNDA:40,_withdraw
FNDA:26,_disposeOfComp
FNDA:78,_incentivesRate
FNDA:78,_comptoWant
FNDA:3,_protectedTokens
DA:60,26
DA:66,20
DA:67,20
DA:68,20
DA:69,20
DA:70,20
DA:71,20
DA:72,20
DA:73,16
DA:74,16
DA:81,26
DA:82,26
DA:89,27
DA:95,13
DA:96,13
DA:97,13
DA:104,74
DA:109,92
DA:110,92
DA:111,15
DA:114,77
DA:120,33
DA:125,3
DA:126,3
DA:134,42
DA:136,42
DA:138,42
DA:140,42
DA:142,42
DA:145,42
DA:147,42
DA:152,66
DA:160,1
DA:161,1
DA:169,1
DA:171,1
DA:178,36
DA:183,90
DA:188,40
DA:189,40
DA:190,40
DA:192,40
DA:194,13
DA:197,40
DA:198,14
DA:199,14
DA:203,26
DA:205,26
DA:206,26
DA:208,26
DA:210,26
DA:213,0
DA:216,26
DA:217,26
DA:218,26
DA:219,26
DA:224,26
DA:226,26
DA:227,1
DA:234,78
DA:235,78
DA:237,78
DA:238,78
DA:240,78
DA:241,14
DA:244,64
DA:246,78
DA:254,78
DA:255,1
DA:258,77
DA:260,77
DA:261,0
DA:262,0
DA:263,0
DA:265,77
DA:266,77
DA:267,77
DA:268,77
DA:271,77
DA:272,77
DA:277,3
DA:278,3
DA:279,3
DA:280,3
DA:281,3
LF:85
LH:81
BRDA:60,1,0,20
BRDA:60,1,1,6
BRDA:72,2,0,16
BRDA:72,2,1,4
BRDA:82,3,0,24
BRDA:82,3,1,2
BRDA:110,4,0,15
BRDA:110,4,1,77
BRDA:192,5,0,13
BRDA:192,5,1,27
BRDA:197,6,0,14
BRDA:197,6,1,26
BRDA:205,7,0,26
BRDA:205,7,1,0
BRDA:208,8,0,26
BRDA:208,8,1,0
BRDA:210,9,0,26
BRDA:210,9,1,0
BRDA:213,10,0,0
BRDA:213,10,1,0
BRDA:226,11,0,1
BRDA:226,11,1,25
BRDA:240,12,0,14
BRDA:240,12,1,64
BRDA:254,13,0,1
BRDA:254,13,1,77
BRDA:260,14,0,0
BRDA:260,14,1,77
BRF:28
BRH:22
end_of_record
TN:
SF:/Users/pabloveyrat/Documents/Angle/Dev/angle-solidity/contracts/genericLender/GenericLenderBase.sol
FN:43,constructor
FN:101,sweep
FNF:2
FNH:2
FNDA:37,constructor
FNDA:6,sweep
DA:49,37
DA:51,37
DA:52,35
DA:53,35
DA:55,35
DA:56,35
DA:57,35
DA:59,35
DA:60,35
DA:61,35
DA:62,35
DA:64,35
DA:102,6
DA:103,6
DA:105,2
LF:15
LH:15
BRDA:103,1,0,11
BRDA:103,1,1,4
BRF:2
BRH:2
end_of_record
TN:
SF:/Users/pabloveyrat/Documents/Angle/Dev/angle-solidity/contracts/middleman/AngleMiddleman.sol
FN:65,constructor
FN:95,addGauges
FN:139,_getSpenderPolygon
FN:147,notifyReward
FN:175,revokeApproval
FN:182,changeAllowance
FN:193,removeGauge
FN:214,recoverERC20
FN:221,recoverETH
FNF:9
FNH:9
FNDA:151,constructor
FNDA:50,addGauges
FNDA:15,_getSpenderPolygon
FNDA:8,notifyReward
FNDA:2,revokeApproval
FNDA:8,changeAllowance
FNDA:3,removeGauge
FNDA:1,recoverERC20
FNDA:2,recoverETH
DA:66,151
DA:67,150
DA:69,149
DA:71,149
DA:72,153
DA:73,151
DA:76,147
DA:77,147
DA:78,147
DA:96,50
DA:97,49
DA:104,39
DA:105,56
DA:107,50
DA:108,23
DA:110,49
DA:111,27
DA:114,45
DA:115,45
DA:117,39
DA:118,39
DA:119,39
DA:122,39
DA:123,20
DA:125,14
DA:126,14
DA:128,14
DA:129,10
DA:133,37
DA:140,15
DA:141,15
DA:148,8
DA:149,8
DA:151,7
DA:155,4
DA:160,1
DA:167,2
DA:170,5
DA:176,2
DA:183,8
DA:184,8
DA:185,3
DA:187,4
DA:194,3
DA:195,3
DA:196,2
DA:197,1
DA:199,1
DA:203,2
DA:204,2
DA:215,1
DA:216,1
DA:222,2
DA:223,1
LF:54
LH:54
BRDA:66,1,0,150
BRDA:66,1,1,1
BRDA:67,2,0,149
BRDA:67,2,1,1
BRDA:72,3,0,151
BRDA:72,3,1,2
BRDA:96,4,0,49
BRDA:96,4,1,1
BRDA:97,5,0,39
BRDA:97,5,1,10
BRDA:105,6,0,50
BRDA:105,6,1,6
BRDA:107,7,0,23
BRDA:107,7,1,27
BRDA:108,8,0,22
BRDA:108,8,1,1
BRDA:110,9,0,27
BRDA:110,9,1,22
BRDA:111,10,0,23
BRDA:111,10,1,4
BRDA:115,11,0,39
BRDA:115,11,1,6
BRDA:122,12,0,20
BRDA:122,12,1,19
BRDA:124,13,0,14
BRDA:124,13,1,5
BRDA:128,14,0,10
BRDA:128,14,1,4
BRDA:149,15,0,7
BRDA:149,15,1,1
BRDA:151,16,0,4
BRDA:151,16,1,3
BRDA:156,17,0,1
BRDA:156,17,1,2
BRDA:165,18,0,2
BRDA:165,18,1,0
BRDA:184,19,0,3
BRDA:184,19,1,5
BRDA:186,20,0,4
BRDA:186,20,1,1
BRDA:195,21,0,2
BRDA:195,21,1,1
BRDA:196,22,0,1
BRDA:196,22,1,1
BRDA:198,23,0,1
BRDA:198,23,1,0
BRDA:222,24,0,1
BRDA:222,24,1,1
BRF:48
BRH:46
end_of_record
TN:
SF:/Users/pabloveyrat/Documents/Angle/Dev/angle-solidity/contracts/oracle/modules/ModuleChainlinkMulti.sol
FN:24,constructor
FN:56,_quoteChainlink
FNF:2
FNH:2
FNDA:24,constructor
FNDA:17,_quoteChainlink
DA:30,24
DA:31,24
DA:32,22
DA:34,20
DA:35,18
DA:36,23
DA:37,21
DA:39,16
DA:41,16
DA:42,42
DA:43,42
DA:44,42
DA:47,16
DA:48,16
DA:57,17
DA:59,17
DA:60,44
DA:68,17
LF:18
LH:18
BRDA:31,1,0,22
BRDA:31,1,1,2
BRDA:32,2,0,20
BRDA:32,2,1,2
BRDA:34,3,0,18
BRDA:34,3,1,2
BRDA:36,4,0,21
BRDA:36,4,1,2
BRF:8
BRH:8
end_of_record
TN:
SF:/Users/pabloveyrat/Documents/Angle/Dev/angle-solidity/contracts/oracle/modules/ModuleChainlinkSingle.sol
FN:23,constructor
FN:47,_quoteChainlink
FNF:2
FNH:2
FNDA:8,constructor
FNDA:25,_quoteChainlink
DA:29,8
DA:30,6
DA:31,6
DA:33,6
DA:34,4
DA:35,4
DA:36,2
DA:38,2
DA:40,2
DA:41,2
DA:49,25
LF:11
LH:11
BRDA:29,1,0,6
BRDA:29,1,1,2
BRDA:33,2,0,4
BRDA:33,2,1,2
BRDA:35,3,0,2
BRDA:35,3,1,2
BRF:6
BRH:6
end_of_record
TN:
SF:/Users/pabloveyrat/Documents/Angle/Dev/angle-solidity/contracts/oracle/modules/ModuleUniswapMulti.sol
FN:24,constructor
FN:58,_quoteUniswap
FN:69,increaseTWAPStore
FNF:3
FNH:3
FNDA:16,constructor
FNDA:25,_quoteUniswap
FNDA:1,increaseTWAPStore
DA:32,16
DA:33,16
DA:34,21
DA:35,21
DA:37,16
DA:39,16
DA:40,12
DA:41,12
DA:42,10
DA:44,8
DA:46,8
DA:47,8
DA:49,8
DA:50,12
DA:59,25
DA:60,39
DA:63,25
DA:70,1
DA:71,2
LF:19
LH:19
BRDA:32,1,0,16
BRDA:32,1,1,0
BRDA:34,2,0,21
BRDA:34,2,1,0
BRDA:39,3,0,12
BRDA:39,3,1,4
BRDA:41,4,0,10
BRDA:41,4,1,2
BRDA:42,5,0,8
BRDA:42,5,1,2
BRF:10
BRH:8
end_of_record
TN:
SF:/Users/pabloveyrat/Documents/Angle/Dev/angle-solidity/contracts/oracle/OracleAbstract.sol
FN:32,readAll
FN:42,readLower
FN:52,readUpper
FN:70,readQuoteLower
FN:81,_readAll
FNF:5
FNH:4
FNDA:16,readAll
FNDA:6,readLower
FNDA:6,readUpper
FNDA:6,readQuoteLower
FNDA:0,_readAll
DA:33,16
DA:43,6
DA:53,6
DA:71,6
DA:72,3
LF:5
LH:5
BRF:0
BRH:0
end_of_record
TN:
SF:/Users/pabloveyrat/Documents/Angle/Dev/angle-solidity/contracts/oracle/OracleChainlinkSingle.sol
FN:30,constructor
FN:37,read
FN:45,readQuote
FN:54,_readAll
FN:62,_readQuote
FNF:5
FNH:5
FNDA:2,constructor
FNDA:4,read
FNDA:4,readQuote
FNDA:17,_readAll
FNDA:21,_readQuote
DA:31,2
DA:32,2
DA:38,4
DA:46,4
DA:55,17
DA:56,4
DA:63,21
DA:64,21
DA:66,5
LF:9
LH:9
BRF:0
BRH:0
end_of_record
TN:
SF:/Users/pabloveyrat/Documents/Angle/Dev/angle-solidity/contracts/oracle/OracleDAI.sol
FN:55,constructor
FN:72,read
FN:81,readQuote
FN:90,_readAll
FN:130,_changeUniswapNotFinal
FN:148,_readUniswapQuote
FNF:6
FNH:6
FNDA:4,constructor
FNDA:2,read
FNDA:2,readQuote
FNDA:7,_readAll
FNDA:10,_changeUniswapNotFinal
FNDA:4,_readUniswapQuote
DA:57,4
DA:59,2
DA:60,2
DA:61,2
DA:62,2
DA:64,2
DA:65,2
DA:73,2
DA:82,2
DA:91,7
DA:94,7
DA:96,7
DA:97,7
DA:99,7
DA:101,7
DA:102,1
DA:106,7
DA:108,7
DA:109,4
DA:110,2
DA:112,1
DA:114,1
DA:116,3
DA:117,1
DA:119,1
DA:121,1
DA:131,10
DA:132,10
DA:139,10
DA:149,4
DA:151,4
DA:152,4
DA:153,2
LF:33
LH:33
BRDA:57,1,0,2
BRDA:57,1,1,2
BRDA:101,2,0,1
BRDA:101,2,1,6
BRDA:108,3,0,4
BRDA:108,3,1,3
BRDA:109,4,0,2
BRDA:109,4,1,2
BRDA:111,5,0,1
BRDA:111,5,1,1
BRDA:116,6,0,1
BRDA:116,6,1,2
BRDA:118,7,0,1
BRDA:118,7,1,1
BRDA:152,8,0,2
BRDA:152,8,1,2
BRF:16
BRH:16
end_of_record
TN:
SF:/Users/pabloveyrat/Documents/Angle/Dev/angle-solidity/contracts/oracle/OracleMulti.sol
FN:55,constructor
FN:72,read
FN:81,readQuote
FN:90,_readAll
FN:115,_changeUniswapNotFinal
FN:133,_readUniswapQuote
FNF:6
FNH:6
FNDA:4,constructor
FNDA:2,read
FNDA:2,readQuote
FNDA:10,_readAll
FNDA:6,_changeUniswapNotFinal
FNDA:4,_readUniswapQuote
DA:57,4
DA:59,2
DA:60,2
DA:61,2
DA:62,2
DA:64,2
DA:65,2
DA:73,2
DA:82,2
DA:91,10
DA:94,10
DA:96,10
DA:97,10
DA:99,10
DA:101,10
DA:102,4
DA:105,10
DA:106,9
DA:116,6
DA:117,6
DA:124,6
DA:134,4
DA:136,4
DA:137,4
DA:138,2
LF:25
LH:25
BRDA:57,1,0,2
BRDA:57,1,1,2
BRDA:101,2,0,4
BRDA:101,2,1,6
BRDA:105,3,0,9
BRDA:105,3,1,1
BRDA:137,4,0,2
BRDA:137,4,1,2
BRF:8
BRH:8
end_of_record
TN:
SF:/Users/pabloveyrat/Documents/Angle/Dev/angle-solidity/contracts/oracle/utils/ChainlinkUtils.sol
FN:29,_readChainlinkFeed
FN:49,changeStalePeriod
FNF:2
FNH:2
FNDA:85,_readChainlinkFeed
FNDA:2,changeStalePeriod
DA:36,85
DA:37,73
DA:38,67
DA:39,54
DA:42,66
DA:44,66
DA:50,2
LF:7
LH:7
BRDA:36,1,0,73
BRDA:36,1,1,12
BRDA:38,2,0,54
BRDA:38,2,1,13
BRDA:42,3,0,23
BRDA:42,3,1,43
BRF:6
BRH:6
end_of_record
TN:
SF:/Users/pabloveyrat/Documents/Angle/Dev/angle-solidity/contracts/oracle/utils/UniswapUtils.sol
FN:30,_readUniswapPool
FN:55,changeTwapPeriod
FNF:2
FNH:2
FNDA:39,_readUniswapPool
FNDA:5,changeTwapPeriod
DA:35,39
DA:37,39
DA:38,39
DA:40,39
DA:41,39
DA:43,39
DA:46,39
DA:47,0
DA:50,39
DA:56,5
DA:57,1
LF:11
LH:10
BRDA:46,1,0,0
BRDA:46,1,1,39
BRDA:56,2,0,1
BRDA:56,2,1,4
BRF:4
BRH:3
end_of_record
TN:
SF:/Users/pabloveyrat/Documents/Angle/Dev/angle-solidity/contracts/orchestrator/Orchestrator.sol
FN:16,constructor
FN:24,initCollateral
FNF:2
FNH:2
FNDA:1,constructor
FNDA:7,initCollateral
DA:17,1
DA:31,7
DA:32,5
DA:33,3
DA:35,3
DA:36,3
DA:38,3
DA:39,3
DA:40,3
DA:41,3
DA:43,3
DA:45,3
DA:46,3
DA:48,3
DA:49,3
DA:50,3
DA:51,3
DA:52,3
DA:53,3
DA:55,3
DA:56,3
DA:58,3
DA:59,1
DA:60,1
LF:24
LH:24
BRDA:31,1,0,5
BRDA:31,1,1,2
BRF:2
BRH:2
end_of_record
TN:
SF:/Users/pabloveyrat/Documents/Angle/Dev/angle-solidity/contracts/orchestrator/OrchestratorOwnable.sol
FN:50,constructor
FN:57,setOwner
FN:66,initCollateral
FNF:3
FNH:3
FNDA:1,constructor
FNDA:4,setOwner
FNDA:5,initCollateral
DA:51,1
DA:58,4
DA:59,2
DA:73,5
DA:74,3
DA:75,1
DA:77,1
DA:78,1
DA:80,1
DA:81,1
DA:82,1
DA:83,1
DA:85,1
DA:87,1
DA:88,1
DA:90,1
DA:91,1
DA:92,1
DA:93,1
DA:94,1
DA:95,1
DA:97,1
DA:98,1
DA:100,1
DA:101,1
DA:102,1
LF:26
LH:26
BRDA:58,1,0,2
BRDA:58,1,1,2
BRDA:73,2,0,3
BRDA:73,2,1,2
BRF:4
BRH:4
end_of_record
TN:
SF:/Users/pabloveyrat/Documents/Angle/Dev/angle-solidity/contracts/perpetualManager/PerpetualManager.sol
FN:35,onlyApprovedOrOwner
FN:41,onlyRewardsDistribution
FN:61,deployCollateral
FN:78,notifyRewardAmount
FN:113,recoverERC20
FN:126,setNewRewardsDistribution
FN:139,setFeeKeeper
FN:150,pause
FN:155,unpause
FN:171,setRewardDistribution
FN:182,setBaseURI
FN:191,setLockTime
FN:206,setBoundsPerpetual
FN:230,setHAFees
FN:252,setTargetAndLimitHAHedge
FN:269,setKeeperFeesLiquidationRatio
FN:283,setKeeperFeesCap
FN:300,setKeeperFeesClosing
FN:314,setFeeManager
FN:324,setOracle
FNF:20
FNH:20
FNDA:149,onlyApprovedOrOwner
FNDA:47,onlyRewardsDistribution
FNDA:112,deployCollateral
FNDA:30,notifyRewardAmount
FNDA:3,recoverERC20
FNDA:2,setNewRewardsDistribution
FNDA:119,setFeeKeeper
FNDA:8,pause
FNDA:114,unpause
FNDA:27,setRewardDistribution
FNDA:2,setBaseURI
FNDA:15,setLockTime
FNDA:121,setBoundsPerpetual
FNDA:231,setHAFees
FNDA:117,setTargetAndLimitHAHedge
FNDA:115,setKeeperFeesLiquidationRatio
FNDA:115,setKeeperFeesCap
FNDA:115,setKeeperFeesClosing
FNDA:1,setFeeManager
FNDA:5,setOracle
DA:36,149
DA:37,102
DA:42,47
DA:43,35
DA:62,112
DA:63,112
DA:66,112
DA:67,112
DA:68,112
DA:69,112
DA:79,30
DA:81,30
DA:83,29
DA:85,1
DA:86,1
DA:88,1
DA:94,30
DA:96,30
DA:98,28
DA:100,28
DA:101,28
DA:114,3
DA:115,1
DA:116,1
DA:127,2
DA:128,2
DA:140,119
DA:141,115
DA:142,115
DA:151,8
DA:156,114
DA:173,27
DA:174,27
DA:175,27
DA:183,2
DA:184,2
DA:192,15
DA:193,15
DA:209,121
DA:210,119
DA:211,119
DA:212,119
DA:231,231
DA:232,115
DA:233,115
DA:235,116
DA:236,116
DA:238,231
DA:254,117
DA:255,115
DA:256,115
DA:258,115
DA:259,115
DA:271,115
DA:272,115
DA:285,115
DA:286,115
DA:287,115
DA:302,115
DA:303,115
DA:304,115
DA:315,1
DA:325,5
DA:326,1
LF:64
LH:64
BRDA:36,1,0,102
BRDA:36,1,1,47
BRDA:42,2,0,35
BRDA:42,2,1,12
BRDA:81,3,0,29
BRDA:81,3,1,1
BRDA:96,4,0,28
BRDA:96,4,1,2
BRDA:114,5,0,1
BRDA:114,5,1,2
BRDA:140,6,0,115
BRDA:140,6,1,4
BRDA:209,7,0,119
BRDA:209,7,1,2
BRDA:231,8,0,115
BRDA:231,8,1,116
BRDA:254,9,0,115
BRDA:254,9,1,2
BRDA:325,10,0,1
BRDA:325,10,1,4
BRF:20
BRH:20
end_of_record
TN:
SF:/Users/pabloveyrat/Documents/Angle/Dev/angle-solidity/contracts/perpetualManager/PerpetualManagerFront.sol
FN:35,initialize
FN:86,openPerpetual
FN:146,closePerpetual
FN:181,addToPerpetual
FN:205,removeFromPerpetual
FN:243,liquidatePerpetuals
FN:274,forceClosePerpetuals
FN:377,getCashOutAmount
FN:386,earned
FN:393,getReward
FN:400,name
FN:405,symbol
FN:411,tokenURI
FN:433,balanceOf
FN:440,ownerOf
FN:450,approve
FN:460,getApproved
FN:468,setApprovalForAll
FN:477,isApprovedForAll
FN:483,isApprovedOrOwner
FN:495,transferFrom
FN:503,safeTransferFrom
FN:520,safeTransferFrom
FN:532,supportsInterface
FNF:24
FNH:24
FNDA:112,initialize
FNDA:134,openPerpetual
FNDA:36,closePerpetual
FNDA:29,addToPerpetual
FNDA:34,removeFromPerpetual
FNDA:11,liquidatePerpetuals
FNDA:12,forceClosePerpetuals
FNDA:9,getCashOutAmount
FNDA:26,earned
FNDA:17,getReward
FNDA:1,name
FNDA:1,symbol
FNDA:4,tokenURI
FNDA:3,balanceOf
FNDA:29,ownerOf
FNDA:9,approve
FNDA:2,getApproved
FNDA:8,setApprovalForAll
FNDA:4,isApprovedForAll
FNDA:13,isApprovedOrOwner
FNDA:6,transferFrom
FNDA:15,safeTransferFrom
FNDA:9,safeTransferFrom
FNDA:1,supportsInterface
DA:38,112
DA:39,112
DA:42,112
DA:43,112
DA:44,112
DA:45,112
DA:46,112
DA:53,112
DA:55,112
DA:56,112
DA:59,112
DA:88,134
DA:93,130
DA:97,126
DA:100,126
DA:103,124
DA:105,120
DA:106,104
DA:108,102
DA:111,100
DA:112,100
DA:116,100
DA:119,100
DA:121,100
DA:125,100
DA:126,98
DA:148,36
DA:149,36
DA:152,36
DA:153,36
DA:155,33
DA:157,27
DA:159,27
DA:166,27
DA:167,25
DA:168,25
DA:183,29
DA:184,29
DA:185,29
DA:186,21
DA:188,20
DA:189,16
DA:190,16
DA:207,34
DA:208,34
DA:210,34
DA:211,34
DA:213,33
DA:227,5
DA:228,5
DA:230,5
DA:245,11
DA:246,11
DA:247,11
DA:248,11
DA:249,11
DA:251,10
DA:252,10
DA:253,10
DA:257,8
DA:261,11
DA:262,11
DA:277,12
DA:280,12
DA:281,12
DA:284,12
DA:285,10
DA:286,10
DA:289,10
DA:291,10
DA:292,11
DA:293,11
DA:294,11
DA:296,9
DA:298,9
DA:299,9
DA:304,1
DA:309,7
DA:310,7
DA:312,7
DA:313,1
DA:315,6
DA:318,7
DA:323,7
DA:326,7
DA:330,9
DA:334,10
DA:343,10
DA:345,10
DA:353,10
DA:355,10
DA:357,10
DA:360,10
DA:361,12
DA:362,7
DA:365,10
DA:378,9
DA:379,9
DA:387,26
DA:394,17
DA:401,1
DA:406,1
DA:412,4
DA:415,3
DA:416,3
DA:417,3
DA:418,3
DA:419,3
DA:421,3
DA:422,3
DA:423,3
DA:424,3
DA:425,3
DA:427,3
DA:434,3
DA:435,2
DA:441,29
DA:451,9
DA:452,9
DA:453,7
DA:455,5
DA:461,2
DA:462,1
DA:469,8
DA:470,6
DA:471,6
DA:478,4
DA:484,13
DA:496,6
DA:508,15
DA:521,9
DA:533,1
LF:132
LH:132
BRDA:88,1,0,130
BRDA:88,1,1,4
BRDA:100,2,0,124
BRDA:100,2,1,2
BRDA:106,3,0,102
BRDA:106,3,1,2
BRDA:108,4,0,100
BRDA:108,4,1,2
BRDA:153,5,0,33
BRDA:153,5,1,3
BRDA:155,6,0,27
BRDA:155,6,1,6
BRDA:166,7,0,25
BRDA:166,7,1,2
BRDA:186,8,0,20
BRDA:186,8,1,1
BRDA:211,9,0,33
BRDA:211,9,1,1
BRDA:213,10,0,5
BRDA:213,10,1,28
BRDA:249,11,0,10
BRDA:249,11,1,1
BRDA:253,12,0,8
BRDA:253,12,1,2
BRDA:284,13,0,10
BRDA:284,13,1,2
BRDA:294,14,0,9
BRDA:294,14,1,2
BRDA:299,15,0,1
BRDA:299,15,1,8
BRDA:305,16,0,7
BRDA:305,16,1,1
BRDA:312,17,0,1
BRDA:312,17,1,6
BRDA:330,18,0,7
BRDA:330,18,1,2
BRDA:361,19,0,7
BRDA:361,19,1,5
BRDA:412,20,0,3
BRDA:412,20,1,1
BRDA:434,21,0,2
BRDA:434,21,1,1
BRDA:452,22,0,7
BRDA:452,22,1,2
BRDA:453,23,0,5
BRDA:453,23,1,2
BRDA:461,24,0,1
BRDA:461,24,1,1
BRDA:469,25,0,6
BRDA:469,25,1,2
BRF:50
BRH:50
end_of_record
TN:
SF:/Users/pabloveyrat/Documents/Angle/Dev/angle-solidity/contracts/perpetualManager/PerpetualManagerInternal.sol
FN:22,_closePerpetual
FN:42,_secureTransfer
FN:65,_checkLiquidation
FN:90,_getCashOutAmount
FN:117,_getOraclePrice
FN:128,_computeKeeperLiquidationFees
FN:138,_computeHedgeRatio
FN:156,_getNetMargin
FN:187,_getNetCashOutAmount
FN:207,_lastTimeRewardApplicable
FN:218,_rewardPerToken
FN:234,_getReward
FN:259,_earned
FN:272,_updateReward
FN:286,_ownerOf
FN:294,_getApproved
FN:309,_safeTransfer
FN:323,_exists
FN:329,_isApprovedOrOwner
FN:341,_mint
FN:351,_burn
FN:368,_transfer
FN:387,_approve
FN:399,_checkOnERC721Received
FNF:24
FNH:24
FNDA:56,_closePerpetual
FNDA:58,_secureTransfer
FNDA:118,_checkLiquidation
FNDA:127,_getCashOutAmount
FNDA:248,_getOraclePrice
FNDA:9,_computeKeeperLiquidationFees
FNDA:147,_computeHedgeRatio
FNDA:120,_getNetMargin
FNDA:34,_getNetCashOutAmount
FNDA:379,_lastTimeRewardApplicable
FNDA:402,_rewardPerToken
FNDA:73,_getReward
FNDA:199,_earned
FNDA:173,_updateReward
FNDA:335,_ownerOf
FNDA:47,_getApproved
FNDA:9,_safeTransfer
FNDA:17,_exists
FNDA:162,_isApprovedOrOwner
FNDA:100,_mint
FNDA:56,_burn
FNDA:15,_transfer
FNDA:64,_approve
FNDA:109,_checkOnERC721Received
DA:26,56
DA:27,56
DA:28,56
DA:31,56
DA:33,56
DA:43,58
DA:44,58
DA:46,35
DA:51,3
DA:52,3
DA:53,3
DA:70,118
DA:71,118
DA:72,118
DA:73,22
DA:75,14
DA:77,110
DA:97,127
DA:100,127
DA:101,127
DA:106,105
DA:107,105
DA:108,1
DA:118,248
DA:129,9
DA:130,9
DA:141,147
DA:142,147
DA:143,131
DA:164,120
DA:165,120
DA:168,104
DA:171,104
DA:174,104
DA:192,34
DA:194,34
DA:195,34
DA:196,1
DA:197,1
DA:199,33
DA:208,379
DA:209,379
DA:219,402
DA:220,196
DA:222,206
DA:235,73
DA:236,73
DA:237,73
DA:238,16
DA:239,16
DA:246,16
DA:247,16
DA:260,199
DA:273,173
DA:274,173
DA:277,173
DA:278,173
DA:287,335
DA:288,335
DA:295,47
DA:315,9
DA:316,9
DA:324,17
DA:331,162
DA:332,148
DA:342,100
DA:343,100
DA:344,100
DA:345,100
DA:352,56
DA:355,48
DA:357,48
DA:358,48
DA:359,48
DA:361,48
DA:373,15
DA:374,13
DA:377,11
DA:379,11
DA:380,11
DA:381,11
DA:383,11
DA:388,64
DA:389,64
DA:405,109
DA:406,9
DA:409,1
DA:411,8
DA:412,6
DA:415,2
DA:421,100
LF:91
LH:91
BRDA:44,1,0,35
BRDA:44,1,1,23
BRDA:47,2,0,3
BRDA:47,2,1,20
BRDA:72,3,0,22
BRDA:72,3,1,96
BRDA:101,4,0,22
BRDA:101,4,1,105
BRDA:107,5,0,1
BRDA:107,5,1,104
BRDA:142,6,0,131
BRDA:142,6,1,16
BRDA:165,7,0,104
BRDA:165,7,1,16
BRDA:195,8,0,1
BRDA:195,8,1,33
BRDA:219,9,0,196
BRDA:219,9,1,206
BRDA:237,10,0,16
BRDA:237,10,1,57
BRDA:288,11,0,308
BRDA:288,11,1,27
BRDA:316,12,0,3
BRDA:316,12,1,6
BRDA:345,13,0,98
BRDA:345,13,1,2
BRDA:373,14,0,13
BRDA:373,14,1,2
BRDA:374,15,0,11
BRDA:374,15,1,2
BRDA:405,16,0,9
BRDA:405,16,1,100
BRDA:411,17,0,6
BRDA:411,17,1,2
BRF:34
BRH:34
end_of_record
TN:
SF:/Users/pabloveyrat/Documents/Angle/Dev/angle-solidity/contracts/poolManager/PoolManager.sol
FN:26,initialize
FN:65,deployCollateral
FN:90,addGovernor
FN:101,removeGovernor
FN:110,setGuardian
FN:117,revokeGuardian
FN:123,setFeeManager
FN:137,estimatedAPR
FN:162,creditAvailable
FN:176,debtOutstanding
FN:203,report
FN:288,recoverERC20
FN:330,addStrategy
FN:360,setSurplusConverter
FN:372,setInterestsForSurplus
FN:385,updateStrategyDebtRatio
FN:391,setStrategyEmergencyExit
FN:401,revokeStrategy
FN:434,withdrawFromStrategy
FN:460,pushSurplus
FN:479,getBalance
FN:486,getTotalAsset
FNF:22
FNH:22
FNDA:114,initialize
FNDA:112,deployCollateral
FNDA:10,addGovernor
FNDA:8,removeGovernor
FNDA:12,setGuardian
FNDA:2,revokeGuardian
FNDA:1,setFeeManager
FNDA:2,estimatedAPR
FNDA:4,creditAvailable
FNDA:42,debtOutstanding
FNDA:56,report
FNDA:11,recoverERC20
FNDA:28,addStrategy
FNDA:4,setSurplusConverter
FNDA:4,setInterestsForSurplus
FNDA:20,updateStrategyDebtRatio
FNDA:5,setStrategyEmergencyExit
FNDA:9,revokeStrategy
FNDA:16,withdrawFromStrategy
FNDA:5,pushSurplus
FNDA:69,getBalance
FNDA:222,getTotalAsset
DA:28,114
DA:31,114
DA:32,114
DA:37,114
DA:38,114
DA:39,114
DA:40,114
DA:68,112
DA:69,112
DA:72,112
DA:73,112
DA:74,112
DA:76,112
DA:79,112
DA:80,112
DA:84,110
DA:85,110
DA:92,10
DA:96,10
DA:103,8
DA:104,8
DA:111,12
DA:112,12
DA:118,2
DA:125,1
DA:126,1
DA:138,2
DA:139,2
DA:142,2
DA:145,2
DA:147,1
DA:148,1
DA:153,1
DA:163,4
DA:165,4
DA:167,4
DA:169,3
DA:177,42
DA:179,42
DA:181,42
DA:183,28
DA:204,56
DA:206,54
DA:209,54
DA:210,54
DA:211,54
DA:219,54
DA:220,54
DA:222,27
DA:223,27
DA:224,27
DA:225,27
DA:226,26
DA:229,27
DA:230,27
DA:231,27
DA:232,27
DA:233,15
DA:236,54
DA:239,54
DA:240,10
DA:241,10
DA:243,10
DA:245,1
DA:246,1
DA:248,10
DA:249,10
DA:253,54
DA:254,16
DA:255,16
DA:258,16
DA:259,4
DA:260,4
DA:263,16
DA:289,11
DA:291,8
DA:304,8
DA:315,2
DA:317,3
DA:319,3
DA:331,28
DA:333,28
DA:334,26
DA:337,24
DA:338,22
DA:341,20
DA:342,20
DA:343,20
DA:345,20
DA:348,20
DA:349,20
DA:351,20
DA:361,4
DA:362,4
DA:363,4
DA:374,4
DA:375,4
DA:386,20
DA:392,5
DA:393,5
DA:394,5
DA:402,9
DA:404,9
DA:405,7
DA:406,5
DA:407,5
DA:409,3
DA:410,3
DA:411,1
DA:412,1
DA:416,3
DA:419,3
DA:420,3
DA:422,3
DA:424,3
DA:435,16
DA:436,16
DA:438,10
DA:439,10
DA:442,10
DA:443,10
DA:445,10
DA:451,10
DA:464,5
DA:465,5
DA:466,3
DA:467,3
DA:469,3
DA:470,3
DA:471,3
DA:480,69
DA:487,222
LF:132
LH:132
BRDA:145,1,0,1
BRDA:145,1,1,1
BRDA:167,2,0,1
BRDA:167,2,1,3
BRDA:181,3,0,14
BRDA:181,3,1,28
BRDA:204,4,0,54
BRDA:204,4,1,2
BRDA:220,5,0,27
BRDA:220,5,1,27
BRDA:225,6,0,26
BRDA:225,6,1,1
BRDA:232,7,0,15
BRDA:232,7,1,12
BRDA:239,8,0,10
BRDA:239,8,1,44
BRDA:243,9,0,8
BRDA:243,9,1,2
BRDA:244,10,0,1
BRDA:244,10,1,1
BRDA:253,11,0,16
BRDA:253,11,1,38
BRDA:258,12,0,4
BRDA:258,12,1,12
BRDA:289,13,0,8
BRDA:289,13,1,3
BRDA:304,14,0,2
BRDA:304,14,1,6
BRDA:333,15,0,26
BRDA:333,15,1,2
BRDA:334,16,0,24
BRDA:334,16,1,2
BRDA:337,17,0,22
BRDA:337,17,1,2
BRDA:338,18,0,20
BRDA:338,18,1,2
BRDA:404,19,0,7
BRDA:404,19,1,2
BRDA:405,20,0,5
BRDA:405,20,1,2
BRDA:407,21,0,3
BRDA:407,21,1,2
BRDA:410,22,0,1
BRDA:410,22,1,2
BRDA:436,23,0,10
BRDA:436,23,1,6
BRDA:451,24,0,2
BRDA:451,24,1,8
BRDA:465,25,0,3
BRDA:465,25,1,2
BRF:50
BRH:50
end_of_record
TN:
SF:/Users/pabloveyrat/Documents/Angle/Dev/angle-solidity/contracts/poolManager/PoolManagerInternal.sol
FN:33,_addGuardian
FN:48,_revokeGuardian
FN:62,_updateStrategyDebtRatio
FN:74,_getBalance
FN:81,_getTotalAsset
FNF:5
FNH:5
FNDA:22,_addGuardian
FNDA:22,_revokeGuardian
FNDA:25,_updateStrategyDebtRatio
FNDA:430,_getBalance
FNDA:331,_getTotalAsset
DA:36,22
DA:38,22
DA:39,22
DA:40,22
DA:41,22
DA:42,9
DA:49,22
DA:50,22
DA:51,22
DA:52,22
DA:53,22
DA:54,10
DA:63,25
DA:64,25
DA:65,21
DA:66,21
DA:67,17
DA:68,17
DA:75,430
DA:82,331
LF:20
LH:20
BRDA:64,1,0,21
BRDA:64,1,1,4
BRDA:66,2,0,17
BRDA:66,2,1,4
BRF:4
BRH:4
end_of_record
TN:
SF:/Users/pabloveyrat/Documents/Angle/Dev/angle-solidity/contracts/router/AngleRouter01.sol
FN:144,initialize
FN:199,onlyGovernorOrGuardian
FN:211,setGovernorOrGuardian
FN:222,addStableMaster
FN:237,removeStableMaster
FN:251,addPairs
FN:293,removePairs
FN:328,setLiquidityGauges
FN:359,changeAllowance
FN:377,recoverERC20
FN:405,claimRewards
FN:425,gaugeDeposit
FN:443,mint
FN:461,deposit
FN:480,openPerpetual
FN:505,addToPerpetual
FN:538,mixer
FN:736,_claimRewards
FN:775,_claimWeeklyInterest
FN:799,_gaugeDeposit
FN:821,_mint
FN:855,_deposit
FN:894,_withdraw
FN:937,_openPerpetual
FN:970,_addToPerpetual
FN:990,_searchList
FN:1004,_addToList
FN:1024,_computeProportion
FN:1044,_getInternalContracts
FN:1065,_changeAllowance
FN:1087,_transferAndSwap
FN:1107,_swapOnUniswapV3
FN:1126,_swapOn1Inch
FN:1146,_revertBytes
FNF:34
FNH:28
FNDA:15,initialize
FNDA:68,onlyGovernorOrGuardian
FNDA:7,setGovernorOrGuardian
FNDA:6,addStableMaster
FNDA:4,removeStableMaster
FNDA:11,addPairs
FNDA:11,removePairs
FNDA:11,setLiquidityGauges
FNDA:6,changeAllowance
FNDA:2,recoverERC20
FNDA:0,claimRewards
FNDA:0,gaugeDeposit
FNDA:0,mint
FNDA:0,deposit
FNDA:0,openPerpetual
FNDA:0,addToPerpetual
FNDA:41,mixer
FNDA:10,_claimRewards
FNDA:6,_claimWeeklyInterest
FNDA:4,_gaugeDeposit
FNDA:11,_mint
FNDA:8,_deposit
FNDA:4,_withdraw
FNDA:6,_openPerpetual
FNDA:3,_addToPerpetual
FNDA:71,_searchList
FNDA:35,_addToList
FNDA:36,_computeProportion
FNDA:41,_getInternalContracts
FNDA:34,_changeAllowance
FNDA:13,_transferAndSwap
FNDA:6,_swapOnUniswapV3
FNDA:5,_swapOn1Inch
FNDA:2,_revertBytes
DA:146,15
DA:153,11
DA:154,10
DA:156,8
DA:160,7
DA:161,7
DA:162,7
DA:163,7
DA:165,7
DA:167,13
DA:170,13
DA:173,12
DA:175,9
DA:176,9
DA:177,9
DA:178,9
DA:179,9
DA:183,9
DA:184,9
DA:185,9
DA:200,68
DA:201,58
DA:212,7
DA:213,6
DA:214,4
DA:216,4
DA:225,6
DA:226,5
DA:227,4
DA:228,2
DA:229,2
DA:238,4
DA:239,4
DA:240,4
DA:252,11
DA:253,8
DA:254,10
DA:256,10
DA:260,8
DA:262,8
DA:265,8
DA:267,7
DA:268,7
DA:269,7
DA:271,7
DA:272,6
DA:273,5
DA:274,5
DA:276,6
DA:277,6
DA:278,6
DA:294,11
DA:299,8
DA:300,8
DA:301,8
DA:302,10
DA:304,8
DA:307,2
DA:308,2
DA:310,6
DA:311,6
DA:312,6
DA:313,6
DA:314,6
DA:329,11
DA:330,8
DA:331,8
DA:332,8
DA:333,8
DA:334,8
DA:335,8
DA:336,5
DA:337,5
DA:338,3
DA:340,5
DA:342,4
DA:343,3
DA:345,4
DA:360,6
DA:361,5
DA:362,10
DA:378,2
DA:379,2
DA:406,0
DA:426,0
DA:427,0
DA:444,0
DA:445,0
DA:462,0
DA:463,0
DA:481,0
DA:482,0
DA:506,0
DA:507,0
DA:540,41
DA:541,12
DA:554,41
DA:555,41
DA:557,41
DA:558,18
DA:559,16
DA:567,39
DA:570,13
DA:577,9
DA:581,35
DA:582,52
DA:583,10
DA:592,10
DA:601,6
DA:606,6
DA:611,6
DA:612,3
DA:617,4
DA:622,4
DA:623,4
DA:625,8
DA:635,8
DA:636,8
DA:646,8
DA:648,4
DA:656,4
DA:658,4
DA:664,4
DA:666,11
DA:676,11
DA:677,11
DA:687,6
DA:698,6
DA:700,6
DA:711,3
DA:719,3
DA:720,3
DA:727,29
DA:728,281
DA:744,10
DA:750,7
DA:751,13
DA:754,5
DA:755,7
DA:756,7
DA:758,7
DA:762,7
DA:764,7
DA:780,6
DA:781,6
DA:783,3
DA:784,3
DA:786,3
DA:805,4
DA:830,11
DA:831,11
DA:832,1
DA:834,10
DA:835,10
DA:836,10
DA:839,11
DA:864,8
DA:865,8
DA:866,2
DA:868,6
DA:869,6
DA:870,6
DA:871,6
DA:874,8
DA:876,3
DA:877,3
DA:878,3
DA:880,5
DA:882,8
DA:900,4
DA:903,4
DA:904,4
DA:905,1
DA:906,1
DA:907,1
DA:909,3
DA:910,3
DA:914,3
DA:917,4
DA:919,4
DA:921,4
DA:923,4
DA:947,6
DA:948,5
DA:949,5
DA:952,6
DA:977,3
DA:978,2
DA:979,2
DA:981,3
DA:991,71
DA:992,71
DA:993,62
DA:994,23
DA:996,32
DA:1010,35
DA:1012,35
DA:1013,35
DA:1030,36
DA:1033,36
DA:1035,36
DA:1036,36
DA:1049,41
DA:1050,41
DA:1056,41
DA:1058,37
DA:1070,34
DA:1071,34
DA:1072,20
DA:1074,14
DA:1094,13
DA:1095,11
DA:1099,9
DA:1114,6
DA:1115,2
DA:1116,2
DA:1118,6
DA:1132,5
DA:1133,4
DA:1134,4
DA:1138,5
DA:1139,5
DA:1141,3
DA:1142,3
DA:1147,2
DA:1149,1
DA:1153,1
LF:227
LH:216
BRDA:146,1,0,11
BRDA:146,1,1,4
BRDA:153,2,0,10
BRDA:153,2,1,1
BRDA:154,3,0,8
BRDA:154,3,1,2
BRDA:173,4,0,9
BRDA:173,4,1,3
BRDA:200,5,0,58
BRDA:200,5,1,10
BRDA:212,6,0,6
BRDA:212,6,1,1
BRDA:213,7,0,4
BRDA:213,7,1,2
BRDA:214,8,0,2
BRDA:214,8,1,2
BRDA:225,9,0,5
BRDA:225,9,1,1
BRDA:226,10,0,4
BRDA:226,10,1,1
BRDA:227,11,0,2
BRDA:227,11,1,2
BRDA:252,12,0,8
BRDA:252,12,1,3
BRDA:265,13,0,7
BRDA:265,13,1,1
BRDA:271,14,0,6
BRDA:271,14,1,1
BRDA:272,15,0,5
BRDA:272,15,1,1
BRDA:294,16,0,8
BRDA:294,16,1,3
BRDA:302,17,0,8
BRDA:302,17,1,2
BRDA:313,18,0,5
BRDA:313,18,1,1
BRDA:329,19,0,8
BRDA:329,19,1,3
BRDA:335,20,0,5
BRDA:335,20,1,3
BRDA:337,21,0,3
BRDA:337,21,1,2
BRDA:340,22,0,4
BRDA:340,22,1,1
BRDA:342,23,0,3
BRDA:342,23,1,1
BRDA:360,24,0,5
BRDA:360,24,1,1
BRDA:582,25,0,10
BRDA:582,25,1,42
BRDA:600,26,0,6
BRDA:600,26,1,36
BRDA:611,27,0,3
BRDA:611,27,1,3
BRDA:616,28,0,4
BRDA:616,28,1,32
BRDA:624,29,0,8
BRDA:624,29,1,24
BRDA:646,30,0,3
BRDA:646,30,1,5
BRDA:647,31,0,4
BRDA:647,31,1,20
BRDA:665,32,0,11
BRDA:665,32,1,9
BRDA:686,33,0,6
BRDA:686,33,1,3
BRDA:710,34,0,3
BRDA:710,34,1,0
BRDA:728,35,0,2
BRDA:728,35,1,279
BRDA:744,36,0,7
BRDA:744,36,1,3
BRDA:756,37,0,0
BRDA:756,37,1,7
BRDA:781,38,0,3
BRDA:781,38,1,3
BRDA:831,39,0,1
BRDA:831,39,1,10
BRDA:865,40,0,2
BRDA:865,40,1,6
BRDA:874,41,0,3
BRDA:874,41,1,5
BRDA:904,42,0,1
BRDA:904,42,1,3
BRDA:947,43,0,5
BRDA:947,43,1,1
BRDA:977,44,0,2
BRDA:977,44,1,1
BRDA:993,45,0,39
BRDA:993,45,1,23
BRDA:1012,46,0,32
BRDA:1012,46,1,3
BRDA:1033,47,0,36
BRDA:1033,47,1,0
BRDA:1056,48,0,37
BRDA:1056,48,1,4
BRDA:1071,49,0,20
BRDA:1071,49,1,14
BRDA:1073,50,0,14
BRDA:1073,50,1,0
BRDA:1095,51,0,6
BRDA:1095,51,1,5
BRDA:1096,52,0,5
BRDA:1096,52,1,0
BRDA:1097,53,0,0
BRDA:1097,53,1,0
BRDA:1114,54,0,2
BRDA:1114,54,1,4
BRDA:1132,55,0,4
BRDA:1132,55,1,1
BRDA:1139,56,0,2
BRDA:1139,56,1,3
BRDA:1142,57,0,3
BRDA:1142,57,1,0
BRDA:1147,58,0,1
BRDA:1147,58,1,1
BRF:116
BRH:108
end_of_record
TN:
SF:/Users/pabloveyrat/Documents/Angle/Dev/angle-solidity/contracts/sanToken/SanToken.sol
FN:44,initialize
FN:65,onlyStableMaster
FN:77,decimals
FN:83,burnNoRedeem
FN:95,mint
FN:103,burnSelf
FN:115,burnFrom
FNF:7
FNH:7
FNDA:111,initialize
FNDA:74,onlyStableMaster
FNDA:17,decimals
FNDA:1,burnNoRedeem
FNDA:44,mint
FNDA:18,burnSelf
FNDA:6,burnFrom
DA:45,111
DA:46,111
DA:48,111
DA:49,111
DA:55,111
DA:66,74
DA:67,68
DA:78,17
DA:84,1
DA:96,44
DA:104,18
DA:116,6
DA:117,6
DA:118,2
DA:119,2
LF:15
LH:15
BRDA:66,1,0,68
BRDA:66,1,1,6
BRDA:117,2,0,2
BRDA:117,2,1,4
BRF:4
BRH:4
end_of_record
TN:
SF:/Users/pabloveyrat/Documents/Angle/Dev/angle-solidity/contracts/stableMaster/StableMaster.sol
FN:39,deploy
FN:56,accumulateInterest
FN:69,signalLoss
FN:107,convertToSLP
FN:122,setTargetHAHedge
FN:136,getStocksUsers
FN:143,getCollateralRatio
FN:167,setFeeKeeper
FN:193,updateStocksUsers
FN:209,setCore
FN:220,addGovernor
FN:237,removeGovernor
FN:254,setGuardian
FN:266,revokeGuardian
FN:289,deployCollateral
FN:355,revokeCollateral
FN:408,pause
FN:419,unpause
FN:439,rebalanceStocksUsers
FN:461,setOracle
FN:484,setCapOnStableAndMaxInterests
FN:505,setFeeManager
FN:527,setIncentivesForSLPs
FN:555,setUserFees
FNF:24
FNH:24
FNDA:81,deploy
FNDA:12,accumulateInterest
FNDA:20,signalLoss
FNDA:5,convertToSLP
FNDA:115,setTargetHAHedge
FNDA:159,getStocksUsers
FNDA:153,getCollateralRatio
FNDA:140,setFeeKeeper
FNDA:12,updateStocksUsers
FNDA:1,setCore
FNDA:8,addGovernor
FNDA:4,removeGovernor
FNDA:7,setGuardian
FNDA:1,revokeGuardian
FNDA:136,deployCollateral
FNDA:8,revokeCollateral
FNDA:15,pause
FNDA:237,unpause
FNDA:7,rebalanceStocksUsers
FNDA:7,setOracle
FNDA:122,setCapOnStableAndMaxInterests
FNDA:7,setFeeManager
FNDA:117,setIncentivesForSLPs
FNDA:234,setUserFees
DA:40,81
DA:41,81
DA:42,81
DA:44,81
DA:45,81
DA:58,12
DA:59,12
DA:61,10
DA:71,20
DA:72,20
DA:73,20
DA:74,18
DA:75,18
DA:77,11
DA:79,8
DA:81,8
DA:82,3
DA:85,8
DA:86,8
DA:90,3
DA:91,3
DA:93,3
DA:95,11
DA:109,5
DA:110,5
DA:111,5
DA:114,3
DA:115,1
DA:116,1
DA:124,115
DA:125,115
DA:126,115
DA:127,115
DA:137,159
DA:144,153
DA:145,153
DA:147,99
DA:149,54
DA:150,54
DA:152,183
DA:154,54
DA:175,140
DA:176,140
DA:178,134
DA:179,134
DA:180,134
DA:181,134
DA:194,12
DA:195,10
DA:196,10
DA:197,6
DA:198,2
DA:199,2
DA:211,1
DA:212,1
DA:213,1
DA:222,8
DA:223,8
DA:225,8
DA:227,10
DA:239,4
DA:240,4
DA:242,4
DA:244,8
DA:255,7
DA:256,7
DA:258,7
DA:259,12
DA:267,1
DA:268,1
DA:269,2
DA:294,136
DA:305,118
DA:306,118
DA:308,118
DA:310,114
DA:311,114
DA:314,112
DA:315,112
DA:316,112
DA:317,112
DA:319,112
DA:320,112
DA:325,112
DA:326,112
DA:327,112
DA:332,112
DA:333,112
DA:336,112
DA:337,112
DA:340,112
DA:341,110
DA:359,8
DA:360,8
DA:361,8
DA:362,6
DA:363,4
DA:364,1
DA:365,1
DA:366,1
DA:369,6
DA:370,4
DA:371,4
DA:375,4
DA:376,4
DA:377,4
DA:378,4
DA:381,4
DA:386,4
DA:387,4
DA:390,4
DA:394,4
DA:409,15
DA:411,15
DA:412,13
DA:420,237
DA:422,237
DA:423,235
DA:440,7
DA:441,7
DA:443,7
DA:444,5
DA:447,5
DA:448,3
DA:449,1
DA:450,1
DA:451,1
DA:463,7
DA:465,7
DA:466,5
DA:468,3
DA:469,1
DA:470,1
DA:471,1
DA:485,122
DA:487,122
DA:490,122
DA:491,120
DA:492,120
DA:493,120
DA:506,7
DA:508,7
DA:509,5
DA:510,3
DA:511,1
DA:512,1
DA:513,1
DA:514,1
DA:528,117
DA:529,117
DA:530,115
DA:531,115
DA:532,115
DA:556,234
DA:557,234
DA:558,232
DA:559,116
DA:560,116
DA:562,116
DA:563,116
DA:565,232
LF:161
LH:161
BRDA:75,1,0,11
BRDA:75,1,1,7
BRDA:77,2,0,8
BRDA:77,2,1,3
BRDA:81,3,0,3
BRDA:81,3,1,5
BRDA:145,4,0,99
BRDA:145,4,1,54
BRDA:194,5,0,10
BRDA:194,5,1,2
BRDA:197,6,0,2
BRDA:197,6,1,4
BRDA:294,7,0,118
BRDA:294,7,1,18
BRDA:308,8,0,114
BRDA:308,8,1,4
BRDA:311,9,0,112
BRDA:311,9,1,2
BRDA:361,10,0,6
BRDA:361,10,1,2
BRDA:363,11,0,1
BRDA:363,11,1,3
BRDA:369,12,0,4
BRDA:369,12,1,2
BRDA:447,13,0,3
BRDA:447,13,1,2
BRDA:466,14,0,3
BRDA:466,14,1,2
BRDA:468,15,0,1
BRDA:468,15,1,2
BRDA:490,16,0,120
BRDA:490,16,1,2
BRDA:509,17,0,3
BRDA:509,17,1,2
BRDA:510,18,0,1
BRDA:510,18,1,2
BRDA:558,19,0,116
BRDA:558,19,1,116
BRF:38
BRH:38
end_of_record
TN:
SF:/Users/pabloveyrat/Documents/Angle/Dev/angle-solidity/contracts/stableMaster/StableMasterFront.sol
FN:19,initialize
FN:50,mint
FN:116,burn
FN:181,deposit
FN:209,withdraw
FNF:5
FNH:5
FNDA:81,initialize
FNDA:119,mint
FNDA:45,burn
FNDA:55,deposit
FNDA:32,withdraw
DA:20,81
DA:22,81
DA:23,81
DA:25,81
DA:26,81
DA:27,81
DA:56,119
DA:57,119
DA:59,115
DA:63,113
DA:69,109
DA:74,109
DA:77,109
DA:80,109
DA:84,107
DA:86,107
DA:89,105
DA:96,105
DA:99,105
DA:124,45
DA:126,45
DA:127,41
DA:135,39
DA:142,37
DA:143,31
DA:145,6
DA:149,33
DA:153,33
DA:159,33
DA:161,33
DA:164,31
DA:167,31
DA:170,31
DA:172,31
DA:187,55
DA:188,55
DA:189,51
DA:190,47
DA:194,47
DA:195,43
DA:215,32
DA:216,32
DA:217,28
DA:218,24
DA:220,24
DA:221,18
DA:223,6
DA:226,18
DA:228,18
LF:49
LH:49
BRDA:80,1,0,107
BRDA:80,1,1,2
BRDA:86,2,0,105
BRDA:86,2,1,2
BRDA:135,3,0,37
BRDA:135,3,1,2
BRDA:142,4,0,31
BRDA:142,4,1,6
BRDA:161,5,0,31
BRDA:161,5,1,2
BRDA:220,6,0,18
BRDA:220,6,1,6
BRF:12
BRH:12
end_of_record
TN:
SF:/Users/pabloveyrat/Documents/Angle/Dev/angle-solidity/contracts/stableMaster/StableMasterInternal.sol
FN:21,_contractMapCheck
FN:29,_whenNotPaused
FN:45,_updateSanRate
FN:96,_computeFeeMint
FN:120,_computeFeeBurn
FN:143,_computeHedgeRatio
FNF:6
FNH:6
FNDA:1304,_contractMapCheck
FNDA:238,_whenNotPaused
FNDA:218,_updateSanRate
FNDA:109,_computeFeeMint
FNDA:33,_computeFeeBurn
FNDA:128,_computeHedgeRatio
DA:22,1304
DA:30,238
DA:46,218
DA:50,218
DA:51,81
DA:52,81
DA:54,20
DA:56,2
DA:57,2
DA:59,18
DA:60,18
DA:62,20
DA:64,61
DA:68,218
DA:69,135
DA:73,2
DA:74,2
DA:77,22
DA:78,22
DA:80,22
DA:83,135
DA:85,218
DA:86,218
DA:97,109
DA:98,109
DA:101,13
DA:103,96
DA:105,96
DA:109,109
DA:121,33
DA:122,33
DA:124,1
DA:126,32
DA:128,32
DA:132,33
DA:145,128
DA:146,128
DA:147,128
LF:38
LH:38
BRDA:22,1,0,1258
BRDA:22,1,1,46
BRDA:30,2,0,224
BRDA:30,2,1,14
BRDA:50,3,0,81
BRDA:50,3,1,137
BRDA:52,4,0,20
BRDA:52,4,1,61
BRDA:54,5,0,2
BRDA:54,5,1,18
BRDA:68,6,0,135
BRDA:68,6,1,83
BRDA:69,7,0,2
BRDA:69,7,1,133
BRDA:75,8,0,22
BRDA:75,8,1,111
BRDA:98,9,0,13
BRDA:98,9,1,96
BRDA:122,10,0,1
BRDA:122,10,1,32
BRDA:147,11,0,106
BRDA:147,11,1,22
BRF:22
BRH:22
end_of_record
TN:
SF:/Users/pabloveyrat/Documents/Angle/Dev/angle-solidity/contracts/staking/AngleDistributor.sol
FN:93,initialize
FN:130,_distributeReward
FN:215,_updateMiningParameters
FN:239,_toggleInterfaceKnown
FN:252,distributeReward
FN:267,distributeRewardToMultipleGauges
FN:281,updateMiningParameters
FN:299,recoverERC20
FN:320,setGaugeController
FN:338,setDelegateGauge
FN:360,setRate
FN:383,toggleGauge
FN:396,toggleDistributions
FN:405,toggleInterfaceKnown
FNF:14
FNH:14
FNDA:18,initialize
FNDA:17,_distributeReward
FNDA:7,_updateMiningParameters
FNDA:5,_toggleInterfaceKnown
FNDA:13,distributeReward
FNDA:7,distributeRewardToMultipleGauges
FNDA:4,updateMiningParameters
FNDA:6,recoverERC20
FNDA:4,setGaugeController
FNDA:8,setDelegateGauge
FNDA:4,setRate
FNDA:2,toggleGauge
FNDA:5,toggleDistributions
FNDA:3,toggleInterfaceKnown
DA:94,18
DA:98,10
DA:99,10
DA:100,10
DA:101,10
DA:103,10
DA:104,10
DA:105,10
DA:106,10
DA:107,10
DA:108,10
DA:109,10
DA:110,10
DA:111,10
DA:132,17
DA:133,17
DA:136,13
DA:139,13
DA:140,5
DA:141,5
DA:144,2
DA:148,8
DA:150,8
DA:151,2
DA:154,11
DA:156,11
DA:157,11
DA:158,16
DA:159,16
DA:161,11
DA:164,5
DA:166,16
DA:173,16
DA:178,11
DA:182,11
DA:184,7
DA:185,7
DA:187,5
DA:189,7
DA:191,3
DA:194,3
DA:195,1
DA:198,4
DA:202,1
DA:203,1
DA:206,3
DA:208,11
DA:217,7
DA:220,7
DA:221,7
DA:223,7
DA:224,7
DA:226,7
DA:228,9
DA:229,9
DA:231,7
DA:232,7
DA:233,7
DA:240,5
DA:241,5
DA:242,5
DA:254,13
DA:256,11
DA:257,1
DA:259,11
DA:269,7
DA:271,5
DA:272,4
DA:274,5
DA:275,6
DA:282,4
DA:283,2
DA:304,6
DA:305,5
DA:308,5
DA:314,2
DA:315,2
DA:321,4
DA:322,2
DA:323,2
DA:339,8
DA:340,4
DA:342,4
DA:344,8
DA:346,8
DA:347,2
DA:363,4
DA:368,2
DA:369,2
DA:384,2
DA:385,2
DA:386,1
DA:387,1
DA:389,2
DA:390,2
DA:397,5
DA:398,5
DA:399,5
DA:406,3
LF:99
LH:99
BRDA:94,1,0,10
BRDA:94,1,1,8
BRDA:133,2,0,13
BRDA:133,2,1,4
BRDA:139,3,0,5
BRDA:139,3,1,8
BRDA:141,4,0,2
BRDA:141,4,1,3
BRDA:150,5,0,2
BRDA:150,5,1,6
BRDA:159,6,0,11
BRDA:159,6,1,5
BRDA:182,7,0,7
BRDA:182,7,1,4
BRDA:185,8,0,5
BRDA:185,8,1,2
BRDA:189,9,0,3
BRDA:189,9,1,4
BRDA:194,10,0,1
BRDA:194,10,1,2
BRDA:200,11,0,1
BRDA:200,11,1,3
BRDA:254,12,0,11
BRDA:254,12,1,2
BRDA:256,13,0,1
BRDA:256,13,1,10
BRDA:269,14,0,5
BRDA:269,14,1,2
BRDA:271,15,0,4
BRDA:271,15,1,1
BRDA:282,16,0,2
BRDA:282,16,1,2
BRDA:304,17,0,5
BRDA:304,17,1,1
BRDA:308,18,0,1
BRDA:308,18,1,4
BRDA:321,19,0,2
BRDA:321,19,1,2
BRDA:339,20,0,4
BRDA:339,20,1,4
BRDA:346,21,0,2
BRDA:346,21,1,6
BRDA:363,22,0,2
BRDA:363,22,1,2
BRDA:385,23,0,1
BRDA:385,23,1,1
BRF:46
BRH:46
end_of_record
TN:
SF:/Users/pabloveyrat/Documents/Angle/Dev/angle-solidity/contracts/staking/AngleDistributorEvents.sol
FNF:0
FNH:0
LF:0
LH:0
BRF:0
BRH:0
end_of_record
TN:
SF:/Users/pabloveyrat/Documents/Angle/Dev/angle-solidity/contracts/staking/RewardsDistributor.sol
FN:59,constructor
FN:91,drip
FN:115,governorWithdrawRewardToken
FN:132,governorRecover
FN:143,setNewRewardsDistributor
FN:163,removeStakingContract
FN:199,setStakingContract
FN:228,setUpdateFrequency
FN:243,setIncentiveAmount
FN:257,setAmountToDistribute
FN:269,setDuration
FN:284,_nextDripAvailable
FN:291,_isDripAvailable
FN:298,_computeDripAmount
FN:316,_timeSinceStart
FN:325,_incentivize
FNF:16
FNH:16
FNDA:20,constructor
FNDA:40,drip
FNDA:1,governorWithdrawRewardToken
FNDA:4,governorRecover
FNDA:11,setNewRewardsDistributor
FNDA:9,removeStakingContract
FNDA:37,setStakingContract
FNDA:34,setUpdateFrequency
FNDA:5,setIncentiveAmount
FNDA:5,setAmountToDistribute
FNDA:9,setDuration
FNDA:38,_nextDripAvailable
FNDA:38,_isDripAvailable
FNDA:34,_computeDripAmount
FNDA:35,_timeSinceStart
FNDA:32,_incentivize
DA:64,20
DA:65,16
DA:66,14
DA:70,14
DA:71,14
DA:72,14
DA:73,14
DA:74,12
DA:75,12
DA:77,12
DA:92,40
DA:93,40
DA:94,38
DA:96,34
DA:97,34
DA:98,34
DA:99,32
DA:100,32
DA:102,32
DA:103,32
DA:104,32
DA:106,30
DA:116,1
DA:117,1
DA:133,4
DA:148,11
DA:149,5
DA:150,3
DA:151,3
DA:153,3
DA:155,3
DA:164,9
DA:165,9
DA:166,9
DA:167,5
DA:168,5
DA:169,1
DA:170,1
DA:171,1
DA:174,5
DA:176,3
DA:178,3
DA:179,3
DA:200,37
DA:201,35
DA:203,31
DA:205,31
DA:207,29
DA:209,29
DA:210,29
DA:211,29
DA:214,29
DA:215,29
DA:216,29
DA:217,29
DA:219,29
DA:230,34
DA:231,34
DA:232,32
DA:233,30
DA:234,30
DA:245,5
DA:246,5
DA:247,3
DA:248,3
DA:259,5
DA:260,5
DA:261,3
DA:262,1
DA:263,1
DA:270,9
DA:271,9
DA:272,7
DA:273,3
DA:274,3
DA:275,1
DA:276,1
DA:285,38
DA:292,38
DA:299,34
DA:300,2
DA:302,32
DA:304,32
DA:305,32
DA:306,32
DA:307,2
DA:309,30
DA:317,35
DA:319,35
DA:320,35
DA:326,32
LF:91
LH:91
BRDA:64,1,0,16
BRDA:64,1,1,4
BRDA:65,2,0,14
BRDA:65,2,1,2
BRDA:73,3,0,12
BRDA:73,3,1,2
BRDA:93,4,0,38
BRDA:93,4,1,2
BRDA:94,5,0,34
BRDA:94,5,1,4
BRDA:98,6,0,32
BRDA:98,6,1,2
BRDA:148,7,0,5
BRDA:148,7,1,6
BRDA:149,8,0,3
BRDA:149,8,1,2
BRDA:166,9,0,5
BRDA:166,9,1,4
BRDA:168,10,0,1
BRDA:168,10,1,4
BRDA:174,11,0,3
BRDA:174,11,1,2
BRDA:200,12,0,35
BRDA:200,12,1,2
BRDA:201,13,0,31
BRDA:201,13,1,4
BRDA:205,14,0,29
BRDA:205,14,1,2
BRDA:231,15,0,32
BRDA:231,15,1,2
BRDA:232,16,0,30
BRDA:232,16,1,2
BRDA:246,17,0,3
BRDA:246,17,1,2
BRDA:260,18,0,3
BRDA:260,18,1,2
BRDA:261,19,0,1
BRDA:261,19,1,2
BRDA:271,20,0,7
BRDA:271,20,1,2
BRDA:272,21,0,3
BRDA:272,21,1,4
BRDA:274,22,0,1
BRDA:274,22,1,2
BRDA:299,23,0,2
BRDA:299,23,1,32
BRDA:306,24,0,2
BRDA:306,24,1,30
BRF:48
BRH:48
end_of_record
TN:
SF:/Users/pabloveyrat/Documents/Angle/Dev/angle-solidity/contracts/staking/StakingRewards.sol
FN:17,onlyRewardsDistribution
FN:74,constructor
FN:97,zeroCheck
FN:104,updateReward
FN:118,totalSupply
FN:125,balanceOf
FN:132,lastTimeRewardApplicable
FN:139,rewardPerToken
FN:153,earned
FN:164,stake
FN:170,withdraw
FN:179,getReward
FN:194,exit
FN:208,stakeOnBehalf
FN:217,_stake
FN:235,notifyRewardAmount
FN:268,recoverERC20
FN:280,setNewRewardsDistribution
FNF:18
FNH:18
FNDA:55,onlyRewardsDistribution
FNDA:33,constructor
FNDA:4,zeroCheck
FNDA:103,updateReward
FNDA:23,totalSupply
FNDA:22,balanceOf
FNDA:187,lastTimeRewardApplicable
FNDA:191,rewardPerToken
FNDA:88,earned
FNDA:36,stake
FNDA:18,withdraw
FNDA:10,getReward
FNDA:8,exit
FNDA:2,stakeOnBehalf
FNDA:38,_stake
FNDA:37,notifyRewardAmount
FNDA:7,recoverERC20
FNDA:1,setNewRewardsDistribution
DA:18,55
DA:19,45
DA:80,33
DA:85,31
DA:86,31
DA:87,31
DA:88,31
DA:90,31
DA:98,4
DA:99,2
DA:105,103
DA:106,103
DA:107,103
DA:108,66
DA:109,66
DA:111,103
DA:119,23
DA:126,22
DA:133,187
DA:140,191
DA:141,107
DA:143,84
DA:154,88
DA:165,36
DA:171,18
DA:172,14
DA:173,14
DA:174,14
DA:175,14
DA:180,10
DA:181,10
DA:182,8
DA:183,8
DA:184,8
DA:195,8
DA:196,8
DA:210,2
DA:218,38
DA:219,34
DA:220,34
DA:221,34
DA:222,34
DA:237,37
DA:239,35
DA:242,2
DA:243,2
DA:244,2
DA:251,37
DA:252,37
DA:254,35
DA:255,35
DA:256,35
DA:269,7
DA:271,3
DA:272,3
DA:281,1
DA:282,1
LF:57
LH:57
BRDA:18,1,0,45
BRDA:18,1,1,10
BRDA:80,2,0,31
BRDA:80,2,1,2
BRDA:98,3,0,2
BRDA:98,3,1,2
BRDA:107,4,0,66
BRDA:107,4,1,37
BRDA:140,5,0,107
BRDA:140,5,1,84
BRDA:171,6,0,14
BRDA:171,6,1,4
BRDA:181,7,0,8
BRDA:181,7,1,2
BRDA:218,8,0,34
BRDA:218,8,1,4
BRDA:237,9,0,35
BRDA:237,9,1,2
BRDA:252,10,0,35
BRDA:252,10,1,2
BRDA:269,11,0,3
BRDA:269,11,1,4
BRF:22
BRH:22
end_of_record
TN:
SF:/Users/pabloveyrat/Documents/Angle/Dev/angle-solidity/contracts/strategies/BaseStrategy.sol
FN:71,constructor
FN:125,harvest
FN:177,withdraw
FN:209,isActive
FN:229,harvestTrigger
FN:348,setEmergencyExit
FN:355,setRewards
FN:368,setRewardAmountAndMinimumAmountMoved
FN:381,setMinReportDelay
FN:392,setMaxReportDelay
FN:403,setDebtThreshold
FN:423,sweep
FNF:12
FNH:12
FNDA:38,constructor
FNDA:38,harvest
FNDA:9,withdraw
FNDA:1,isActive
FNDA:6,harvestTrigger
FNDA:5,setEmergencyExit
FNDA:4,setRewards
FNDA:2,setRewardAmountAndMinimumAmountMoved
FNDA:4,setMinReportDelay
FNDA:3,setMaxReportDelay
FNDA:4,setDebtThreshold
FNDA:7,sweep
DA:77,38
DA:78,38
DA:79,36
DA:80,36
DA:83,28
DA:84,24
DA:87,24
DA:88,24
DA:89,24
DA:90,24
DA:91,24
DA:92,24
DA:97,24
DA:98,24
DA:99,24
DA:100,20
DA:102,20
DA:103,20
DA:104,20
DA:107,20
DA:126,38
DA:127,38
DA:128,38
DA:129,38
DA:130,38
DA:132,7
DA:133,7
DA:134,2
DA:136,3
DA:138,7
DA:141,31
DA:143,38
DA:148,38
DA:149,8
DA:150,8
DA:157,1
DA:164,38
DA:167,38
DA:181,9
DA:183,9
DA:210,1
DA:230,6
DA:233,6
DA:236,5
DA:243,4
DA:245,4
DA:248,3
DA:251,3
DA:253,2
DA:254,2
DA:258,2
DA:260,2
DA:349,5
DA:350,5
DA:356,4
DA:357,2
DA:358,2
DA:370,2
DA:371,2
DA:372,2
DA:382,4
DA:383,4
DA:393,3
DA:394,3
DA:404,4
DA:405,4
DA:424,7
DA:426,3
DA:427,3
DA:430,3
DA:432,1
LF:71
LH:71
BRDA:80,1,0,28
BRDA:80,1,1,8
BRDA:83,2,0,24
BRDA:83,2,1,4
BRDA:99,3,0,20
BRDA:99,3,1,4
BRDA:130,4,0,7
BRDA:130,4,1,31
BRDA:133,5,0,2
BRDA:133,5,1,5
BRDA:135,6,0,3
BRDA:135,6,1,2
BRDA:148,7,0,8
BRDA:148,7,1,30
BRDA:150,8,0,1
BRDA:150,8,1,7
BRDA:233,9,0,1
BRDA:233,9,1,5
BRDA:236,10,0,1
BRDA:236,10,1,4
BRDA:245,11,0,1
BRDA:245,11,1,3
BRDA:251,12,0,1
BRDA:251,12,1,2
BRDA:254,13,0,1
BRDA:254,13,1,1
BRDA:356,14,0,2
BRDA:356,14,1,2
BRDA:424,15,0,3
BRDA:424,15,1,4
BRDA:430,16,0,1
BRDA:430,16,1,2
BRF:32
BRH:32
end_of_record
TN:
SF:/Users/pabloveyrat/Documents/Angle/Dev/angle-solidity/contracts/strategies/Strategy.sol
FN:37,constructor
FN:49,_prepareReturn
FN:133,_estimateAdjustPosition
FN:180,_adjustPosition
FN:209,_withdrawSome
FN:255,_liquidatePosition
FN:274,_liquidateAllPositions
FN:289,lendStatuses
FN:304,lentTotalAssets
FN:313,estimatedTotalAssets
FN:318,numLenders
FN:323,estimatedAPR
FN:339,_protectedTokens
FN:357,manualAllocation
FN:389,setWithdrawalThreshold
FN:396,addLender
FN:409,safeRemoveLender
FN:415,forceRemoveLender
FN:422,_removeLender
FN:461,addGuardian
FN:473,revokeGuardian
FNF:21
FNH:21
FNDA:16,constructor
FNDA:21,_prepareReturn
FNDA:20,_estimateAdjustPosition
FNDA:26,_adjustPosition
FNDA:14,_withdrawSome
FNDA:9,_liquidatePosition
FNDA:3,_liquidateAllPositions
FNDA:1,lendStatuses
FNDA:49,lentTotalAssets
FNDA:27,estimatedTotalAssets
FNDA:1,numLenders
FNDA:3,estimatedAPR
FNDA:1,_protectedTokens
FNDA:7,manualAllocation
FNDA:14,setWithdrawalThreshold
FNDA:19,addLender
FNDA:5,safeRemoveLender
FNDA:1,forceRemoveLender
FNDA:6,_removeLender
FNDA:7,addGuardian
FNDA:8,revokeGuardian
DA:38,16
DA:58,21
DA:59,21
DA:60,21
DA:62,21
DA:64,21
DA:66,21
DA:68,21
DA:70,10
DA:72,0
DA:75,10
DA:78,11
DA:80,11
DA:81,1
DA:83,1
DA:86,1
DA:88,1
DA:89,1
DA:92,1
DA:93,0
DA:94,0
DA:95,0
DA:97,0
DA:103,10
DA:105,10
DA:106,10
DA:109,5
DA:110,5
DA:113,5
DA:114,1
DA:115,1
DA:116,1
DA:118,0
DA:144,20
DA:149,20
DA:150,20
DA:151,20
DA:153,20
DA:154,20
DA:156,20
DA:157,21
DA:158,21
DA:159,20
DA:160,20
DA:163,21
DA:164,9
DA:165,9
DA:166,9
DA:167,9
DA:168,9
DA:174,20
DA:182,26
DA:183,3
DA:186,23
DA:188,23
DA:189,3
DA:192,20
DA:194,20
DA:196,0
DA:199,20
DA:200,20
DA:201,14
DA:202,14
DA:210,14
DA:211,14
DA:212,1
DA:216,13
DA:217,2
DA:220,11
DA:222,11
DA:223,11
DA:224,21
DA:225,21
DA:226,21
DA:227,22
DA:228,21
DA:229,21
DA:230,21
DA:231,21
DA:235,21
DA:236,0
DA:238,21
DA:239,21
DA:241,21
DA:242,2
DA:256,9
DA:258,9
DA:260,1
DA:262,8
DA:263,8
DA:264,4
DA:266,4
DA:275,3
DA:290,1
DA:291,1
DA:292,1
DA:293,1
DA:294,1
DA:295,1
DA:296,1
DA:297,1
DA:298,1
DA:300,1
DA:305,49
DA:306,49
DA:307,47
DA:309,49
DA:314,27
DA:319,1
DA:324,3
DA:325,3
DA:326,1
DA:329,2
DA:331,2
DA:332,2
DA:335,2
DA:340,1
DA:341,1
DA:342,1
DA:358,7
DA:359,7
DA:360,7
DA:361,7
DA:364,7
DA:366,7
DA:367,7
DA:370,7
DA:371,7
DA:372,5
DA:375,7
DA:377,5
DA:378,5
DA:379,5
DA:380,3
DA:383,3
DA:390,14
DA:397,19
DA:399,17
DA:400,6
DA:402,15
DA:404,15
DA:410,5
DA:416,1
DA:423,6
DA:424,6
DA:425,8
DA:426,4
DA:428,4
DA:429,3
DA:434,4
DA:435,1
DA:439,4
DA:442,4
DA:443,2
DA:446,4
DA:448,4
DA:451,2
DA:464,7
DA:466,7
DA:467,7
DA:474,8
DA:475,8
DA:476,8
LF:163
LH:155
BRDA:68,1,0,10
BRDA:68,1,1,11
BRDA:70,2,0,0
BRDA:70,2,1,10
BRDA:80,3,0,1
BRDA:80,3,1,10
BRDA:86,4,0,1
BRDA:86,4,1,0
BRDA:92,5,0,0
BRDA:92,5,1,1
BRDA:93,6,0,0
BRDA:93,6,1,0
BRDA:106,7,0,5
BRDA:106,7,1,5
BRDA:113,8,0,1
BRDA:113,8,1,4
BRDA:114,9,0,1
BRDA:114,9,1,0
BRDA:158,10,0,20
BRDA:158,10,1,1
BRDA:163,11,0,9
BRDA:163,11,1,12
BRDA:165,12,0,9
BRDA:165,12,1,0
BRDA:182,13,0,3
BRDA:182,13,1,23
BRDA:188,14,0,3
BRDA:188,14,1,20
BRDA:194,15,0,0
BRDA:194,15,1,20
BRDA:200,16,0,14
BRDA:200,16,1,6
BRDA:211,17,0,1
BRDA:211,17,1,13
BRDA:216,18,0,2
BRDA:216,18,1,11
BRDA:227,19,0,21
BRDA:227,19,1,1
BRDA:229,20,0,21
BRDA:229,20,1,0
BRDA:235,21,0,0
BRDA:235,21,1,21
BRDA:241,22,0,2
BRDA:241,22,1,19
BRDA:258,23,0,1
BRDA:258,23,1,8
BRDA:263,24,0,4
BRDA:263,24,1,4
BRDA:325,25,0,1
BRDA:325,25,1,2
BRDA:371,26,0,5
BRDA:371,26,1,2
BRDA:375,27,0,5
BRDA:375,27,1,2
BRDA:383,28,0,1
BRDA:383,28,1,2
BRDA:397,29,0,17
BRDA:397,29,1,2
BRDA:400,30,0,4
BRDA:400,30,1,2
BRDA:425,31,0,4
BRDA:425,31,1,4
BRDA:428,32,0,3
BRDA:428,32,1,1
BRDA:429,33,0,3
BRDA:429,33,1,0
BRDA:434,34,0,1
BRDA:434,34,1,3
BRDA:442,35,0,2
BRDA:442,35,1,2
BRDA:451,36,0,0
BRDA:451,36,1,2
BRF:72
BRH:60
end_of_record
TN:
SF:/Users/pabloveyrat/Documents/Angle/Dev/angle-solidity/contracts/strategies/StrategyEvents.sol
FNF:0
FNH:0
LF:0
LH:0
BRF:0
BRH:0
end_of_record
TN:
SF:/Users/pabloveyrat/Documents/Angle/Dev/angle-solidity/contracts/strategies/StrategyStETHAcc.sol
FN:63,constructor
FN:88,estimatedTotalAssets
FN:93,wantBalance
FN:98,stethBalance
FN:103,estimatedAPR
FN:115,_prepareReturn
FN:170,_liquidateAllPositions
FN:176,_adjustPosition
FN:189,_invest
FN:209,_divest
FN:224,_liquidatePosition
FN:256,_protectedTokens
FN:267,updateReferral
FN:273,updateMaxSingleTrade
FN:279,setApr
FN:285,updateSlippageProtectionOut
FN:292,invest
FN:300,rescueStuckEth
FN:311,addGuardian
FN:319,revokeGuardian
FNF:20
FNH:20
FNDA:4,constructor
FNDA:13,estimatedTotalAssets
FNDA:83,wantBalance
FNDA:44,stethBalance
FNDA:1,estimatedAPR
FNDA:10,_prepareReturn
FNDA:4,_liquidateAllPositions
FNDA:14,_adjustPosition
FNDA:6,_invest
FNDA:12,_divest
FNDA:3,_liquidatePosition
FNDA:2,_protectedTokens
FNDA:1,updateReferral
FNDA:2,updateMaxSingleTrade
FNDA:1,setApr
FNDA:1,updateSlippageProtectionOut
FNDA:3,invest
FNDA:1,rescueStuckEth
FNDA:2,addGuardian
FNDA:2,revokeGuardian
DA:64,4
DA:65,2
DA:66,2
DA:67,2
DA:68,2
DA:69,2
DA:70,2
DA:89,13
DA:94,83
DA:99,44
DA:104,1
DA:124,10
DA:125,10
DA:126,10
DA:128,10
DA:130,10
DA:131,9
DA:133,9
DA:135,9
DA:137,6
DA:138,6
DA:139,6
DA:140,1
DA:143,9
DA:146,9
DA:147,8
DA:148,8
DA:150,1
DA:151,1
DA:155,9
DA:156,2
DA:158,1
DA:160,6
DA:163,1
DA:171,4
DA:172,4
DA:177,14
DA:178,14
DA:179,5
DA:180,5
DA:190,6
DA:192,6
DA:194,6
DA:195,6
DA:197,1
DA:200,5
DA:203,6
DA:210,12
DA:213,12
DA:215,12
DA:217,12
DA:219,12
DA:229,3
DA:230,3
DA:231,2
DA:232,2
DA:233,2
DA:234,1
DA:238,3
DA:257,2
DA:258,2
DA:260,2
DA:268,1
DA:274,2
DA:280,1
DA:286,1
DA:293,3
DA:294,1
DA:295,1
DA:301,1
DA:314,2
DA:320,2
LF:72
LH:72
BRDA:64,1,0,2
BRDA:64,1,1,2
BRDA:130,2,0,9
BRDA:130,2,1,1
BRDA:135,3,0,6
BRDA:135,3,1,3
BRDA:139,4,0,1
BRDA:139,4,1,5
BRDA:146,5,0,8
BRDA:146,5,1,1
BRDA:155,6,0,2
BRDA:155,6,1,7
BRDA:157,7,0,1
BRDA:157,7,1,6
BRDA:178,8,0,5
BRDA:178,8,1,9
BRDA:195,9,0,1
BRDA:195,9,1,5
BRDA:230,10,0,2
BRDA:230,10,1,1
BRDA:233,11,0,1
BRDA:233,11,1,1
BRDA:293,12,0,1
BRDA:293,12,1,2
BRF:24
BRH:24
end_of_record
TN:
SF:/Users/pabloveyrat/Documents/Angle/Dev/angle-solidity/contracts/surplus/BaseSurplusConverter.sol
FN:46,constructor
FN:77,setFeeDistributor
FN:97,recoverERC20
FN:105,pause
FN:110,unpause
FN:139,burn
FN:146,sendToFeeDistributor
FNF:7
FNH:7
FNDA:27,constructor
FNDA:3,setFeeDistributor
FNDA:2,recoverERC20
FNDA:1,pause
FNDA:4,unpause
FNDA:2,burn
FNDA:3,sendToFeeDistributor
DA:53,27
DA:54,21
DA:55,21
DA:58,21
DA:59,17
DA:60,15
DA:61,15
DA:62,13
DA:64,13
DA:65,13
DA:66,13
DA:67,13
DA:68,13
DA:70,13
DA:78,3
DA:79,1
DA:80,1
DA:81,1
DA:82,1
DA:83,1
DA:84,1
DA:98,2
DA:99,2
DA:106,1
DA:111,4
DA:140,2
DA:147,3
LF:27
LH:27
BRDA:53,1,0,21
BRDA:53,1,1,6
BRDA:59,2,0,15
BRDA:59,2,1,2
BRDA:61,3,0,13
BRDA:61,3,1,2
BRDA:78,4,0,1
BRDA:78,4,1,2
BRF:8
BRH:8
end_of_record
TN:
SF:/Users/pabloveyrat/Documents/Angle/Dev/angle-solidity/contracts/surplus/SurplusConverterSanTokens.sol
FN:47,constructor
FN:73,buyback
FNF:2
FNH:2
FNDA:5,constructor
FNDA:4,buyback
DA:48,5
DA:49,3
DA:51,3
DA:52,1
DA:53,1
DA:54,1
DA:55,1
DA:74,4
DA:75,2
DA:76,2
DA:78,1
LF:11
LH:11
BRDA:48,1,0,3
BRDA:48,1,1,2
BRDA:74,2,0,2
BRDA:74,2,1,2
BRDA:76,3,0,1
BRDA:76,3,1,1
BRF:6
BRH:6
end_of_record
TN:
SF:/Users/pabloveyrat/Documents/Angle/Dev/angle-solidity/contracts/surplus/SurplusConverterUniV2Sushi.sol
FN:48,constructor
FN:66,addToken
FN:89,getPath
FN:103,revokeToken
FN:133,buyback
FNF:5
FNH:5
FNDA:5,constructor
FNDA:18,addToken
FNDA:14,getPath
FNDA:6,revokeToken
FNDA:9,buyback
DA:49,5
DA:50,1
DA:51,1
DA:67,18
DA:68,16
DA:69,16
DA:70,10
DA:71,5
DA:73,4
DA:75,5
DA:77,5
DA:79,4
DA:81,5
DA:83,10
DA:90,14
DA:91,7
DA:93,7
DA:104,6
DA:105,3
DA:106,3
DA:108,2
DA:109,2
DA:111,1
DA:112,1
DA:113,1
DA:114,1
DA:116,6
DA:135,9
DA:136,9
DA:137,9
DA:138,7
DA:141,4
DA:142,4
DA:143,4
DA:144,4
DA:145,4
DA:146,1
DA:154,3
DA:163,1
DA:165,2
DA:167,5
DA:169,1
LF:42
LH:42
BRDA:49,1,0,1
BRDA:49,1,1,4
BRDA:67,2,0,16
BRDA:67,2,1,2
BRDA:69,3,0,10
BRDA:69,3,1,6
BRDA:70,4,0,5
BRDA:70,4,1,5
BRDA:71,5,0,4
BRDA:71,5,1,1
BRDA:77,6,0,4
BRDA:77,6,1,1
BRDA:90,7,0,7
BRDA:90,7,1,7
BRDA:104,8,0,3
BRDA:104,8,1,3
BRDA:107,9,0,2
BRDA:107,9,1,1
BRDA:137,10,0,7
BRDA:137,10,1,2
BRDA:138,11,0,4
BRDA:138,11,1,3
BRDA:145,12,0,1
BRDA:145,12,1,3
BRDA:162,13,0,1
BRDA:162,13,1,2
BRDA:167,14,0,1
BRDA:167,14,1,4
BRF:28
BRH:28
end_of_record
TN:
SF:/Users/pabloveyrat/Documents/Angle/Dev/angle-solidity/contracts/surplus/SurplusConverterUniV3.sol
FN:39,constructor
FN:54,addToken
FN:80,revokeToken
FN:99,buyback
FNF:4
FNH:4
FNDA:3,constructor
FNDA:15,addToken
FNDA:1,revokeToken
FNDA:4,buyback
DA:40,3
DA:41,1
DA:55,15
DA:56,13
DA:57,11
DA:58,9
DA:60,5
DA:61,5
DA:62,6
DA:63,4
DA:65,3
DA:70,3
DA:71,3
DA:72,2
DA:74,3
DA:75,3
DA:81,1
DA:82,1
DA:83,1
DA:100,4
DA:101,4
DA:102,2
DA:103,2
DA:105,1
LF:24
LH:24
BRDA:40,1,0,1
BRDA:40,1,1,2
BRDA:55,2,0,13
BRDA:55,2,1,2
BRDA:56,3,0,11
BRDA:56,3,1,2
BRDA:57,4,0,9
BRDA:57,4,1,2
BRDA:58,5,0,5
BRDA:58,5,1,4
BRDA:62,6,0,4
BRDA:62,6,1,2
BRDA:71,7,0,2
BRDA:71,7,1,1
BRDA:101,8,0,2
BRDA:101,8,1,2
BRDA:103,9,0,1
BRDA:103,9,1,1
BRF:18
BRH:18
end_of_record
TN:
SF:/Users/pabloveyrat/Documents/Angle/Dev/angle-solidity/contracts/utils/FunctionUtils.sol
FN:26,_piecewiseLinear
FN:71,onlyCompatibleInputArrays
FN:85,onlyCompatibleFees
FN:93,zeroCheck
FNF:4
FNH:4
FNDA:276,_piecewiseLinear
FNDA:608,onlyCompatibleInputArrays
FNDA:726,onlyCompatibleFees
FNDA:644,zeroCheck
DA:31,276
DA:32,39
DA:34,179
DA:36,58
DA:37,58
DA:38,58
DA:39,58
DA:40,56
DA:41,56
DA:42,6
DA:44,50
DA:47,58
DA:51,6
DA:56,52
DA:72,608
DA:73,598
DA:74,1485
DA:75,1473
DA:76,883
DA:79,580
DA:86,726
DA:87,712
DA:94,644
DA:95,626
LF:24
LH:24
BRDA:31,1,0,39
BRDA:31,1,1,237
BRDA:33,2,0,179
BRDA:33,2,1,58
BRDA:41,3,0,6
BRDA:41,3,1,50
BRDA:47,4,0,6
BRDA:47,4,1,52
BRDA:72,5,0,598
BRDA:72,5,1,10
BRDA:74,6,0,1473
BRDA:74,6,1,12
BRDA:75,7,0,883
BRDA:75,7,1,590
BRDA:76,8,0,877
BRDA:76,8,1,6
BRDA:86,9,0,712
BRDA:86,9,1,14
BRDA:94,10,0,626
BRDA:94,10,1,18
BRF:20
BRH:20
end_of_record
TN:
SF:/Users/pabloveyrat/Documents/Angle/Dev/angle-solidity/contracts/utils/PausableMapUpgradeable.sol
FN:30,_pause
FN:39,_unpause
FNF:2
FNH:2
FNDA:240,_pause
FNDA:235,_unpause
DA:31,240
DA:32,236
DA:33,236
DA:40,235
DA:41,229
DA:42,229
LF:6
LH:6
BRDA:31,1,0,236
BRDA:31,1,1,4
BRDA:40,2,0,229
BRDA:40,2,1,6
BRF:4
BRH:4
end_of_record
